****************************************
Report : constraint
        -all_violators
Design : riscv_core
Version: O-2018.06-SP1
Date   : Sun Mar  3 05:32:10 2024
****************************************

   late_timing
   -----------

Endpoint                         Path Delay     Path Required       CRP    Slack Group    Scenario
----------------------------------------------------------------------------------------------------------
No paths.

   early_timing
   -----------

Endpoint                         Path Delay     Path Required       CRP    Slack Group    Scenario
----------------------------------------------------------------------------------------------------------
No paths.

   Mode: func Corner: slow
   Scenario: func_slow
  ---------------------------------------------------------------------------
   Number of max_transition violation(s): 0

   Mode: func Corner: slow
   Scenario: func_slow
   max_capacitance                                                             
                             Required        Actual                            
   Net                      Capacitance    Capacitance       Slack  Violation  
  ---------------------------------------------------------------------------
   id_stage_i/n20              57.08          89.49         -32.41  (VIOLATED) 
     PIN : id_stage_i/U1581/X    57.08        89.49         -32.41  (VIOLATED) 

   id_stage_i/n18              57.08          83.49         -26.41  (VIOLATED) 
     PIN : id_stage_i/U1579/X    57.08        83.49         -26.41  (VIOLATED) 

   id_stage_i/n17              57.08          76.26         -19.18  (VIOLATED) 
     PIN : id_stage_i/U1575/X    57.08        76.26         -19.18  (VIOLATED) 

   id_stage_i/n21              57.08          73.91         -16.83  (VIOLATED) 
     PIN : id_stage_i/U1577/X    57.08        73.91         -16.83  (VIOLATED) 

   id_stage_i/n22              57.08          71.98         -14.90  (VIOLATED) 
     PIN : id_stage_i/U1583/X    57.08        71.98         -14.90  (VIOLATED) 

   id_stage_i/n527             57.08          69.01         -11.93  (VIOLATED) 
     PIN : id_stage_i/U1794/X    57.08        69.01         -11.93  (VIOLATED) 

   id_stage_i/n19              57.08          68.77         -11.69  (VIOLATED) 
     PIN : id_stage_i/U1573/X    57.08        68.77         -11.69  (VIOLATED) 

   if_stage_i/n196             57.08          67.60         -10.52  (VIOLATED) 
     PIN : if_stage_i/U323/X    57.08         67.60         -10.52  (VIOLATED) 

   ex_stage_i/mult_i/short_imm[4]     9.97    14.79          -4.83  (VIOLATED) 
     PIN : ex_stage_i/mult_i/U43/X     9.97    14.79         -4.83  (VIOLATED) 

   if_stage_i/prefetch_32_prefetch_buffer_i/fifo_clear     9.97    11.41    -1.44 (VIOLATED)
     PIN : if_stage_i/prefetch_32_prefetch_buffer_i/U229/X     9.97    11.41    -1.44 (VIOLATED)

   id_stage_i/mult_signed_mode[0]     9.97    10.50          -0.53  (VIOLATED) 
     PIN : id_stage_i/decoder_i/U445/X     9.97    10.50     -0.53  (VIOLATED) 

  ---------------------------------------------------------------------------
   Number of max_capacitance violation(s): 11


   Mode: func Corner: slow
   Scenario: func_slow
  ---------------------------------------------------------------------------
   Number of min_capacitance violation(s): 0

   Total number of violation(s): 11
1
