#@ # 
#@ # Running icc2_shell Version O-2018.06-SP1 for linux64 -- Jul 17, 2018
#@ # Date:   Sun Mar  3 05:30:13 2024
#@ # Run by: ICer@IC_EDA
#@ 

gui_set_pref_value -category {SelectByNamePalette} -key {ObjectType} -value {Logical Cells}
source /mnt/hgfs/Gp_CV32e40p/ASIC-Implementauion-of-CV32E40S-RISC-V-core-/2-Floorplan/scripts/proc_block.tcl
source /mnt/hgfs/Gp_CV32e40p/ASIC-Implementauion-of-CV32E40S-RISC-V-core-/2-Floorplan/scripts/common_setup.tcl
set dir "/mnt/hgfs/Gp_CV32e40p/ASIC-Implementauion-of-CV32E40S-RISC-V-core-/report"
####################################################################################
###################################   FLOORPLAN   ##################################
####################################################################################
set gate_verilo
###############################################################################
set gate_verilog "/mnt/hgfs/Gp_CV32e40p/ASIC-Implementauion-of-CV32E40S-RISC-V-core-/1-Synthesis/runs/run_11/netlists/riscv_core.v"
read_verilog -top $DESIGN $gate_verilog
gui_set_pref_value -category {showRelativeLocationConstraints} -key {macroOffsetX} -value {0.001}
gui_set_pref_value -category {showRelativeLocationConstraints} -key {macroOffsetY} -value {0.001}
link_block
win_set_filter -visible -class cell -filter {hard_macro_margin hard_margin route_blockage_margin soft_margin}
win_set_filter -visible -class placement_blockage -filter {wiring} -layer {0-72}
win_set_filter -expand_cell_types {soft_macro  }
win_set_select_class -visible {cell port bound routing_blockage shaping_blockage pg_region pin_blockage block_shielding topology_node topology_edge core_area die_area edit_group shape via terminal fill_cell placement_blockage }
win_set_filter -class cell -filter {cell_array hard_macro_margin hard_margin route_blockage_margin soft_margin}
win_set_filter -class placement_blockage -filter {wiring} -layer {0-72}
win_set_select_class {cell port bound routing_blockage shaping_blockage pg_region pin_blockage topology_node topology_edge edit_group shape via placement_blockage }
current_design $DESIGN
#read_sdc /home/ICer/cv32e40p_updated/output/${DESIGN}.sdc
source /mnt/hgfs/Gp_CV32e40p/ASIC-Implementauion-of-CV32E40S-RISC-V-core-/2-Floorplan/cons/func_mode.tcl
#load_upf ../../dc/output/compile.upf
#commit_upf
#source /home/ICer/cv32e40p_updated/scripts/Synthesis/cons/cons.tcl
source /mnt/hgfs/Gp_CV32e40p/ASIC-Implementauion-of-CV32E40S-RISC-V-core-/2-Floorplan/scripts/mcmm.tcl
source /mnt/hgfs/Gp_CV32e40p/ASIC-Implementauion-of-CV32E40S-RISC-V-core-/2-Floorplan/cons/dont_use_generic.tcl
save_block -as ${DESIGN}_1_imported
############################################################
set_attribute [get_layers M1] routing_direction vertical
set_attribute [get_layers M2] routing_direction horizontal
set_attribute [get_layers M3] routing_direction vertical
set_attribute [get_layers M4] routing_direction horizontal
set_attribute [get_layers M5] routing_direction vertical
set_attribute [get_layers M6] routing_direction horizontal
set_attribute [get_layers M7] routing_direction vertical
set_attribute [get_layers M8] routing_direction horizontal
set_attribute [get_layers M9] routing_direction vertical
set_attribute [get_layers MRDL] routing_direction horizontal
#set_wire_track_pattern -site_def unit -layer M1  -mode uniform -mask_constraint {mask_two mask_one} #-coord 0.037 -space 0.074 -direction vertical
#./output/ChipTop_pads.v
initialize_floorplan   -core_utilization 0.4   -flip_first_row true   -core_offset {11.25 11.25 11.25 11.25}
# -boundary {{0 0} {700 700}} ########################        place pins with constraints          ######################
set_block_pin_constraints -self -allowed_layers {M6 M7} -sides {1 2 3 4}
place_pins -ports [get_ports *]
#fix the ports
set_attribute [get_ports *] physical_status fixed
get_attribute [get_ports *] is_fixed
#######################         inserting eell tap cells   #####################################
create_tap_cells -lib_cell  [get_lib_cell saed14rvt_ss0p6vm40c/SAEDRVT14_CAPTTAPP6] -pattern stagger -distance 30
#save_block -as ${DESIGN}_2_floorplan
#SAED14_CAPTTAPP6
#get_lib_cells *BOUND*
#create_boundary_cells -tap_distance 20 -left_boun
#set non_physical_cells [get_cells -filter {is_physical == false}]dary_cell <cell name> -right_boundary_cell <cell names>
#set non_physical_cells [get_cells -filter {is_physical == false}]
#create_keepout_margin -type soft -outer {3 0 3 0} [get_cells *]
set_placement_spacing_label -name x  -side both -lib_cells [get_lib_cells -of [get_cells *]]
set_placement_spacing_rule -labels {x x} {0 }
report_placement_spacing_rules
#############
create_net -power $NDM_POWER_NET
create_net -ground $NDM_GROUND_NET
connect_pg_net -net $NDM_POWER_NET [get_pins -hierarchical "*/VDD"]
connect_pg_net -net $NDM_GROUND_NET [get_pins -hierarchical "*/VSS"]
#######
##############################  floorplanning placement ####################
create_placement -floorplan -timing_driven
redirect $::sh_dev_null { set_app_options -name opt.internal.current_block_utilization -value [report_utilization] }
set env(aps_optimize_clock_as_data_nets) 2
set env(aps_optimize_clock_as_data_nets) 1
legalize_placement
###############################  saving Floorplan Block  #######################
save_block -as ${DESIGN}_2_floorplan
##############################  printing Reports  #############################
print_res {fp}
report_qor > $dir/fp/qor.rpt
create_utilization_configuration config_sr             -capacity site_row -exclude {hard_macros macro_keepouts}
report_utilization -config config_sr -verbose > $dir/fp/utilization_site_row.rpt
close_blocks -force -purge
close_lib
check_pg_drc
set_host_options -max_cores 8
set DESIGN riscv_core
source /mnt/hgfs/Gp_CV32e40p/ASIC-Implementauion-of-CV32E40S-RISC-V-core-/2-Floorplan/scripts/proc_block.tcl
set dir "/mnt/hgfs/Gp_CV32e40p/ASIC-Implementauion-of-CV32E40S-RISC-V-core-/report"
open_block /mnt/hgfs/Gp_CV32e40p/ASIC-Implementauion-of-CV32E40S-RISC-V-core-/2-Floorplan/scripts/riscv_core:riscv_core_2_floorplan.design
link_block
link_block
####################################################################################
###################################  POWER PLAN  ###################################
####################################################################################
############################
########  PG RINGS  ########
############################
remove_pg_via_master_rules -all
remove_pg_patterns -all
remove_pg_strategies -all
remove_pg_strategy_via_rules -all
create_pg_ring_pattern ring1     -nets VDD             -horizontal_layer {M8} -vertical_layer {M9 }             -horizontal_width 5 -vertical_width 5             -horizontal_spacing 0.8 -vertical_spacing 0.8             -via_rule {{intersection: all}}
set_pg_strategy ring1_s -core -pattern {{name: ring1} {nets: VDD VSS}} -extension {{stop: design_boundary}}
compile_pg -strategies ring1_s
create_pg_mesh_pattern m9_mesh -layers {{{vertical_layer: M9} {width: 2.5} {spacing: 4} {pitch: 13} {offset: 8}}}
set_pg_strategy m9_mesh -core -extension {{direction: T B L R} {stop: outermost_ring}} -pattern {{name: m9_mesh} {nets: VDD VSS}}
compile_pg -strategies m9_mesh
create_pg_mesh_pattern m8_mesh -layers {{{horizontal_layer: M8} {width: 2.5} {spacing: 4} {pitch: 13} {offset: 8}}}
set_pg_strategy m8_mesh -core -extension {{direction: T B L R} {stop: outermost_ring}} -pattern {{name: m8_mesh} {nets: VDD VSS}}
compile_pg -strategies m8_mesh
create_pg_std_cell_conn_pattern rail_pattern  -rail_width 0.094 -layers {M1}
######### Create rail strategy #########################
set_pg_strategy rail_strat -pattern {{pattern: rail_pattern} {nets: VDD VSS}} -core
######### compile rail #################################
compile_pg -strategies rail_strat
################# design checks ######################
check_pg_connectivity
check_pg_drc
insert_via
check_pg_drc
check_pg_connectivity
gui_show_error_data
gui_set_error_browser_option -show_mode all
gui_set_error_browser_option -view_mode zoom
gui_set_error_browser_option -zoom_factor 1.000000
gui_set_error_browser_option -grouping type
gui_error_browser -show
gui_open_error_data -name {DRC_report_by_check_pg_drc}
gui_open_error_data -name {riscv_core_2_floorplan_floatingPG.err}
gui_open_error_data -name {riscv_core_2_floorplan_floatingPG.err}
gui_set_current_errors -data_name {riscv_core_2_floorplan_floatingPG.err} -group {Floating std cell pin violation}
gui_set_selected_errors -replace [gui_get_errors -data_name {riscv_core_2_floorplan_floatingPG.err} -id {16947}] -force
gui_zoom -window [gui_get_current_window -types Layout -view] -factor 0.5 -at_point {54.735 93.091}
gui_zoom -window [gui_get_current_window -types Layout -view] -factor 0.5 -at_point {54.732 93.088}
gui_set_selected_errors -replace [gui_get_errors -data_name {riscv_core_2_floorplan_floatingPG.err} -id {16949}] -force
gui_zoom -window [gui_get_current_window -types Layout -view] -factor 0.5 -at_point {85.866 115.555}
gui_set_current_errors -data_name {riscv_core_2_floorplan_floatingPG.err} -group {Floating via violation}
gui_set_selected_errors -replace [gui_get_errors -data_name {riscv_core_2_floorplan_floatingPG.err} -id {63268}] -force
gui_zoom -window [gui_get_current_window -types Layout -view] -factor 0.5 -at_point {228.288 213.953}
gui_zoom -window [gui_get_current_window -types Layout -view] -factor 0.5 -at_point {231.765 214.788}
gui_zoom -window [gui_get_current_window -types Layout -view] -factor 2 -at_point {227.873 214.093}
gui_zoom -window [gui_get_current_window -types Layout -view] -factor 2 -at_point {227.871 214.099}
gui_set_selected_errors -replace [gui_get_errors -data_name {riscv_core_2_floorplan_floatingPG.err} -id {63269}] -force
gui_set_selected_errors -replace [gui_get_errors -data_name {riscv_core_2_floorplan_floatingPG.err} -id {63270}] -force
gui_set_selected_errors -replace [gui_get_errors -data_name {riscv_core_2_floorplan_floatingPG.err} -id {63271}] -force
gui_zoom -window [gui_get_current_window -types Layout -view] -factor 0.5 -at_point {162.850 227.924}
gui_zoom -window [gui_get_current_window -types Layout -view] -factor 0.5 -at_point {162.845 227.932}
gui_zoom -window [gui_get_current_window -types Layout -view] -factor 0.5 -at_point {157.377 229.000}
gui_zoom -window [gui_get_current_window -types Layout -view] -factor 0.5 -at_point {157.418 229.007}
gui_zoom -window [gui_get_current_window -types Layout -view] -factor 0.5 -at_point {137.737 216.275}
gui_zoom -window [gui_get_current_window -types Layout -view] -factor 0.5 -at_point {139.068 254.535}
gui_zoom -window [gui_get_current_window -types Layout -view] -factor 0.5 -at_point {115.114 144.079}
gui_zoom -window [gui_get_current_window -types Layout -view] -factor 0.5 -at_point {147.718 68.889}
gui_zoom -window [gui_get_current_window -types Layout -view] -factor 0.5 -at_point {147.456 69.145}
gui_zoom -window [gui_get_current_window -types Layout -view] -factor 0.5 -at_point {147.456 69.145}
gui_zoom -window [gui_get_current_window -types Layout -view] -factor 0.5 -at_point {301.466 183.833}
gui_zoom -window [gui_get_current_window -types Layout -view] -factor 2 -at_point {301.466 183.833}
gui_zoom -window [gui_get_current_window -types Layout -view] -factor 2 -at_point {270.336 183.833}
gui_zoom -window [gui_get_current_window -types Layout -view] -factor 2 -at_point {254.362 183.833}
gui_zoom -window [gui_get_current_window -types Layout -view] -factor 2 -at_point {203.366 212.095}
gui_zoom -window [gui_get_current_window -types Layout -view] -factor 2 -at_point {203.411 212.116}
gui_zoom -window [gui_get_current_window -types Layout -view] -factor 2 -at_point {213.730 214.027}
gui_zoom -window [gui_get_current_window -types Layout -view] -factor 2 -at_point {213.742 214.020}
gui_zoom -window [gui_get_current_window -types Layout -view] -factor 2 -at_point {213.808 214.077}
gui_set_selected_errors -replace [gui_get_errors -data_name {riscv_core_2_floorplan_floatingPG.err} -id {63274}] -force
gui_zoom -window [gui_get_current_window -types Layout -view] -factor 0.5 -at_point {6.839 31.156}
gui_zoom -window [gui_get_current_window -types Layout -view] -factor 0.5 -at_point {6.833 31.158}
gui_set_current_errors -data_name {riscv_core_2_floorplan_floatingPG.err} -group {Floating std cell pin violation}
gui_set_selected_errors -replace [gui_get_errors -data_name {riscv_core_2_floorplan_floatingPG.err} -id {16947}] -force
gui_zoom -window [gui_get_current_window -types Layout -view] -factor 0.5 -at_point {55.115 92.848}
gui_zoom -window [gui_get_current_window -types Layout -view] -factor 0.5 -at_point {55.116 92.850}
gui_zoom -window [gui_get_current_window -types Layout -view] -factor 0.5 -at_point {55.116 92.851}
gui_zoom -window [gui_get_current_window -types Layout -view] -factor 0.5 -at_point {55.114 92.853}
gui_zoom -window [gui_get_current_window -types Layout -view] -factor 0.5 -at_point {55.122 92.863}
gui_zoom -window [gui_get_current_window -types Layout -view] -factor 0.5 -at_point {53.691 94.220}
gui_zoom -window [gui_get_current_window -types Layout -view] -factor 0.5 -at_point {53.690 94.209}
gui_set_current_errors -data_name {DRC_report_by_check_pg_drc}
gui_set_current_errors -data_name {riscv_core_2_floorplan_floatingPG.err} -group {Floating via violation}
gui_set_selected_errors -replace [gui_get_errors -data_name {riscv_core_2_floorplan_floatingPG.err} -id {63268}] -force
gui_zoom -window [gui_get_current_window -types Layout -view] -factor 0.5 -at_point {229.444 214.606}
gui_zoom -window [gui_get_current_window -types Layout -view] -factor 0.5 -at_point {229.443 214.606}
gui_zoom -window [gui_get_current_window -types Layout -view] -factor 0.5 -at_point {229.444 214.600}
gui_zoom -window [gui_get_current_window -types Layout -view] -factor 0.5 -at_point {229.434 214.619}
gui_zoom -window [gui_get_current_window -types Layout -view] -factor 0.5 -at_point {229.447 214.637}
gui_zoom -window [gui_get_current_window -types Layout -view] -factor 0.5 -at_point {186.117 181.530}
gui_zoom -window [gui_get_current_window -types Layout -view] -factor 0.5 -at_point {186.117 181.721}
gui_zoom -window [gui_get_current_window -types Layout -view] -factor 0.5 -at_point {-42.038 68.216}
gui_zoom -window [gui_get_current_window -types Layout -view] -factor 2 -at_point {36.688 25.413}
gui_zoom -window [gui_get_current_window -types Layout -view] -factor 2 -at_point {36.688 25.413}
gui_zoom -window [gui_get_current_window -types Layout -view] -factor 2 -at_point {36.688 25.413}
check_pg_missing_vias
######################### saving Design & printing reports #####################
save_block -as ${DESIGN}_3_after_pns
print_res {pns}
report_qor > $dir/pns/qor.rpt
report_utilization -config config_sr -verbose > $dir/pns/utilization_sire_row.rpt
create_utilization_configuration config_sr             -capacity site_row -exclude {hard_macros macro_keepouts}
report_utilization -config config_sr -verbose > $dir/pns/utilization_sire_row.rpt
#############
create_net -power $NDM_POWER_NET
create_net -ground $NDM_GROUND_NET
connect_pg_net -net $NDM_POWER_NET [get_pins -hierarchical "*/VDD"]
connect_pg_net -net $NDM_GROUND_NET [get_pins -hierarchical "*/VSS"]
#######
check_pg_connectivity
check_pg_drc
check_design -checks pre_placement_stage
suppress_message -force CMD-013
suppress_message -force CMD-013; report_design_mismatch -check_design >> /mnt/hgfs/Gp_CV32e40p/ASIC-Implementauion-of-CV32E40S-RISC-V-core-/2-Floorplan/scripts/check_design2024Mar03054006.log
suppress_message -force CMD-013; check_scan_chain >> /mnt/hgfs/Gp_CV32e40p/ASIC-Implementauion-of-CV32E40S-RISC-V-core-/2-Floorplan/scripts/check_design2024Mar03054006.log
suppress_message -force CMD-013; check_mv_design >> /mnt/hgfs/Gp_CV32e40p/ASIC-Implementauion-of-CV32E40S-RISC-V-core-/2-Floorplan/scripts/check_design2024Mar03054006.log
suppress_message -force CMD-013; check_rp_constraints >> /mnt/hgfs/Gp_CV32e40p/ASIC-Implementauion-of-CV32E40S-RISC-V-core-/2-Floorplan/scripts/check_design2024Mar03054006.log
suppress_message -force CMD-013; check_timing >> /mnt/hgfs/Gp_CV32e40p/ASIC-Implementauion-of-CV32E40S-RISC-V-core-/2-Floorplan/scripts/check_design2024Mar03054006.log
suppress_message -force CMD-013; check_hier_design -stage pre_placement >> /mnt/hgfs/Gp_CV32e40p/ASIC-Implementauion-of-CV32E40S-RISC-V-core-/2-Floorplan/scripts/check_design2024Mar03054006.log
unsuppress_message CMD-013
analyze_lib_cell_placement -lib_cells *
set_app_options -name place.coarse.max_density -value 0.6
set_app_options -name place.coarse.congestion_driven_max_util -value 0.6
set_app_options -name time.disable_recovery_removal_checks -value false
set_app_options -name time.disable_case_analysis -value false
set_app_options -name place.coarse.continue_on_missing_scandef -value true
set_app_options -name opt.common.user_instance_name_prefix -value place
#set_app_options -name place.coarse.congestion_layer_aware  -value true
#set_app_options -name place.coarse.increased_cell_expansion  -value true
#set_app_options -name place.coarse.congestion_expansion_direction  -value horizontal.
#remove_corners estimated_corner
#create_placement -congestion
#legalize_placement
check_pg_drc
analyze_design_violations
place_opt
redirect $::sh_dev_null { set_app_options -name opt.internal.current_block_utilization -value [report_utilization] }














redirect $::sh_dev_null { set_app_options -name opt.internal.current_block_utilization -value [report_utilization] }

redirect $::sh_dev_null { set_app_options -name opt.internal.current_block_utilization -value [report_utilization] }

set_app_options -as_user_default -list {route.global.debug_compact_coef 4}
set_app_options -as_user_default -list {route.global.debug_compact_coef 1}




set_app_options -as_user_default -list {route.global.debug_compact_coef 4}
set_app_options -as_user_default -list {route.global.debug_compact_coef 1}
check_pg_drc
legalize_placement
check_legality -verbos
check_pg_
check_pg_connectivity
gui_zoom -window [gui_get_current_window -types Layout -view] -factor 2 -at_point {76.243 92.866}
gui_zoom -window [gui_get_current_window -types Layout -view] -factor 2 -at_point {76.279 92.884}
gui_zoom -window [gui_get_current_window -types Layout -view] -factor 2 -at_point {90.576 89.993}
gui_zoom -window [gui_get_current_window -types Layout -view] -factor 2 -at_point {90.575 89.992}
gui_zoom -window [gui_get_current_window -types Layout -view] -factor 2 -at_point {90.576 89.988}
gui_open_error_data -name {DRC_report_by_check_pg_drc}
gui_open_error_data -name {DRC_report_by_check_pg_drc}
gui_set_current_errors -data_name {DRC_report_by_check_pg_drc}
gui_open_error_data -name {riscv_core_2_floorplan_floatingPG.err}
gui_open_error_data -name {riscv_core_2_floorplan_floatingPG.err}
gui_set_current_errors -data_name {riscv_core_2_floorplan_floatingPG.err} -group {Floating wire violation}
gui_set_selected_errors -replace [gui_get_errors -data_name {riscv_core_2_floorplan_floatingPG.err} -id {148435}] -force
gui_set_selected_errors -replace [gui_get_errors -data_name {riscv_core_2_floorplan_floatingPG.err} -id {148436}] -force
gui_set_selected_errors -replace [gui_get_errors -data_name {riscv_core_2_floorplan_floatingPG.err} -id {148438}] -force
gui_set_current_errors -data_name {riscv_core_2_floorplan_floatingPG.err} -group {Floating via violation}
gui_set_selected_errors -replace [gui_get_errors -data_name {riscv_core_2_floorplan_floatingPG.err} -id {148485}] -force
gui_set_selected_errors -replace [gui_get_errors -data_name {riscv_core_2_floorplan_floatingPG.err} -id {148486}] -force
gui_set_selected_errors -replace [gui_get_errors -data_name {riscv_core_2_floorplan_floatingPG.err} -id {148488}] -force
gui_zoom -window [gui_get_current_window -types Layout -view] -factor 0.5 -at_point {24.256 168.863}
gui_zoom -window [gui_get_current_window -types Layout -view] -factor 0.5 -at_point {24.251 168.862}
gui_set_setting -window [gui_get_current_window -types Layout -mru] -setting showLayer_NWELL -value false
gui_set_setting -window [gui_get_current_window -types Layout -mru] -setting showLayer_LVTIMP -value false
gui_set_setting -window [gui_get_current_window -types Layout -mru] -setting showLayer_PO -value false
gui_set_setting -window [gui_get_current_window -types Layout -mru] -setting showLayer_M1 -value false
gui_set_setting -window [gui_get_current_window -types Layout -mru] -setting showLayer_M1DMY -value false
gui_set_setting -window [gui_get_current_window -types Layout -mru] -setting showLayer_VIA1 -value false
gui_set_setting -window [gui_get_current_window -types Layout -mru] -setting showLayer_M2 -value false
gui_set_setting -window [gui_get_current_window -types Layout -mru] -setting showLayer_M2DMY -value false
gui_set_setting -window [gui_get_current_window -types Layout -mru] -setting showLayer_VIA2 -value false
gui_set_setting -window [gui_get_current_window -types Layout -mru] -setting showLayer_M3 -value false
gui_set_setting -window [gui_get_current_window -types Layout -mru] -setting showLayer_M3DMY -value false
gui_set_setting -window [gui_get_current_window -types Layout -mru] -setting showLayer_VIA3 -value false
gui_set_setting -window [gui_get_current_window -types Layout -mru] -setting showLayer_M4 -value false
gui_set_setting -window [gui_get_current_window -types Layout -mru] -setting showLayer_M4DMY -value false
gui_set_setting -window [gui_get_current_window -types Layout -mru] -setting showLayer_VIA4 -value false
gui_set_setting -window [gui_get_current_window -types Layout -mru] -setting showLayer_M5 -value false
gui_set_setting -window [gui_get_current_window -types Layout -mru] -setting showLayer_M5DMY -value false
gui_set_setting -window [gui_get_current_window -types Layout -mru] -setting showLayer_VIA5 -value false
gui_set_setting -window [gui_get_current_window -types Layout -mru] -setting showLayer_M6 -value false
gui_set_setting -window [gui_get_current_window -types Layout -mru] -setting showLayer_M6DMY -value false
gui_set_setting -window [gui_get_current_window -types Layout -mru] -setting showLayer_VIA6 -value false
gui_set_setting -window [gui_get_current_window -types Layout -mru] -setting showLayer_M7 -value false
gui_set_setting -window [gui_get_current_window -types Layout -mru] -setting showLayer_M7DMY -value false
gui_set_setting -window [gui_get_current_window -types Layout -mru] -setting showLayer_VIA7 -value false
gui_set_setting -window [gui_get_current_window -types Layout -mru] -setting showLayer_M8 -value false
gui_set_setting -window [gui_get_current_window -types Layout -mru] -setting showLayer_M8DMY -value false
gui_set_setting -window [gui_get_current_window -types Layout -mru] -setting showLayer_VIA8 -value false
gui_set_setting -window [gui_get_current_window -types Layout -mru] -setting showLayer_M9 -value false
gui_set_setting -window [gui_get_current_window -types Layout -mru] -setting showLayer_M9DMY -value false
gui_set_setting -window [gui_get_current_window -types Layout -mru] -setting showLayer_VIARDL -value false
gui_set_setting -window [gui_get_current_window -types Layout -mru] -setting showLayer_MRDL -value false
gui_set_setting -window [gui_get_current_window -types Layout -mru] -setting showLayer_DIFF -value false
gui_set_setting -window [gui_get_current_window -types Layout -mru] -setting showLayer_BJTDMY -value false
gui_set_setting -window [gui_get_current_window -types Layout -mru] -setting showLayer_CPO -value false
gui_set_setting -window [gui_get_current_window -types Layout -mru] -setting showLayer_CTM1 -value false
gui_set_setting -window [gui_get_current_window -types Layout -mru] -setting showLayer_DIFF_15 -value false
gui_set_setting -window [gui_get_current_window -types Layout -mru] -setting showLayer_DIFF_25 -value false
gui_set_setting -window [gui_get_current_window -types Layout -mru] -setting showLayer_DIOD -value false
gui_set_setting -window [gui_get_current_window -types Layout -mru] -setting showLayer_DNW -value false
gui_set_setting -window [gui_get_current_window -types Layout -mru] -setting showLayer_ESD -value false
gui_set_setting -window [gui_get_current_window -types Layout -mru] -setting showLayer_FIN -value false
gui_set_setting -window [gui_get_current_window -types Layout -mru] -setting showLayer_HOTNWL -value false
gui_set_setting -window [gui_get_current_window -types Layout -mru] -setting showLayer_HVTIMP -value false
gui_set_setting -window [gui_get_current_window -types Layout -mru] -setting showLayer_IP -value false
gui_set_setting -window [gui_get_current_window -types Layout -mru] -setting showLayer_LOGO -value false
gui_set_setting -window [gui_get_current_window -types Layout -mru] -setting showLayer_M1PIN -value false
gui_set_setting -window [gui_get_current_window -types Layout -mru] -setting showLayer_M2PIN -value false
gui_set_setting -window [gui_get_current_window -types Layout -mru] -setting showLayer_M3PIN -value false
gui_set_setting -window [gui_get_current_window -types Layout -mru] -setting showLayer_M4PIN -value false
gui_set_setting -window [gui_get_current_window -types Layout -mru] -setting showLayer_M5PIN -value false
gui_set_setting -window [gui_get_current_window -types Layout -mru] -setting showLayer_M6PIN -value false
gui_set_setting -window [gui_get_current_window -types Layout -mru] -setting showLayer_M7PIN -value false
gui_set_setting -window [gui_get_current_window -types Layout -mru] -setting showLayer_M8PIN -value false
gui_set_setting -window [gui_get_current_window -types Layout -mru] -setting showLayer_M9PIN -value false
gui_set_setting -window [gui_get_current_window -types Layout -mru] -setting showLayer_MRPIN -value false
gui_set_setting -window [gui_get_current_window -types Layout -mru] -setting showLayer_NIMP -value false
gui_set_setting -window [gui_get_current_window -types Layout -mru] -setting showLayer_PAD -value false
gui_set_setting -window [gui_get_current_window -types Layout -mru] -setting showLayer_PIMP -value false
gui_set_setting -window [gui_get_current_window -types Layout -mru] -setting showLayer_RM1 -value false
gui_set_setting -window [gui_get_current_window -types Layout -mru] -setting showLayer_RM2 -value false
gui_set_setting -window [gui_get_current_window -types Layout -mru] -setting showLayer_RM3 -value false
gui_set_setting -window [gui_get_current_window -types Layout -mru] -setting showLayer_RM4 -value false
gui_set_setting -window [gui_get_current_window -types Layout -mru] -setting showLayer_RM5 -value false
gui_set_setting -window [gui_get_current_window -types Layout -mru] -setting showLayer_RM6 -value false
gui_set_setting -window [gui_get_current_window -types Layout -mru] -setting showLayer_RM7 -value false
gui_set_setting -window [gui_get_current_window -types Layout -mru] -setting showLayer_RM8 -value false
gui_set_setting -window [gui_get_current_window -types Layout -mru] -setting showLayer_RM9 -value false
gui_set_setting -window [gui_get_current_window -types Layout -mru] -setting showLayer_RMARK -value false
gui_set_setting -window [gui_get_current_window -types Layout -mru] -setting showLayer_RNW -value false
gui_set_setting -window [gui_get_current_window -types Layout -mru] -setting showLayer_SBLK -value false
gui_set_setting -window [gui_get_current_window -types Layout -mru] -setting showLayer_VIA0 -value false
gui_set_setting -window [gui_get_current_window -types Layout -mru] -setting showLayer_prBoundary -value false
gui_set_setting -window [gui_get_current_window -types Layout -mru] -setting showLayer_UNASSIGNED -value false
gui_set_layout_layer_visibility -toggle [get_layers -filter {mask_name == metal8} -quiet]
win_set_filter -visible -class routing_blockage -layer {0-23 25-72}
win_set_filter -visible -class shape -filter {} -layer {0-23 25-72}
win_set_filter -visible -class via -filter {} -layer {0-23 25-72}
win_set_filter -visible -class terminal -filter {}  -layer {0-23 25-72}
win_set_filter -class routing_blockage -layer {0-23 25-72}
win_set_filter -class shape -filter {} -layer {0-23 25-72}
win_set_filter -class via -filter {} -layer {0-23 25-72}
gui_zoom -window [gui_get_current_window -types Layout -view] -factor 2 -at_point {26.022 168.750}
gui_zoom -window [gui_get_current_window -types Layout -view] -factor 2 -at_point {26.022 168.753}
gui_zoom -window [gui_get_current_window -types Layout -view] -factor 2 -at_point {26.022 168.751}
gui_zoom -window [gui_get_current_window -types Layout -view] -factor 0.5 -at_point {26.011 168.778}
gui_zoom -window [gui_get_current_window -types Layout -view] -factor 0.5 -at_point {26.012 168.778}
gui_set_setting -window [gui_get_current_window -types Layout -mru] -setting showLayer_VIA8 -value true
win_set_filter -visible -class routing_blockage -layer {0-23 25 27-72}
win_set_filter -visible -class shape -filter {} -layer {0-23 25 27-72}
win_set_filter -visible -class via -filter {} -layer {0-23 25 27-72}
win_set_filter -visible -class terminal -filter {}  -layer {0-23 25 27-72}
win_set_filter -class routing_blockage -layer {0-23 25 27-72}
win_set_filter -class shape -filter {} -layer {0-23 25 27-72}
win_set_filter -class via -filter {} -layer {0-23 25 27-72}
gui_set_setting -window [gui_get_current_window -types Layout -mru] -setting showLayer_M7 -value true
win_set_filter -visible -class routing_blockage -layer {0-20 22-23 25 27-72}
win_set_filter -visible -class shape -filter {} -layer {0-20 22-23 25 27-72}
win_set_filter -visible -class via -filter {} -layer {0-20 22-23 25 27-72}
win_set_filter -visible -class terminal -filter {}  -layer {0-20 22-23 25 27-72}
win_set_filter -class routing_blockage -layer {0-20 22-23 25 27-72}
win_set_filter -class shape -filter {} -layer {0-20 22-23 25 27-72}
win_set_filter -class via -filter {} -layer {0-20 22-23 25 27-72}
#############
create_net -power $NDM_POWER_NET
create_net -ground $NDM_GROUND_NET
connect_pg_net -net $NDM_POWER_NET [get_pins -hierarchical "*/VDD"]
connect_pg_net -net $NDM_GROUND_NET [get_pins -hierarchical "*/VSS"]
#######
check_pg_connectivity
check_pg_drc
save_block -as ${DESIGN}_4_placed
create_pg_ring_pattern ring2     -nets VSS             -horizontal_layer {M6} -vertical_layer {M7}             -horizontal_width 5 -vertical_width 5             -horizontal_spacing 0.8 -vertical_spacing 0.8             -via_rule {{intersection: all}}
check_pg_drc
create_pg_mesh_pattern m7_mesh -layers {{{vertical_layer: M7} {width: 2.5} {spacing: 4} {pitch: 13} {offset: 8}}}
set_pg_strategy m7_s -core -extension {{direction: T B L R} {stop: outermost_ring}} -pattern {{name: m7_mesh} {nets: VDD VSS}}
compile_pg -strategies m7_s
check_pg_drc
create_pg_mesh_pattern m6_mesh -layers {{{horizontal_layer: M6} {width: 2.5} {spacing: 4} {pitch: 13} {offset: 8}}}
set_pg_strategy m6_s -core -extension {{direction: T B L R} {stop: outermost_ring}} -pattern {{name: m6_mesh} {nets: VDD VSS}}
compile_pg -strategies m6_s
check_pg_drc
create_pg_mesh_pattern m5_mesh -layers {{{vertical_layer: M5} {width: 2.5} {spacing: 4} {pitch: 13} {offset: 8}}}
set_pg_strategy m5_s -core -extension {{direction: T B L R} {stop: core_boundary}} -pattern {{name: m5_mesh} {nets: VDD VSS}}
compile_pg -strategies m5_s
check_pg_drc
gui_zoom -window [gui_get_current_window -types Layout -view] -factor 0.5 -at_point {27.145 167.364}
gui_zoom -window [gui_get_current_window -types Layout -view] -factor 0.5 -at_point {27.155 167.366}
gui_zoom -window [gui_get_current_window -types Layout -view] -factor 0.5 -at_point {32.463 165.199}
gui_zoom -window [gui_get_current_window -types Layout -view] -factor 0.5 -at_point {41.194 179.686}
gui_zoom -window [gui_get_current_window -types Layout -view] -factor 0.5 -at_point {41.255 179.678}
gui_error_browser -hide
gui_show_error_data
gui_error_browser -show
gui_open_error_data -name {riscv_core_2_floorplan_missingVia.err}
gui_open_error_data -name {riscv_core_2_floorplan_missingVia.err}
gui_open_error_data -name {riscv_core_2_floorplan_floatingPG.err}
gui_open_error_data -name {riscv_core_2_floorplan_floatingPG.err}
gui_set_current_errors -data_name {riscv_core_2_floorplan_missingVia.err}
gui_set_current_errors -data_name {riscv_core_2_floorplan_floatingPG.err} -group {Floating via violation} -sub_group {VIA8 (34)}
gui_set_selected_errors -replace [gui_get_errors -data_name {riscv_core_2_floorplan_floatingPG.err} -id {87542}] -force
connect_pg_net -net "VDD" [get_pins -hierarchical "*/VDD"]
connect_pg_net -net "VSS" [get_pins -hierarchical "*/VSS"]
check_pg_drc
gui_open_error_data -name {riscv_core_2_floorplan_floatingPG.err}
gui_open_error_data -name {riscv_core_2_floorplan_floatingPG.err}
gui_set_current_errors -data_name {riscv_core_2_floorplan_floatingPG.err} -group {Floating via violation}
gui_set_selected_errors -replace [gui_get_errors -data_name {riscv_core_2_floorplan_floatingPG.err} -id {87542}] -force
gui_zoom -window [gui_get_current_window -types Layout -view] -factor 0.5 -at_point {227.259 215.508}
gui_zoom -window [gui_get_current_window -types Layout -view] -factor 0.5 -at_point {227.254 215.513}
gui_zoom -window [gui_get_current_window -types Layout -view] -factor 0.5 -at_point {227.172 215.350}
gui_zoom -window [gui_get_current_window -types Layout -view] -factor 0.5 -at_point {227.163 215.343}
gui_zoom -window [gui_get_current_window -types Layout -view] -factor 0.5 -at_point {233.594 199.193}
gui_zoom -window [gui_get_current_window -types Layout -view] -factor 0.5 -at_point {233.506 199.110}
gui_zoom -window [gui_get_current_window -types Layout -view] -factor 0.5 -at_point {233.506 199.301}
gui_zoom -window [gui_get_current_window -types Layout -view] -factor 2 -at_point {47.389 206.562}
gui_zoom -window [gui_get_current_window -types Layout -view] -factor 2 -at_point {47.389 206.562}
gui_zoom -window [gui_get_current_window -types Layout -view] -factor 2 -at_point {230.449 222.422}
gui_set_setting -window [gui_get_current_window -types Layout -mru] -setting showLayer_NWELL -value true
gui_set_setting -window [gui_get_current_window -types Layout -mru] -setting showLayer_LVTIMP -value true
gui_set_setting -window [gui_get_current_window -types Layout -mru] -setting showLayer_PO -value true
gui_set_setting -window [gui_get_current_window -types Layout -mru] -setting showLayer_M1 -value true
gui_set_setting -window [gui_get_current_window -types Layout -mru] -setting showLayer_M1DMY -value true
gui_set_setting -window [gui_get_current_window -types Layout -mru] -setting showLayer_VIA1 -value true
gui_set_setting -window [gui_get_current_window -types Layout -mru] -setting showLayer_M2 -value true
gui_set_setting -window [gui_get_current_window -types Layout -mru] -setting showLayer_M2DMY -value true
gui_set_setting -window [gui_get_current_window -types Layout -mru] -setting showLayer_VIA2 -value true
gui_set_setting -window [gui_get_current_window -types Layout -mru] -setting showLayer_M3 -value true
gui_set_setting -window [gui_get_current_window -types Layout -mru] -setting showLayer_M3DMY -value true
gui_set_setting -window [gui_get_current_window -types Layout -mru] -setting showLayer_VIA3 -value true
gui_set_setting -window [gui_get_current_window -types Layout -mru] -setting showLayer_M4 -value true
gui_set_setting -window [gui_get_current_window -types Layout -mru] -setting showLayer_M4DMY -value true
gui_set_setting -window [gui_get_current_window -types Layout -mru] -setting showLayer_VIA4 -value true
gui_set_setting -window [gui_get_current_window -types Layout -mru] -setting showLayer_M5 -value true
gui_set_setting -window [gui_get_current_window -types Layout -mru] -setting showLayer_M5DMY -value true
gui_set_setting -window [gui_get_current_window -types Layout -mru] -setting showLayer_VIA5 -value true
gui_set_setting -window [gui_get_current_window -types Layout -mru] -setting showLayer_M6 -value true
gui_set_setting -window [gui_get_current_window -types Layout -mru] -setting showLayer_M6DMY -value true
gui_set_setting -window [gui_get_current_window -types Layout -mru] -setting showLayer_VIA6 -value true
gui_set_setting -window [gui_get_current_window -types Layout -mru] -setting showLayer_M7DMY -value true
gui_set_setting -window [gui_get_current_window -types Layout -mru] -setting showLayer_VIA7 -value true
gui_set_setting -window [gui_get_current_window -types Layout -mru] -setting showLayer_M8DMY -value true
gui_set_setting -window [gui_get_current_window -types Layout -mru] -setting showLayer_M9 -value true
gui_set_setting -window [gui_get_current_window -types Layout -mru] -setting showLayer_M9DMY -value true
gui_set_setting -window [gui_get_current_window -types Layout -mru] -setting showLayer_VIARDL -value true
gui_set_setting -window [gui_get_current_window -types Layout -mru] -setting showLayer_MRDL -value true
gui_set_setting -window [gui_get_current_window -types Layout -mru] -setting showLayer_DIFF -value true
gui_set_setting -window [gui_get_current_window -types Layout -mru] -setting showLayer_BJTDMY -value true
gui_set_setting -window [gui_get_current_window -types Layout -mru] -setting showLayer_CPO -value true
gui_set_setting -window [gui_get_current_window -types Layout -mru] -setting showLayer_CTM1 -value true
gui_set_setting -window [gui_get_current_window -types Layout -mru] -setting showLayer_DIFF_15 -value true
gui_set_setting -window [gui_get_current_window -types Layout -mru] -setting showLayer_DIFF_25 -value true
gui_set_setting -window [gui_get_current_window -types Layout -mru] -setting showLayer_DIOD -value true
gui_set_setting -window [gui_get_current_window -types Layout -mru] -setting showLayer_DNW -value true
gui_set_setting -window [gui_get_current_window -types Layout -mru] -setting showLayer_ESD -value true
gui_set_setting -window [gui_get_current_window -types Layout -mru] -setting showLayer_FIN -value true
gui_set_setting -window [gui_get_current_window -types Layout -mru] -setting showLayer_HOTNWL -value true
gui_set_setting -window [gui_get_current_window -types Layout -mru] -setting showLayer_HVTIMP -value true
gui_set_setting -window [gui_get_current_window -types Layout -mru] -setting showLayer_IP -value true
gui_set_setting -window [gui_get_current_window -types Layout -mru] -setting showLayer_LOGO -value true
gui_set_setting -window [gui_get_current_window -types Layout -mru] -setting showLayer_M1PIN -value true
gui_set_setting -window [gui_get_current_window -types Layout -mru] -setting showLayer_M2PIN -value true
gui_set_setting -window [gui_get_current_window -types Layout -mru] -setting showLayer_M3PIN -value true
gui_set_setting -window [gui_get_current_window -types Layout -mru] -setting showLayer_M4PIN -value true
gui_set_setting -window [gui_get_current_window -types Layout -mru] -setting showLayer_M5PIN -value true
gui_set_setting -window [gui_get_current_window -types Layout -mru] -setting showLayer_M6PIN -value true
gui_set_setting -window [gui_get_current_window -types Layout -mru] -setting showLayer_M7PIN -value true
gui_set_setting -window [gui_get_current_window -types Layout -mru] -setting showLayer_M8PIN -value true
gui_set_setting -window [gui_get_current_window -types Layout -mru] -setting showLayer_M9PIN -value true
gui_set_setting -window [gui_get_current_window -types Layout -mru] -setting showLayer_MRPIN -value true
gui_set_setting -window [gui_get_current_window -types Layout -mru] -setting showLayer_NIMP -value true
gui_set_setting -window [gui_get_current_window -types Layout -mru] -setting showLayer_PAD -value true
gui_set_setting -window [gui_get_current_window -types Layout -mru] -setting showLayer_PIMP -value true
gui_set_setting -window [gui_get_current_window -types Layout -mru] -setting showLayer_RM1 -value true
gui_set_setting -window [gui_get_current_window -types Layout -mru] -setting showLayer_RM2 -value true
gui_set_setting -window [gui_get_current_window -types Layout -mru] -setting showLayer_RM3 -value true
gui_set_setting -window [gui_get_current_window -types Layout -mru] -setting showLayer_RM4 -value true
gui_set_setting -window [gui_get_current_window -types Layout -mru] -setting showLayer_RM5 -value true
gui_set_setting -window [gui_get_current_window -types Layout -mru] -setting showLayer_RM6 -value true
gui_set_setting -window [gui_get_current_window -types Layout -mru] -setting showLayer_RM7 -value true
gui_set_setting -window [gui_get_current_window -types Layout -mru] -setting showLayer_RM8 -value true
gui_set_setting -window [gui_get_current_window -types Layout -mru] -setting showLayer_RM9 -value true
gui_set_setting -window [gui_get_current_window -types Layout -mru] -setting showLayer_RMARK -value true
gui_set_setting -window [gui_get_current_window -types Layout -mru] -setting showLayer_RNW -value true
gui_set_setting -window [gui_get_current_window -types Layout -mru] -setting showLayer_SBLK -value true
gui_set_setting -window [gui_get_current_window -types Layout -mru] -setting showLayer_VIA0 -value true
gui_set_setting -window [gui_get_current_window -types Layout -mru] -setting showLayer_prBoundary -value true
gui_set_setting -window [gui_get_current_window -types Layout -mru] -setting showLayer_UNASSIGNED -value true
win_set_filter -visible -class routing_blockage -layer {}
win_set_filter -visible -class shape -filter {} -layer {}
win_set_filter -visible -class via -filter {} -layer {}
win_set_filter -visible -class terminal -filter {}  -layer {}
win_set_filter -class routing_blockage -layer {}
win_set_filter -class shape -filter {} -layer {}
win_set_filter -class via -filter {} -layer {}
gui_zoom -window [gui_get_current_window -types Layout -view] -factor 0.5 -at_point {209.075 212.315}
gui_zoom -window [gui_get_current_window -types Layout -view] -factor 0.5 -at_point {209.047 212.295}
gui_set_layout_layer_visibility -toggle [get_layers -filter {mask_name == metal8} -quiet]
win_set_filter -visible -class routing_blockage -layer {24}
win_set_filter -visible -class shape -filter {} -layer {24}
win_set_filter -visible -class via -filter {} -layer {24}
win_set_filter -visible -class terminal -filter {}  -layer {24}
win_set_filter -class routing_blockage -layer {24}
win_set_filter -class shape -filter {} -layer {24}
win_set_filter -class via -filter {} -layer {24}
gui_zoom -window [gui_get_current_window -types Layout -view] -factor 2 -at_point {161.276 224.906}
gui_zoom -window [gui_get_current_window -types Layout -view] -factor 2 -at_point {161.276 224.906}
gui_zoom -window [gui_get_current_window -types Layout -view] -factor 2 -at_point {153.321 225.489}
gui_zoom -window [gui_get_current_window -types Layout -view] -factor 2 -at_point {153.343 225.499}
gui_zoom -window [gui_get_current_window -types Layout -view] -factor 0.5 -at_point {147.503 226.819}
gui_zoom -window [gui_get_current_window -types Layout -view] -factor 0.5 -at_point {147.527 226.805}
gui_zoom -window [gui_get_current_window -types Layout -view] -factor 0.5 -at_point {177.101 214.585}
gui_zoom -window [gui_get_current_window -types Layout -view] -factor 0.5 -at_point {177.136 214.588}
gui_set_setting -window [gui_get_current_window -types Layout -mru] -setting showLayer_NWELL -value false
gui_set_setting -window [gui_get_current_window -types Layout -mru] -setting showLayer_LVTIMP -value false
gui_set_setting -window [gui_get_current_window -types Layout -mru] -setting showLayer_PO -value false
gui_set_setting -window [gui_get_current_window -types Layout -mru] -setting showLayer_M1 -value false
gui_set_setting -window [gui_get_current_window -types Layout -mru] -setting showLayer_M1DMY -value false
gui_set_setting -window [gui_get_current_window -types Layout -mru] -setting showLayer_VIA1 -value false
gui_set_setting -window [gui_get_current_window -types Layout -mru] -setting showLayer_M2 -value false
gui_set_setting -window [gui_get_current_window -types Layout -mru] -setting showLayer_M2DMY -value false
gui_set_setting -window [gui_get_current_window -types Layout -mru] -setting showLayer_VIA2 -value false
gui_set_setting -window [gui_get_current_window -types Layout -mru] -setting showLayer_M3 -value false
gui_set_setting -window [gui_get_current_window -types Layout -mru] -setting showLayer_M3DMY -value false
gui_set_setting -window [gui_get_current_window -types Layout -mru] -setting showLayer_VIA3 -value false
gui_set_setting -window [gui_get_current_window -types Layout -mru] -setting showLayer_M4 -value false
gui_set_setting -window [gui_get_current_window -types Layout -mru] -setting showLayer_M4DMY -value false
gui_set_setting -window [gui_get_current_window -types Layout -mru] -setting showLayer_VIA4 -value false
gui_set_setting -window [gui_get_current_window -types Layout -mru] -setting showLayer_M5 -value false
gui_set_setting -window [gui_get_current_window -types Layout -mru] -setting showLayer_M5DMY -value false
gui_set_setting -window [gui_get_current_window -types Layout -mru] -setting showLayer_VIA5 -value false
gui_set_setting -window [gui_get_current_window -types Layout -mru] -setting showLayer_M6 -value false
gui_set_setting -window [gui_get_current_window -types Layout -mru] -setting showLayer_M6DMY -value false
gui_set_setting -window [gui_get_current_window -types Layout -mru] -setting showLayer_VIA6 -value false
gui_set_setting -window [gui_get_current_window -types Layout -mru] -setting showLayer_M7 -value false
gui_set_setting -window [gui_get_current_window -types Layout -mru] -setting showLayer_M7DMY -value false
gui_set_setting -window [gui_get_current_window -types Layout -mru] -setting showLayer_VIA7 -value false
gui_set_setting -window [gui_get_current_window -types Layout -mru] -setting showLayer_M8DMY -value false
gui_set_setting -window [gui_get_current_window -types Layout -mru] -setting showLayer_VIA8 -value false
gui_set_setting -window [gui_get_current_window -types Layout -mru] -setting showLayer_M9 -value false
gui_set_setting -window [gui_get_current_window -types Layout -mru] -setting showLayer_M9DMY -value false
gui_set_setting -window [gui_get_current_window -types Layout -mru] -setting showLayer_VIARDL -value false
gui_set_setting -window [gui_get_current_window -types Layout -mru] -setting showLayer_MRDL -value false
gui_set_setting -window [gui_get_current_window -types Layout -mru] -setting showLayer_DIFF -value false
gui_set_setting -window [gui_get_current_window -types Layout -mru] -setting showLayer_BJTDMY -value false
gui_set_setting -window [gui_get_current_window -types Layout -mru] -setting showLayer_CPO -value false
gui_set_setting -window [gui_get_current_window -types Layout -mru] -setting showLayer_CTM1 -value false
gui_set_setting -window [gui_get_current_window -types Layout -mru] -setting showLayer_DIFF_15 -value false
gui_set_setting -window [gui_get_current_window -types Layout -mru] -setting showLayer_DIFF_25 -value false
gui_set_setting -window [gui_get_current_window -types Layout -mru] -setting showLayer_DIOD -value false
gui_set_setting -window [gui_get_current_window -types Layout -mru] -setting showLayer_DNW -value false
gui_set_setting -window [gui_get_current_window -types Layout -mru] -setting showLayer_ESD -value false
gui_set_setting -window [gui_get_current_window -types Layout -mru] -setting showLayer_FIN -value false
gui_set_setting -window [gui_get_current_window -types Layout -mru] -setting showLayer_HOTNWL -value false
gui_set_setting -window [gui_get_current_window -types Layout -mru] -setting showLayer_HVTIMP -value false
gui_set_setting -window [gui_get_current_window -types Layout -mru] -setting showLayer_IP -value false
gui_set_setting -window [gui_get_current_window -types Layout -mru] -setting showLayer_LOGO -value false
gui_set_setting -window [gui_get_current_window -types Layout -mru] -setting showLayer_M1PIN -value false
gui_set_setting -window [gui_get_current_window -types Layout -mru] -setting showLayer_M2PIN -value false
gui_set_setting -window [gui_get_current_window -types Layout -mru] -setting showLayer_M3PIN -value false
gui_set_setting -window [gui_get_current_window -types Layout -mru] -setting showLayer_M4PIN -value false
gui_set_setting -window [gui_get_current_window -types Layout -mru] -setting showLayer_M5PIN -value false
gui_set_setting -window [gui_get_current_window -types Layout -mru] -setting showLayer_M6PIN -value false
gui_set_setting -window [gui_get_current_window -types Layout -mru] -setting showLayer_M7PIN -value false
gui_set_setting -window [gui_get_current_window -types Layout -mru] -setting showLayer_M8PIN -value false
gui_set_setting -window [gui_get_current_window -types Layout -mru] -setting showLayer_M9PIN -value false
gui_set_setting -window [gui_get_current_window -types Layout -mru] -setting showLayer_MRPIN -value false
gui_set_setting -window [gui_get_current_window -types Layout -mru] -setting showLayer_NIMP -value false
gui_set_setting -window [gui_get_current_window -types Layout -mru] -setting showLayer_PAD -value false
gui_set_setting -window [gui_get_current_window -types Layout -mru] -setting showLayer_PIMP -value false
gui_set_setting -window [gui_get_current_window -types Layout -mru] -setting showLayer_RM1 -value false
gui_set_setting -window [gui_get_current_window -types Layout -mru] -setting showLayer_RM2 -value false
gui_set_setting -window [gui_get_current_window -types Layout -mru] -setting showLayer_RM3 -value false
gui_set_setting -window [gui_get_current_window -types Layout -mru] -setting showLayer_RM4 -value false
gui_set_setting -window [gui_get_current_window -types Layout -mru] -setting showLayer_RM5 -value false
gui_set_setting -window [gui_get_current_window -types Layout -mru] -setting showLayer_RM6 -value false
gui_set_setting -window [gui_get_current_window -types Layout -mru] -setting showLayer_RM7 -value false
gui_set_setting -window [gui_get_current_window -types Layout -mru] -setting showLayer_RM8 -value false
gui_set_setting -window [gui_get_current_window -types Layout -mru] -setting showLayer_RM9 -value false
gui_set_setting -window [gui_get_current_window -types Layout -mru] -setting showLayer_RMARK -value false
gui_set_setting -window [gui_get_current_window -types Layout -mru] -setting showLayer_RNW -value false
gui_set_setting -window [gui_get_current_window -types Layout -mru] -setting showLayer_SBLK -value false
gui_set_setting -window [gui_get_current_window -types Layout -mru] -setting showLayer_VIA0 -value false
gui_set_setting -window [gui_get_current_window -types Layout -mru] -setting showLayer_prBoundary -value false
gui_set_setting -window [gui_get_current_window -types Layout -mru] -setting showLayer_UNASSIGNED -value false
win_set_filter -visible -class routing_blockage -layer {0-72}
win_set_filter -visible -class shape -filter {} -layer {0-72}
win_set_filter -visible -class via -filter {} -layer {0-72}
win_set_filter -visible -class terminal -filter {}  -layer {0-72}
win_set_filter -class routing_blockage -layer {0-72}
win_set_filter -class shape -filter {} -layer {0-72}
win_set_filter -class via -filter {} -layer {0-72}
gui_zoom -window [gui_get_current_window -types Layout -view] -factor 2 -at_point {173.123 214.205}
gui_zoom -window [gui_get_current_window -types Layout -view] -factor 2 -at_point {173.123 214.205}
gui_set_layout_layer_visibility -toggle [get_layers -filter {mask_name == metal8} -quiet]
win_set_filter -visible -class routing_blockage -layer {0-23 25-72}
win_set_filter -visible -class shape -filter {} -layer {0-23 25-72}
win_set_filter -visible -class via -filter {} -layer {0-23 25-72}
win_set_filter -visible -class terminal -filter {}  -layer {0-23 25-72}
win_set_filter -class routing_blockage -layer {0-23 25-72}
win_set_filter -class shape -filter {} -layer {0-23 25-72}
win_set_filter -class via -filter {} -layer {0-23 25-72}
gui_zoom -window [gui_get_current_window -types Layout -view] -factor 0.5 -at_point {147.020 218.807}
gui_zoom -window [gui_get_current_window -types Layout -view] -factor 0.5 -at_point {101.657 183.250}
gui_zoom -window [gui_get_current_window -types Layout -view] -factor 0.5 -at_point {85.224 205.033}
gui_zoom -window [gui_get_current_window -types Layout -view] -factor 0.5 -at_point {129.938 260.830}
gui_zoom -window [gui_get_current_window -types Layout -view] -factor 0.5 -at_point {129.938 283.760}
gui_zoom -window [gui_get_current_window -types Layout -view] -factor 2 -at_point {-32.768 162.534}
gui_zoom -window [gui_get_current_window -types Layout -view] -factor 2 -at_point {-16.384 162.534}
gui_zoom -window [gui_get_current_window -types Layout -view] -factor 2 -at_point {-8.601 162.534}
gui_zoom -window [gui_get_current_window -types Layout -view] -factor 2 -at_point {6.349 156.594}
gui_zoom -window [gui_get_current_window -types Layout -view] -factor 0.5 -at_point {48.500 167.402}
gui_zoom -window [gui_get_current_window -types Layout -view] -factor 0.5 -at_point {48.538 167.449}
gui_zoom -window [gui_get_current_window -types Layout -view] -factor 2 -at_point {243.712 209.228}
gui_zoom -window [gui_get_current_window -types Layout -view] -factor 2 -at_point {240.845 209.228}
gui_set_layout_layer_visibility -toggle [get_layers -filter {mask_name == metal9} -quiet]
win_set_filter -visible -class routing_blockage -layer {0-23 25-26 28-72}
win_set_filter -visible -class shape -filter {} -layer {0-23 25-26 28-72}
win_set_filter -visible -class via -filter {} -layer {0-23 25-26 28-72}
win_set_filter -visible -class terminal -filter {}  -layer {0-23 25-26 28-72}
win_set_filter -class routing_blockage -layer {0-23 25-26 28-72}
win_set_filter -class shape -filter {} -layer {0-23 25-26 28-72}
win_set_filter -class via -filter {} -layer {0-23 25-26 28-72}
gui_zoom -window [gui_get_current_window -types Layout -view] -factor 0.5 -at_point {208.015 207.000}
gui_zoom -window [gui_get_current_window -types Layout -view] -factor 0.5 -at_point {208.077 206.975}
gui_zoom -window [gui_get_current_window -types Layout -view] -factor 2 -at_point {200.294 235.852}
gui_zoom -window [gui_get_current_window -types Layout -view] -factor 2 -at_point {223.437 237.900}
gui_set_layout_layer_visibility -toggle [get_layers -filter {mask_name == metal8} -quiet]
gui_set_layout_layer_visibility -toggle [get_layers -filter {mask_name == metal9} -quiet]
gui_set_layout_layer_visibility -toggle [get_layers -filter {mask_name == metal7} -quiet]
win_set_filter -visible -class routing_blockage -layer {0-20 22-72}
win_set_filter -visible -class shape -filter {} -layer {0-20 22-72}
win_set_filter -visible -class via -filter {} -layer {0-20 22-72}
win_set_filter -visible -class terminal -filter {}  -layer {0-20 22-72}
win_set_filter -class routing_blockage -layer {0-20 22-72}
win_set_filter -class shape -filter {} -layer {0-20 22-72}
win_set_filter -class via -filter {} -layer {0-20 22-72}
gui_set_layout_layer_visibility -toggle [get_layers -filter {mask_name == metal6} -quiet]
gui_zoom -window [gui_get_current_window -types Layout -view] -factor 0.5 -at_point {211.290 226.645}
win_set_filter -visible -class routing_blockage -layer {0-17 19-20 22-72}
win_set_filter -visible -class shape -filter {} -layer {0-17 19-20 22-72}
win_set_filter -visible -class via -filter {} -layer {0-17 19-20 22-72}
win_set_filter -visible -class terminal -filter {}  -layer {0-17 19-20 22-72}
win_set_filter -class routing_blockage -layer {0-17 19-20 22-72}
win_set_filter -class shape -filter {} -layer {0-17 19-20 22-72}
win_set_filter -class via -filter {} -layer {0-17 19-20 22-72}
gui_zoom -window [gui_get_current_window -types Layout -view] -factor 0.5 -at_point {211.354 226.636}
gui_zoom -window [gui_get_current_window -types Layout -view] -factor 2 -at_point {224.870 195.711}
gui_zoom -window [gui_get_current_window -types Layout -view] -factor 2 -at_point {224.870 195.711}
gui_zoom -window [gui_get_current_window -types Layout -view] -factor 0.5 -at_point {213.951 186.331}
gui_zoom -window [gui_get_current_window -types Layout -view] -factor 2 -at_point {215.859 214.962}
gui_zoom -window [gui_get_current_window -types Layout -view] -factor 2 -at_point {215.895 214.980}
gui_set_layout_layer_visibility -toggle [get_layers -filter {mask_name == metal7} -quiet]
gui_set_layout_layer_visibility -toggle [get_layers -filter {mask_name == metal6} -quiet]
win_set_filter -visible -class routing_blockage -layer {0-72}
win_set_filter -visible -class shape -filter {} -layer {0-72}
win_set_filter -visible -class via -filter {} -layer {0-72}
win_set_filter -visible -class terminal -filter {}  -layer {0-72}
win_set_filter -class routing_blockage -layer {0-72}
win_set_filter -class shape -filter {} -layer {0-72}
win_set_filter -class via -filter {} -layer {0-72}
gui_set_layout_layer_visibility -toggle [get_layers -filter {mask_name == metal5} -quiet]
win_set_filter -visible -class routing_blockage -layer {0-14 16-72}
win_set_filter -visible -class shape -filter {} -layer {0-14 16-72}
win_set_filter -visible -class via -filter {} -layer {0-14 16-72}
win_set_filter -visible -class terminal -filter {}  -layer {0-14 16-72}
win_set_filter -class routing_blockage -layer {0-14 16-72}
win_set_filter -class shape -filter {} -layer {0-14 16-72}
win_set_filter -class via -filter {} -layer {0-14 16-72}
gui_zoom -window [gui_get_current_window -types Layout -view] -factor 0.5 -at_point {214.651 215.459}
gui_set_layout_layer_visibility -toggle [get_layers -filter {mask_name == metal4} -quiet]
win_set_filter -visible -class routing_blockage -layer {0-11 13-14 16-72}
win_set_filter -visible -class shape -filter {} -layer {0-11 13-14 16-72}
win_set_filter -visible -class via -filter {} -layer {0-11 13-14 16-72}
win_set_filter -visible -class terminal -filter {}  -layer {0-11 13-14 16-72}
win_set_filter -class routing_blockage -layer {0-11 13-14 16-72}
win_set_filter -class shape -filter {} -layer {0-11 13-14 16-72}
win_set_filter -class via -filter {} -layer {0-11 13-14 16-72}
gui_set_layout_layer_visibility -toggle [get_layers -filter {mask_name == metal4} -quiet]
win_set_filter -visible -class routing_blockage -layer {0-14 16-72}
win_set_filter -visible -class shape -filter {} -layer {0-14 16-72}
win_set_filter -visible -class via -filter {} -layer {0-14 16-72}
win_set_filter -visible -class terminal -filter {}  -layer {0-14 16-72}
win_set_filter -class routing_blockage -layer {0-14 16-72}
win_set_filter -class shape -filter {} -layer {0-14 16-72}
win_set_filter -class via -filter {} -layer {0-14 16-72}
gui_zoom -window [gui_get_current_window -types Layout -view] -factor 0.5 -at_point {207.893 219.103}
gui_zoom -window [gui_get_current_window -types Layout -view] -factor 0.5 -at_point {207.872 219.058}
gui_zoom -window [gui_get_current_window -types Layout -view] -factor 2 -at_point {225.690 201.446}
gui_zoom -window [gui_get_current_window -types Layout -view] -factor 2 -at_point {225.690 201.446}
gui_set_layout_layer_visibility -toggle [get_layers -filter {mask_name == metal5} -quiet]
gui_set_layout_layer_visibility -toggle [get_layers -filter {mask_name == metal5} -quiet]
gui_set_layout_layer_visibility -toggle [get_layers -filter {mask_name == metal5} -quiet]
gui_set_layout_layer_visibility -toggle [get_layers -filter {mask_name == metal6} -quiet]
win_set_filter -visible -class routing_blockage -layer {0-17 19-72}
win_set_filter -visible -class shape -filter {} -layer {0-17 19-72}
win_set_filter -visible -class via -filter {} -layer {0-17 19-72}
win_set_filter -visible -class terminal -filter {}  -layer {0-17 19-72}
win_set_filter -class routing_blockage -layer {0-17 19-72}
win_set_filter -class shape -filter {} -layer {0-17 19-72}
win_set_filter -class via -filter {} -layer {0-17 19-72}
gui_set_layout_layer_visibility -toggle [get_layers -filter {mask_name == metal7} -quiet]
win_set_filter -visible -class routing_blockage -layer {0-17 19-20 22-72}
win_set_filter -visible -class shape -filter {} -layer {0-17 19-20 22-72}
win_set_filter -visible -class via -filter {} -layer {0-17 19-20 22-72}
win_set_filter -visible -class terminal -filter {}  -layer {0-17 19-20 22-72}
win_set_filter -class routing_blockage -layer {0-17 19-20 22-72}
win_set_filter -class shape -filter {} -layer {0-17 19-20 22-72}
win_set_filter -class via -filter {} -layer {0-17 19-20 22-72}
gui_zoom -window [gui_get_current_window -types Layout -view] -factor 0.5 -at_point {196.659 214.571}
gui_zoom -window [gui_get_current_window -types Layout -view] -factor 0.5 -at_point {196.608 214.553}
gui_zoom -window [gui_get_current_window -types Layout -view] -factor 2 -at_point {202.752 213.734}
gui_zoom -window [gui_get_current_window -types Layout -view] -factor 2 -at_point {202.752 213.734}
gui_zoom -window [gui_get_current_window -types Layout -view] -factor 0.5 -at_point {217.225 204.135}
gui_zoom -window [gui_get_current_window -types Layout -view] -factor 0.5 -at_point {217.293 204.108}
gui_zoom -window [gui_get_current_window -types Layout -view] -factor 0.5 -at_point {222.003 149.017}
gui_zoom -window [gui_get_current_window -types Layout -view] -factor 0.5 -at_point {222.003 149.426}
gui_zoom -window [gui_get_current_window -types Layout -view] -factor 2 -at_point {-75.366 13.439}
gui_zoom -window [gui_get_current_window -types Layout -view] -factor 2 -at_point {-37.683 13.439}
gui_zoom -window [gui_get_current_window -types Layout -view] -factor 2 -at_point {-18.841 13.439}
gui_zoom -window [gui_get_current_window -types Layout -view] -factor 2 -at_point {20.890 24.498}
gui_zoom -window [gui_get_current_window -types Layout -view] -factor 2 -at_point {20.362 21.597}
gui_zoom -window [gui_get_current_window -types Layout -view] -factor 2 -at_point {20.397 21.614}
gui_set_setting -window [gui_get_current_window -types Layout -mru] -setting showLayer_VIA6 -value true
gui_set_setting -window [gui_get_current_window -types Layout -mru] -setting showLayer_M7 -value false
win_set_filter -visible -class routing_blockage -layer {0-17 19 21-72}
win_set_filter -visible -class shape -filter {} -layer {0-17 19 21-72}
win_set_filter -visible -class via -filter {} -layer {0-17 19 21-72}
win_set_filter -visible -class terminal -filter {}  -layer {0-17 19 21-72}
win_set_filter -class routing_blockage -layer {0-17 19 21-72}
win_set_filter -class shape -filter {} -layer {0-17 19 21-72}
win_set_filter -class via -filter {} -layer {0-17 19 21-72}
gui_zoom -window [gui_get_current_window -types Layout -view] -factor 0.5 -at_point {26.204 25.282}
gui_zoom -window [gui_get_current_window -types Layout -view] -factor 0.5 -at_point {26.184 25.266}
gui_zoom -window [gui_get_current_window -types Layout -view] -factor 0.5 -at_point {77.622 34.410}
gui_zoom -window [gui_get_current_window -types Layout -view] -factor 0.5 -at_point {77.619 34.329}
gui_zoom -window [gui_get_current_window -types Layout -view] -factor 0.5 -at_point {109.363 66.687}
gui_zoom -window [gui_get_current_window -types Layout -view] -factor 0.5 -at_point {98.304 101.913}
gui_zoom -window [gui_get_current_window -view] -full
gui_zoom -window [gui_get_current_window -types Layout -view] -factor 2 -at_point {112.000 178.723}
gui_zoom -window [gui_get_current_window -types Layout -view] -factor 2 -at_point {112.026 178.713}
gui_set_current_errors -data_name {riscv_core_2_floorplan_floatingPG.err} -group {Floating wire violation}
gui_set_selected_errors -replace [gui_get_errors -data_name {riscv_core_2_floorplan_floatingPG.err} -id {87456}] -force
gui_set_current_errors -data_name {riscv_core_2_floorplan_floatingPG.err} -group {Floating std cell pin violation}
gui_set_selected_errors -replace [gui_get_errors -data_name {riscv_core_2_floorplan_floatingPG.err} -id {35154}] -force
gui_zoom -window [gui_get_current_window -types Layout -view] -factor 0.5 -at_point {159.907 168.422}
gui_zoom -window [gui_get_current_window -types Layout -view] -factor 0.5 -at_point {160.028 168.519}
gui_zoom -window [gui_get_current_window -types Layout -view] -factor 0.5 -at_point {160.030 168.519}
gui_zoom -window [gui_get_current_window -types Layout -view] -factor 0.5 -at_point {160.033 168.516}
gui_zoom -window [gui_get_current_window -types Layout -view] -factor 0.5 -at_point {160.027 168.515}
gui_zoom -window [gui_get_current_window -types Layout -view] -factor 2 -at_point {168.448 163.895}
gui_zoom -window [gui_get_current_window -types Layout -view] -factor 2 -at_point {168.452 163.902}
gui_zoom -window [gui_get_current_window -types Layout -view] -factor 2 -at_point {168.449 163.900}
gui_zoom -window [gui_get_current_window -types Layout -view] -factor 2 -at_point {168.831 163.746}
gui_zoom -window [gui_get_current_window -types Layout -view] -factor 2 -at_point {168.831 163.745}
gui_zoom -window [gui_get_current_window -types Layout -view] -factor 0.5 -at_point {168.661 163.883}
gui_zoom -window [gui_get_current_window -types Layout -view] -factor 0.5 -at_point {168.146 164.058}
gui_zoom -window [gui_get_current_window -types Layout -view] -factor 0.5 -at_point {168.144 164.058}
gui_zoom -window [gui_get_current_window -types Layout -view] -factor 0.5 -at_point {170.903 163.525}
gui_zoom -window [gui_get_current_window -types Layout -view] -factor 2 -at_point {168.395 161.522}
gui_zoom -window [gui_get_current_window -types Layout -view] -factor 2 -at_point {168.396 161.520}
save_block -as ${DESIGN}_4_placed
report_utilization -config config_sr -verbose > $dir/placement/utilization_sire_row.rpt
save_block -as ${DESIGN}_4_placed
print_res {placement}
report_qor > $dir/placement/qor.rpt
report_utilization -config config_sr -verbose > $dir/placement/utilization_sire_row.rpt
close_blocks -force -purge
gui_clear_selected_errors
close_lib
set_host_options -max_cores 8
set DESIGN riscv_core
source /mnt/hgfs/Gp_CV32e40p/ASIC-Implementauion-of-CV32E40S-RISC-V-core-/2-Floorplan/scripts/proc_block.tcl
set dir "/mnt/hgfs/Gp_CV32e40p/ASIC-Implementauion-of-CV32E40S-RISC-V-core-/report"
open_block /mnt/hgfs/Gp_CV32e40p/2-Floorplan/scripts/riscv_core:riscv_core_4_placed.design
link_block
########
open_block /mnt/hgfs/Gp_CV32e40p/ASIC-Implementauion-of-CV32E40S-RISC-V-core-/2-Floorplan/scripts/riscv_core:riscv_core_4_placed.design
win_set_filter -visible -class routing_blockage -layer {}
win_set_filter -visible -class shape -filter {} -layer {}
win_set_filter -visible -class via -filter {} -layer {}
win_set_filter -visible -class terminal -filter {}  -layer {}
win_set_filter -class routing_blockage -layer {}
win_set_filter -class shape -filter {} -layer {}
win_set_filter -class via -filter {} -layer {}
link_block
link_block
gui_zoom -window [gui_get_current_window -types Layout -view] -factor 2 -at_point {155.290 94.525}
gui_zoom -window [gui_get_current_window -types Layout -view] -factor 2 -at_point {155.238 94.540}
gui_zoom -window [gui_get_current_window -types Layout -view] -factor 2 -at_point {131.583 94.141}
gui_zoom -window [gui_get_current_window -types Layout -view] -factor 0.5 -at_point {67.606 213.097}
gui_zoom -window [gui_get_current_window -types Layout -view] -factor 0.5 -at_point {67.606 213.316}
gui_zoom -window [gui_get_current_window -types Layout -view] -factor 2 -at_point {122.042 103.567}
gui_zoom -window [gui_get_current_window -types Layout -view] -factor 2 -at_point {122.042 103.567}
gui_zoom -window [gui_get_current_window -types Layout -view] -factor 2 -at_point {122.042 103.567}
gui_zoom -window [gui_get_current_window -types Layout -view] -factor 2 -at_point {122.042 103.567}
gui_zoom -window [gui_get_current_window -types Layout -view] -factor 2 -at_point {121.616 104.166}
gui_zoom -window [gui_get_current_window -types Layout -view] -factor 2 -at_point {121.604 104.161}
gui_zoom -window [gui_get_current_window -types Layout -view] -factor 2 -at_point {121.606 104.155}
gui_zoom -window [gui_get_current_window -types Layout -view] -factor 2 -at_point {121.235 104.739}
gui_zoom -window [gui_get_current_window -types Layout -view] -factor 2 -at_point {121.234 104.740}
gui_zoom -window [gui_get_current_window -types Layout -view] -factor 0.5 -at_point {121.233 104.741}
gui_zoom -window [gui_get_current_window -types Layout -view] -factor 0.5 -at_point {121.101 104.779}
gui_zoom -window [gui_get_current_window -types Layout -view] -factor 0.5 -at_point {121.099 104.779}
gui_zoom -window [gui_get_current_window -types Layout -view] -factor 0.5 -at_point {121.095 104.779}
gui_zoom -window [gui_get_current_window -types Layout -view] -factor 0.5 -at_point {121.099 104.770}
gui_zoom -window [gui_get_current_window -types Layout -view] -factor 0.5 -at_point {121.086 104.793}
gui_zoom -window [gui_get_current_window -types Layout -view] -factor 2 -at_point {51.610 0.127}
gui_zoom -window [gui_get_current_window -types Layout -view] -factor 2 -at_point {51.569 0.109}
gui_zoom -window [gui_get_current_window -types Layout -view] -factor 2 -at_point {51.580 0.091}
gui_set_setting -window [gui_get_current_window -types Layout -mru] -setting showLayer_NWELL -value false
gui_set_setting -window [gui_get_current_window -types Layout -mru] -setting showLayer_LVTIMP -value false
gui_set_setting -window [gui_get_current_window -types Layout -mru] -setting showLayer_PO -value false
gui_set_setting -window [gui_get_current_window -types Layout -mru] -setting showLayer_M1 -value false
gui_set_setting -window [gui_get_current_window -types Layout -mru] -setting showLayer_M1DMY -value false
gui_set_setting -window [gui_get_current_window -types Layout -mru] -setting showLayer_VIA1 -value false
gui_set_setting -window [gui_get_current_window -types Layout -mru] -setting showLayer_M2 -value false
gui_set_setting -window [gui_get_current_window -types Layout -mru] -setting showLayer_M2DMY -value false
gui_set_setting -window [gui_get_current_window -types Layout -mru] -setting showLayer_VIA2 -value false
gui_set_setting -window [gui_get_current_window -types Layout -mru] -setting showLayer_M3 -value false
gui_set_setting -window [gui_get_current_window -types Layout -mru] -setting showLayer_M3DMY -value false
gui_set_setting -window [gui_get_current_window -types Layout -mru] -setting showLayer_VIA3 -value false
gui_set_setting -window [gui_get_current_window -types Layout -mru] -setting showLayer_M4 -value false
gui_set_setting -window [gui_get_current_window -types Layout -mru] -setting showLayer_M4DMY -value false
gui_set_setting -window [gui_get_current_window -types Layout -mru] -setting showLayer_VIA4 -value false
gui_set_setting -window [gui_get_current_window -types Layout -mru] -setting showLayer_M5 -value false
gui_set_setting -window [gui_get_current_window -types Layout -mru] -setting showLayer_M5DMY -value false
gui_set_setting -window [gui_get_current_window -types Layout -mru] -setting showLayer_VIA5 -value false
gui_set_setting -window [gui_get_current_window -types Layout -mru] -setting showLayer_M6 -value false
gui_set_setting -window [gui_get_current_window -types Layout -mru] -setting showLayer_M6DMY -value false
gui_set_setting -window [gui_get_current_window -types Layout -mru] -setting showLayer_VIA6 -value false
gui_set_setting -window [gui_get_current_window -types Layout -mru] -setting showLayer_M7 -value false
gui_set_setting -window [gui_get_current_window -types Layout -mru] -setting showLayer_M7DMY -value false
gui_set_setting -window [gui_get_current_window -types Layout -mru] -setting showLayer_VIA7 -value false
gui_set_setting -window [gui_get_current_window -types Layout -mru] -setting showLayer_M8 -value false
gui_set_setting -window [gui_get_current_window -types Layout -mru] -setting showLayer_M8DMY -value false
gui_set_setting -window [gui_get_current_window -types Layout -mru] -setting showLayer_VIA8 -value false
gui_set_setting -window [gui_get_current_window -types Layout -mru] -setting showLayer_M9 -value false
gui_set_setting -window [gui_get_current_window -types Layout -mru] -setting showLayer_M9DMY -value false
gui_set_setting -window [gui_get_current_window -types Layout -mru] -setting showLayer_VIARDL -value false
gui_set_setting -window [gui_get_current_window -types Layout -mru] -setting showLayer_MRDL -value false
gui_set_setting -window [gui_get_current_window -types Layout -mru] -setting showLayer_DIFF -value false
gui_set_setting -window [gui_get_current_window -types Layout -mru] -setting showLayer_BJTDMY -value false
gui_set_setting -window [gui_get_current_window -types Layout -mru] -setting showLayer_CPO -value false
gui_set_setting -window [gui_get_current_window -types Layout -mru] -setting showLayer_CTM1 -value false
gui_set_setting -window [gui_get_current_window -types Layout -mru] -setting showLayer_DIFF_15 -value false
gui_set_setting -window [gui_get_current_window -types Layout -mru] -setting showLayer_DIFF_25 -value false
gui_set_setting -window [gui_get_current_window -types Layout -mru] -setting showLayer_DIOD -value false
gui_set_setting -window [gui_get_current_window -types Layout -mru] -setting showLayer_DNW -value false
gui_set_setting -window [gui_get_current_window -types Layout -mru] -setting showLayer_ESD -value false
gui_set_setting -window [gui_get_current_window -types Layout -mru] -setting showLayer_FIN -value false
gui_set_setting -window [gui_get_current_window -types Layout -mru] -setting showLayer_HOTNWL -value false
gui_set_setting -window [gui_get_current_window -types Layout -mru] -setting showLayer_HVTIMP -value false
gui_set_setting -window [gui_get_current_window -types Layout -mru] -setting showLayer_IP -value false
gui_set_setting -window [gui_get_current_window -types Layout -mru] -setting showLayer_LOGO -value false
gui_set_setting -window [gui_get_current_window -types Layout -mru] -setting showLayer_M1PIN -value false
gui_set_setting -window [gui_get_current_window -types Layout -mru] -setting showLayer_M2PIN -value false
gui_set_setting -window [gui_get_current_window -types Layout -mru] -setting showLayer_M3PIN -value false
gui_set_setting -window [gui_get_current_window -types Layout -mru] -setting showLayer_M4PIN -value false
gui_set_setting -window [gui_get_current_window -types Layout -mru] -setting showLayer_M5PIN -value false
gui_set_setting -window [gui_get_current_window -types Layout -mru] -setting showLayer_M6PIN -value false
gui_set_setting -window [gui_get_current_window -types Layout -mru] -setting showLayer_M7PIN -value false
gui_set_setting -window [gui_get_current_window -types Layout -mru] -setting showLayer_M8PIN -value false
gui_set_setting -window [gui_get_current_window -types Layout -mru] -setting showLayer_M9PIN -value false
gui_set_setting -window [gui_get_current_window -types Layout -mru] -setting showLayer_MRPIN -value false
gui_set_setting -window [gui_get_current_window -types Layout -mru] -setting showLayer_NIMP -value false
gui_set_setting -window [gui_get_current_window -types Layout -mru] -setting showLayer_PAD -value false
gui_set_setting -window [gui_get_current_window -types Layout -mru] -setting showLayer_PIMP -value false
gui_set_setting -window [gui_get_current_window -types Layout -mru] -setting showLayer_RM1 -value false
gui_set_setting -window [gui_get_current_window -types Layout -mru] -setting showLayer_RM2 -value false
gui_set_setting -window [gui_get_current_window -types Layout -mru] -setting showLayer_RM3 -value false
gui_set_setting -window [gui_get_current_window -types Layout -mru] -setting showLayer_RM4 -value false
gui_set_setting -window [gui_get_current_window -types Layout -mru] -setting showLayer_RM5 -value false
gui_set_setting -window [gui_get_current_window -types Layout -mru] -setting showLayer_RM6 -value false
gui_set_setting -window [gui_get_current_window -types Layout -mru] -setting showLayer_RM7 -value false
gui_set_setting -window [gui_get_current_window -types Layout -mru] -setting showLayer_RM8 -value false
gui_set_setting -window [gui_get_current_window -types Layout -mru] -setting showLayer_RM9 -value false
gui_set_setting -window [gui_get_current_window -types Layout -mru] -setting showLayer_RMARK -value false
gui_set_setting -window [gui_get_current_window -types Layout -mru] -setting showLayer_RNW -value false
gui_set_setting -window [gui_get_current_window -types Layout -mru] -setting showLayer_SBLK -value false
gui_set_setting -window [gui_get_current_window -types Layout -mru] -setting showLayer_VIA0 -value false
gui_set_setting -window [gui_get_current_window -types Layout -mru] -setting showLayer_prBoundary -value false
gui_set_setting -window [gui_get_current_window -types Layout -mru] -setting showLayer_UNASSIGNED -value false
gui_set_layout_layer_visibility -toggle [get_layers -filter {mask_name == metal1} -quiet]
win_set_filter -visible -class routing_blockage -layer {0-2 4-72}
win_set_filter -visible -class shape -filter {} -layer {0-2 4-72}
win_set_filter -visible -class via -filter {} -layer {0-2 4-72}
win_set_filter -visible -class terminal -filter {}  -layer {0-2 4-72}
win_set_filter -class routing_blockage -layer {0-2 4-72}
win_set_filter -class shape -filter {} -layer {0-2 4-72}
win_set_filter -class via -filter {} -layer {0-2 4-72}
gui_zoom -window [gui_get_current_window -types Layout -view] -factor 2 -at_point {3.686 62.386}
gui_zoom -window [gui_get_current_window -types Layout -view] -factor 2 -at_point {10.846 63.138}
gui_zoom -window [gui_get_current_window -types Layout -view] -factor 2 -at_point {13.291 64.145}
gui_zoom -window [gui_get_current_window -types Layout -view] -factor 2 -at_point {13.281 64.153}
gui_zoom -window [gui_get_current_window -types Layout -view] -factor 0.5 -at_point {10.922 64.981}
gui_zoom -window [gui_get_current_window -types Layout -view] -factor 0.5 -at_point {10.990 64.991}
gui_zoom -window [gui_get_current_window -types Layout -view] -factor 0.5 -at_point {13.198 63.678}
gui_zoom -window [gui_get_current_window -types Layout -view] -factor 0.5 -at_point {11.609 64.681}
gui_zoom -window [gui_get_current_window -types Layout -view] -factor 0.5 -at_point {11.674 64.639}
gui_zoom -window [gui_get_current_window -types Layout -view] -factor 2 -at_point {0.819 63.001}
gui_zoom -window [gui_get_current_window -types Layout -view] -factor 2 -at_point {0.819 63.001}
gui_zoom -window [gui_get_current_window -types Layout -view] -factor 2 -at_point {0.819 63.036}
gui_zoom -window [gui_get_current_window -types Layout -view] -factor 2 -at_point {0.818 63.020}
gui_zoom -window [gui_get_current_window -types Layout -view] -factor 0.5 -at_point {3.499 64.562}
gui_zoom -window [gui_get_current_window -types Layout -view] -factor 2 -at_point {-1.480 63.547}
gui_zoom -window [gui_get_current_window -types Layout -view] -factor 2 -at_point {7.373 54.399}
gui_zoom -window [gui_get_current_window -types Layout -view] -factor 2 -at_point {7.367 54.441}
gui_zoom -window [gui_get_current_window -types Layout -view] -factor 2 -at_point {7.361 54.431}
gui_zoom -window [gui_get_current_window -types Layout -view] -factor 2 -at_point {10.854 32.690}
gui_zoom -window [gui_get_current_window -types Layout -view] -factor 2 -at_point {10.846 32.544}
gui_zoom -window [gui_get_current_window -types Layout -view] -factor 2 -at_point {10.837 32.553}
gui_zoom -window [gui_get_current_window -types Layout -view] -factor 2 -at_point {2.048 53.580}
gui_zoom -window [gui_get_current_window -types Layout -view] -factor 2 -at_point {2.046 53.622}
gui_zoom -window [gui_get_current_window -types Layout -view] -factor 2 -at_point {2.045 53.614}
gui_zoom -window [gui_get_current_window -types Layout -view] -factor 2 -at_point {12.106 56.389}
gui_zoom -window [gui_get_current_window -types Layout -view] -factor 0.5 -at_point {10.655 55.189}
gui_zoom -window [gui_get_current_window -types Layout -view] -factor 0.5 -at_point {10.634 55.189}
gui_zoom -window [gui_get_current_window -types Layout -view] -factor 0.5 -at_point {14.320 52.201}
gui_zoom -window [gui_get_current_window -types Layout -view] -factor 0.5 -at_point {14.359 52.144}
gui_zoom -window [gui_get_current_window -types Layout -view] -factor 0.5 -at_point {9.774 19.277}
gui_zoom -window [gui_get_current_window -types Layout -view] -factor 0.5 -at_point {9.772 19.281}
gui_zoom -window [gui_get_current_window -types Layout -view] -factor 0.5 -at_point {9.765 19.284}
gui_zoom -window [gui_get_current_window -types Layout -view] -factor 0.5 -at_point {9.757 19.286}
gui_zoom -window [gui_get_current_window -types Layout -view] -factor 0.5 -at_point {7.336 22.836}
gui_zoom -window [gui_get_current_window -types Layout -view] -factor 0.5 -at_point {7.261 22.929}
gui_zoom -window [gui_get_current_window -types Layout -view] -factor 2 -at_point {50.046 235.047}
gui_zoom -window [gui_get_current_window -types Layout -view] -factor 2 -at_point {50.046 235.047}
gui_zoom -window [gui_get_current_window -types Layout -view] -factor 2 -at_point {50.774 234.994}
########################get_lib_cells */*BUFF*
get_lib_cells */*BUFF*
get_lib_cells */*buf*
get_lib_cell */*buf*
get_lib_cells */*inv*
