****************************************
Report : design
Design : riscv_core
Version: O-2018.06-SP1
Date   : Thu Mar  7 04:47:10 2024
****************************************

Total number of std cells in library : 881
Total number of dont_use lib cells   : 560
Total number of dont_touch lib cells : 18
Total number of buffers              : 59
Total number of inverters            : 51
Total number of flip-flops           : 171
Total number of latches              : 45
Total number of ICGs                 : 30

Cell Instance Type  Count         Area
--------------------------------------
TOTAL LEAF CELLS    30540    19716.042
Standard cells      27833    18273.752
Hard macro cells        0        0.000
Soft macro cells        0        0.000
Always on cells         0        0.000
Physical only        2707     1442.290
Fixed cells          2707     1442.290
Moveable cells      27833    18273.752
Sequential           2203     3129.490
Buffer/inverter      5526     1519.324
ICG cells               1        2.442

Logic Hierarchies                    : 73
Design Masters count                 : 80
Total Flat nets count                : 28094
Total FloatingNets count             : 53
Total no of Ports                    : 484
Number of Master Clocks in design    : 1
Number of Generated Clocks in design : 0
Number of Path Groups in design      : 7 (1 of them Non Default)
Number of Scan Chains in design      : 0
List of Modes                        : func
List of Corners                      : slow, fast
List of Scenarios                    : func_fast, func_slow

Core Area                            : 46479.874
Chip Area                            : 56687.764
Total Site Row Area                  : 46479.874
Number of Blockages                  : 0
Total area of Blockages              : 0.000
Number of Power Domains              : 1
Number of Voltage Areas              : 1
Number of Group Bounds               : 0
Number of Exclusive MoveBounds       : 0
Number of Hard or Soft MoveBounds    : 0
Number of Multibit Registers         : 0
Number of Multibit LS/ISO Cells      : 0
Number of Top Level RP Groups        : 0
Number of Tech Layers                : 63 (53 of them have unknown routing dir.)

Total wire length                    : 7048.29 micron
Total number of wires                : 7916
Total number of contacts             : 10889
1
