****************************************
Report : power
        -significant_digits 2
Design : riscv_core
Version: O-2018.06-SP1
Date   : Thu Mar  7 04:46:41 2024
****************************************
Information: Doing activity propagation for mode 'func' and corner 'slow' with effort level 'medium'. (POW-024)
Information: Timer-derived activity data is cached on scenario func_slow (POW-052)
Scenario func_slow, iteration 1: expecting at least 5
Scenario func_slow, iteration 2: expecting at least 6
Scenario func_slow, iteration 3: expecting at least 6
Scenario func_slow, iteration 4: expecting at least 6
Scenario func_slow, iteration 5: expecting at least 6
Scenario func_slow, iteration 6: expecting at least 6
Mode: func
Corner: slow
Scenario: func_slow
Voltage: 0.60
Temperature: -40.00

Voltage Unit         : 1V
Capacitance Unit     : 1fF
Time Unit            : 1ns
Temperature Unit     : 1C
Dynamic Power Unit   : 1pW
Leakage Power Unit   : 1pW

Switched supply net power scaling:
scaling for leakage power

Supply nets:
VDD (power) probability 1.00 (default)
VSS (ground) probability 1.00 (default)

  Cell Internal Power    = 2.10e+08 pW ( 61.9%)
  Net Switching Power    = 1.30e+08 pW ( 38.1%)
Total Dynamic Power      = 3.40e+08 pW (100.0%)

Cell Leakage Power       = 1.52e+05 pW


  Attributes
  ----------
      u  -  User defined power group

Power Group         Internal Power        Switching Power          Leakage Power            Total Power    (   %  )    Attrs
-----------------------------------------------------------------------------------------------------------------------------
io_pad                    0.00e+00               0.00e+00               0.00e+00               0.00e+00    (  0.0%)      
memory                    0.00e+00               0.00e+00               0.00e+00               0.00e+00    (  0.0%)      
black_box                 0.00e+00               0.00e+00               0.00e+00               0.00e+00    (  0.0%)      
clock_network             2.04e+08               1.02e+08               1.99e+02               3.06e+08    ( 90.1%)      
register                  1.05e+06               1.62e+06               3.18e+04               2.70e+06    (  0.8%)      
sequential                0.00e+00               0.00e+00               0.00e+00               0.00e+00    (  0.0%)      
combinational             4.86e+06               2.59e+07               1.20e+05               3.09e+07    (  9.1%)      
-----------------------------------------------------------------------------------------------------------------------------
Total                     2.10e+08 pW            1.30e+08 pW            1.52e+05 pW            3.40e+08 pW
1
