****************************************
Report : constraint
        -all_violators
Design : riscv_core
Version: O-2018.06-SP1
Date   : Sun Mar  3 06:07:48 2024
****************************************

   late_timing
   -----------

Endpoint                         Path Delay     Path Required       CRP    Slack Group    Scenario
----------------------------------------------------------------------------------------------------------
No paths.

   early_timing
   -----------

Endpoint                         Path Delay     Path Required       CRP    Slack Group    Scenario
----------------------------------------------------------------------------------------------------------
No paths.

   Mode: func Corner: slow
   Scenario: func_slow
  ---------------------------------------------------------------------------
   Number of max_transition violation(s): 0

   Mode: func Corner: slow
   Scenario: func_slow
   max_capacitance                                                             
                             Required        Actual                            
   Net                      Capacitance    Capacitance       Slack  Violation  
  ---------------------------------------------------------------------------
   ex_stage_i/mult_i/sra_117/n105    30.53    30.79          -0.26  (VIOLATED) 
     PIN : ex_stage_i/mult_i/sra_117/U234/X    30.53    30.79    -0.26 (VIOLATED)

  ---------------------------------------------------------------------------
   Number of max_capacitance violation(s): 1


   Mode: func Corner: slow
   Scenario: func_slow
  ---------------------------------------------------------------------------
   Number of min_capacitance violation(s): 0

   Total number of violation(s): 1
1
