****************************************
Report : power
        -significant_digits 2
Design : riscv_core
Version: O-2018.06-SP1
Date   : Fri Mar  1 15:17:29 2024
****************************************
Information: Doing activity propagation for mode 'func' and corner 'slow' with effort level 'medium'. (POW-024)
Information: Timer-derived activity data is cached on scenario func_slow (POW-052)
Scenario func_slow, iteration 1: expecting at least 5
Scenario func_slow, iteration 2: expecting at least 6
Scenario func_slow, iteration 3: expecting at least 6
Scenario func_slow, iteration 4: expecting at least 6
Scenario func_slow, iteration 5: expecting at least 6
Scenario func_slow, iteration 6: expecting at least 6
Information: The stitching and editing of coupling caps is turned OFF for design 'riscv_core:riscv_core_3_after_pns.design'. (TIM-125)
Warning: Technology layer 'MRDL' setting 'pitch' is not valid (NEX-001)
Warning: Parasitic Tech Library layer 'M8' parameter 'WMIN' = 0.030 does not match 0.060 of technology file (NEX-007)
Warning: Parasitic Tech Library layer 'M8' parameter 'SMIN' = 0.060 does not match 0.040 of technology file (NEX-007)
Information: Design Average RC for design riscv_core_3_after_pns  (NEX-011)
Information: r = 1.765037 ohm/um, via_r = 0.554346 ohm/cut, c = 0.102028 ff/um, cc = 0.000000 ff/um (X dir) (NEX-017)
Information: r = 2.309505 ohm/um, via_r = 0.460625 ohm/cut, c = 0.107356 ff/um, cc = 0.000000 ff/um (Y dir) (NEX-017)
Information: The RC mode used is VR for design 'riscv_core'. (NEX-022)
Information: Update timing completed net estimation for all the timing graph nets (TIM-111)
Information: Net estimation statistics: timing graph nets = 25663, routed nets = 0, across physical hierarchy nets = 0, parasitics cached nets = 669, delay annotated nets = 0, parasitics annotated nets = 0, multi-voltage nets = 0. (TIM-112)
Mode: func
Corner: slow
Scenario: func_slow
Voltage: 0.60
Temperature: -40.00

Voltage Unit         : 1V
Capacitance Unit     : 1fF
Time Unit            : 1ns
Temperature Unit     : 1C
Dynamic Power Unit   : 1pW
Leakage Power Unit   : 1pW

Switched supply net power scaling:
scaling for leakage power

Supply nets:
VDD (power) probability 1.00 (default)
VSS (ground) probability 1.00 (default)
Warning: Power table extrapolation (extrapolation mode) for port CK on cell core_clock_gate_i/u__tmp100 for parameter Tinp. Lowest table value = 0.003000, highest table value = 0.133000, value = 0.000000 (POW-046)
Warning: Power table extrapolation (extrapolation mode) for port SE on cell core_clock_gate_i/u__tmp100 for parameter Tinp. Lowest table value = 0.003000, highest table value = 0.133000, value = 0.000076 (POW-046)
Warning: Power table extrapolation (extrapolation mode) for port Q on cell core_clock_gate_i/u__tmp100 for parameter Tinp. Lowest table value = 0.003000, highest table value = 0.133000, value = 0.000000 (POW-046)
Warning: Power table extrapolation (extrapolation mode) for port Q on cell core_clock_gate_i/u__tmp100 for parameter Cout. Lowest table value = 0.000150, highest table value = 0.075400, value = 1000.000000 (POW-046)
Warning: Power table extrapolation (extrapolation mode) for port B2 on cell if_stage_i/prefetch_32_prefetch_buffer_i/fifo_i/U630 for parameter Tinp. Lowest table value = 0.003000, highest table value = 0.133000, value = 0.002155 (POW-046)
Warning: Power table extrapolation (extrapolation mode) for port X on cell if_stage_i/prefetch_32_prefetch_buffer_i/fifo_i/U630 for parameter Tinp. Lowest table value = 0.003000, highest table value = 0.133000, value = 0.002155 (POW-046)
Warning: Power table extrapolation (extrapolation mode) for port CK on cell if_stage_i/instr_rdata_id_o_reg_27_ for parameter Tinp. Lowest table value = 0.003000, highest table value = 0.133000, value = 0.000000 (POW-046)
Warning: Power table extrapolation (extrapolation mode) for port Q on cell if_stage_i/instr_rdata_id_o_reg_27_ for parameter Tinp. Lowest table value = 0.003000, highest table value = 0.133000, value = 0.000000 (POW-046)
Warning: Power table extrapolation (extrapolation mode) for port CK on cell if_stage_i/instr_rdata_id_o_reg_16_ for parameter Tinp. Lowest table value = 0.003000, highest table value = 0.133000, value = 0.000000 (POW-046)
Warning: Power table extrapolation (extrapolation mode) for port Q on cell if_stage_i/instr_rdata_id_o_reg_16_ for parameter Tinp. Lowest table value = 0.003000, highest table value = 0.133000, value = 0.000000 (POW-046)
Note - message 'POW-046' limit (10) exceeded. Remainder will be suppressed.

  Cell Internal Power    = 3.24e+08 pW (  0.5%)
  Net Switching Power    = 6.85e+10 pW ( 99.5%)
Total Dynamic Power      = 6.88e+10 pW (100.0%)

Cell Leakage Power       = 5.12e+04 pW


  Attributes
  ----------
      u  -  User defined power group

Power Group         Internal Power        Switching Power          Leakage Power            Total Power    (   %  )    Attrs
-----------------------------------------------------------------------------------------------------------------------------
io_pad                    0.00e+00               0.00e+00               0.00e+00               0.00e+00    (  0.0%)      
memory                    0.00e+00               0.00e+00               0.00e+00               0.00e+00    (  0.0%)      
black_box                 0.00e+00               0.00e+00               0.00e+00               0.00e+00    (  0.0%)      
clock_network             3.21e+08               6.85e+10               1.83e+01               6.88e+10    (100.0%)      
register                  8.94e+05               1.15e+06               1.47e+04               2.06e+06    (  0.0%)      
sequential                0.00e+00               0.00e+00               0.00e+00               0.00e+00    (  0.0%)      
combinational             2.27e+06               1.95e+07               3.65e+04               2.18e+07    (  0.0%)      
-----------------------------------------------------------------------------------------------------------------------------
Total                     3.24e+08 pW            6.85e+10 pW            5.12e+04 pW            6.88e+10 pW
1
