****************************************
Report : timing
        -path_type full
        -delay_type min
        -max_paths 20
        -report_by design
        -nosplit
        -input_pins
        -nets
        -transition_time
        -capacitance
Design : riscv_core
Version: O-2018.06-SP1
Date   : Tue Mar  5 10:52:13 2024
****************************************

  Startpoint: debug_unit_i/dbg_cause_q_reg_2_ (rising edge-triggered flip-flop clocked by CLK_I)
  Endpoint: debug_unit_i/dbg_cause_q_reg_2_ (rising edge-triggered flip-flop clocked by CLK_I)
  Mode: func
  Corner: fast
  Scenario: func_fast
  Path Group: CLK_I
  Path Type: min

  Point                                                    Fanout    Cap      Trans      Incr      Path  
  --------------------------------------------------------------------------------------------------------------
  clock CLK_I (rise edge)                                                                0.00      0.00
  clock network delay (ideal)                                                            0.00      0.00

  debug_unit_i/dbg_cause_q_reg_2_/CK (SAEDRVT14_FDPSBQ_4)                      0.00      0.00      0.00 r
  debug_unit_i/dbg_cause_q_reg_2_/Q (SAEDRVT14_FDPSBQ_4)                       0.00      0.02      0.02 r
  debug_unit_i/dbg_cause_q[2] (net)                           2      2.27
  debug_unit_i/U108/A1 (SAEDRVT14_AO221_4)                                     0.00      0.00      0.02 r
  debug_unit_i/U108/X (SAEDRVT14_AO221_4)                                      0.00      0.01      0.03 r
  debug_unit_i/n319 (net)                                     1      0.57
  debug_unit_i/dbg_cause_q_reg_2_/D (SAEDRVT14_FDPSBQ_4)                       0.00      0.00      0.03 r
  data arrival time                                                                                0.03

  clock CLK_I (rise edge)                                                                0.00      0.00
  clock network delay (ideal)                                                            0.00      0.00
  debug_unit_i/dbg_cause_q_reg_2_/CK (SAEDRVT14_FDPSBQ_4)                      0.00      0.00      0.00 r
  library hold time                                                                     -0.00     -0.00
  data required time                                                                              -0.00
  --------------------------------------------------------------------------------------------------------------
  data required time                                                                              -0.00
  data arrival time                                                                               -0.03
  --------------------------------------------------------------------------------------------------------------
  slack (MET)                                                                                      0.03



  Startpoint: id_stage_i/controller_i/boot_done_q_reg (rising edge-triggered flip-flop clocked by CLK_I)
  Endpoint: id_stage_i/controller_i/boot_done_q_reg (rising edge-triggered flip-flop clocked by CLK_I)
  Mode: func
  Corner: fast
  Scenario: func_fast
  Path Group: CLK_I
  Path Type: min

  Point                                                                Fanout    Cap      Trans      Incr      Path  
  --------------------------------------------------------------------------------------------------------------------------
  clock CLK_I (rise edge)                                                                            0.00      0.00
  clock network delay (ideal)                                                                        0.00      0.00

  id_stage_i/controller_i/boot_done_q_reg/CK (SAEDRVT14_FSDPRBQ_V2_4)                      0.00      0.00      0.00 r
  id_stage_i/controller_i/boot_done_q_reg/Q (SAEDRVT14_FSDPRBQ_V2_4)                       0.00      0.02      0.02 f
  id_stage_i/controller_i/boot_done_q (net)                               2      1.59
  id_stage_i/controller_i/U205/A1 (SAEDRVT14_OR2_4)                                        0.00      0.00      0.02 f
  id_stage_i/controller_i/U205/X (SAEDRVT14_OR2_4)                                         0.00      0.01      0.03 f
  id_stage_i/controller_i/n178 (net)                                      1      0.77
  id_stage_i/controller_i/boot_done_q_reg/D (SAEDRVT14_FSDPRBQ_V2_4)                       0.00      0.00      0.03 f
  data arrival time                                                                                            0.03

  clock CLK_I (rise edge)                                                                            0.00      0.00
  clock network delay (ideal)                                                                        0.00      0.00
  id_stage_i/controller_i/boot_done_q_reg/CK (SAEDRVT14_FSDPRBQ_V2_4)                      0.00      0.00      0.00 r
  library hold time                                                                                 -0.00     -0.00
  data required time                                                                                          -0.00
  --------------------------------------------------------------------------------------------------------------------------
  data required time                                                                                          -0.00
  data arrival time                                                                                           -0.03
  --------------------------------------------------------------------------------------------------------------------------
  slack (MET)                                                                                                  0.03



  Startpoint: debug_unit_i/dbg_cause_q_reg_0_ (rising edge-triggered flip-flop clocked by CLK_I)
  Endpoint: debug_unit_i/dbg_cause_q_reg_0_ (rising edge-triggered flip-flop clocked by CLK_I)
  Mode: func
  Corner: fast
  Scenario: func_fast
  Path Group: CLK_I
  Path Type: min

  Point                                                                Fanout    Cap      Trans      Incr      Path  
  --------------------------------------------------------------------------------------------------------------------------
  clock CLK_I (rise edge)                                                                            0.00      0.00
  clock network delay (ideal)                                                                        0.00      0.00

  debug_unit_i/dbg_cause_q_reg_0_/CK (SAEDRVT14_FDPSBQ_4)                                  0.00      0.00      0.00 r
  debug_unit_i/dbg_cause_q_reg_0_/Q (SAEDRVT14_FDPSBQ_4)                                   0.00      0.02      0.02 r
  debug_unit_i/dbg_cause_q[0] (net)                                       2      2.58
  debug_unit_i/U110/A1 (SAEDRVT14_AO221_4)                                                 0.00      0.00      0.02 r
  debug_unit_i/U110/X (SAEDRVT14_AO221_4)                                                  0.00      0.01      0.03 r
  debug_unit_i/n321 (net)                                                 1      1.25
  debug_unit_i/dbg_cause_q_reg_0_/D (SAEDRVT14_FDPSBQ_4)                                   0.00      0.00      0.03 r
  data arrival time                                                                                            0.03

  clock CLK_I (rise edge)                                                                            0.00      0.00
  clock network delay (ideal)                                                                        0.00      0.00
  debug_unit_i/dbg_cause_q_reg_0_/CK (SAEDRVT14_FDPSBQ_4)                                  0.00      0.00      0.00 r
  library hold time                                                                                 -0.00     -0.00
  data required time                                                                                          -0.00
  --------------------------------------------------------------------------------------------------------------------------
  data required time                                                                                          -0.00
  data arrival time                                                                                           -0.03
  --------------------------------------------------------------------------------------------------------------------------
  slack (MET)                                                                                                  0.03



  Startpoint: debug_unit_i/dbg_cause_q_reg_3_ (rising edge-triggered flip-flop clocked by CLK_I)
  Endpoint: debug_unit_i/dbg_cause_q_reg_3_ (rising edge-triggered flip-flop clocked by CLK_I)
  Mode: func
  Corner: fast
  Scenario: func_fast
  Path Group: CLK_I
  Path Type: min

  Point                                                                Fanout    Cap      Trans      Incr      Path  
  --------------------------------------------------------------------------------------------------------------------------
  clock CLK_I (rise edge)                                                                            0.00      0.00
  clock network delay (ideal)                                                                        0.00      0.00

  debug_unit_i/dbg_cause_q_reg_3_/CK (SAEDRVT14_FDPSBQ_4)                                  0.00      0.00      0.00 r
  debug_unit_i/dbg_cause_q_reg_3_/Q (SAEDRVT14_FDPSBQ_4)                                   0.00      0.02      0.02 r
  debug_unit_i/dbg_cause_q[3] (net)                                       2      2.79
  debug_unit_i/U107/A1 (SAEDRVT14_AO221_4)                                                 0.00      0.00      0.02 r
  debug_unit_i/U107/X (SAEDRVT14_AO221_4)                                                  0.00      0.01      0.03 r
  debug_unit_i/n318 (net)                                                 1      1.10
  debug_unit_i/dbg_cause_q_reg_3_/D (SAEDRVT14_FDPSBQ_4)                                   0.00      0.00      0.03 r
  data arrival time                                                                                            0.03

  clock CLK_I (rise edge)                                                                            0.00      0.00
  clock network delay (ideal)                                                                        0.00      0.00
  debug_unit_i/dbg_cause_q_reg_3_/CK (SAEDRVT14_FDPSBQ_4)                                  0.00      0.00      0.00 r
  library hold time                                                                                 -0.00     -0.00
  data required time                                                                                          -0.00
  --------------------------------------------------------------------------------------------------------------------------
  data required time                                                                                          -0.00
  data arrival time                                                                                           -0.03
  --------------------------------------------------------------------------------------------------------------------------
  slack (MET)                                                                                                  0.03



  Startpoint: debug_unit_i/dbg_cause_q_reg_1_ (rising edge-triggered flip-flop clocked by CLK_I)
  Endpoint: debug_unit_i/dbg_cause_q_reg_1_ (rising edge-triggered flip-flop clocked by CLK_I)
  Mode: func
  Corner: fast
  Scenario: func_fast
  Path Group: CLK_I
  Path Type: min

  Point                                                                Fanout    Cap      Trans      Incr      Path  
  --------------------------------------------------------------------------------------------------------------------------
  clock CLK_I (rise edge)                                                                            0.00      0.00
  clock network delay (ideal)                                                                        0.00      0.00

  debug_unit_i/dbg_cause_q_reg_1_/CK (SAEDRVT14_FDPSBQ_4)                                  0.00      0.00      0.00 r
  debug_unit_i/dbg_cause_q_reg_1_/Q (SAEDRVT14_FDPSBQ_4)                                   0.00      0.02      0.02 r
  debug_unit_i/dbg_cause_q[1] (net)                                       2      4.91
  debug_unit_i/U109/A1 (SAEDRVT14_AO221_4)                                                 0.00      0.00      0.02 r
  debug_unit_i/U109/X (SAEDRVT14_AO221_4)                                                  0.00      0.01      0.03 r
  debug_unit_i/n320 (net)                                                 1      0.50
  debug_unit_i/dbg_cause_q_reg_1_/D (SAEDRVT14_FDPSBQ_4)                                   0.00      0.00      0.03 r
  data arrival time                                                                                            0.03

  clock CLK_I (rise edge)                                                                            0.00      0.00
  clock network delay (ideal)                                                                        0.00      0.00
  debug_unit_i/dbg_cause_q_reg_1_/CK (SAEDRVT14_FDPSBQ_4)                                  0.00      0.00      0.00 r
  library hold time                                                                                 -0.00     -0.00
  data required time                                                                                          -0.00
  --------------------------------------------------------------------------------------------------------------------------
  data required time                                                                                          -0.00
  data arrival time                                                                                           -0.03
  --------------------------------------------------------------------------------------------------------------------------
  slack (MET)                                                                                                  0.03



  Startpoint: id_stage_i/controller_i/jump_done_q_reg (rising edge-triggered flip-flop clocked by CLK_I)
  Endpoint: id_stage_i/controller_i/jump_done_q_reg (rising edge-triggered flip-flop clocked by CLK_I)
  Mode: func
  Corner: fast
  Scenario: func_fast
  Path Group: CLK_I
  Path Type: min

  Point                                                                Fanout    Cap      Trans      Incr      Path  
  --------------------------------------------------------------------------------------------------------------------------
  clock CLK_I (rise edge)                                                                            0.00      0.00
  clock network delay (ideal)                                                                        0.00      0.00

  id_stage_i/controller_i/jump_done_q_reg/CK (SAEDRVT14_FSDPRBQ_V2_4)                      0.00      0.00      0.00 r
  id_stage_i/controller_i/jump_done_q_reg/Q (SAEDRVT14_FSDPRBQ_V2_4)                       0.00      0.02      0.02 f
  id_stage_i/controller_i/jump_done_q (net)                               2      1.82
  id_stage_i/controller_i/U188/B (SAEDRVT14_AOI21_3)                                       0.00      0.00      0.02 f
  id_stage_i/controller_i/U188/X (SAEDRVT14_AOI21_3)                                       0.00      0.00      0.02 r
  id_stage_i/controller_i/n33 (net)                                       1      1.39
  id_stage_i/controller_i/U187/A2 (SAEDRVT14_NR2_MM_3)                                     0.00      0.00      0.02 r
  id_stage_i/controller_i/U187/X (SAEDRVT14_NR2_MM_3)                                      0.00      0.00      0.03 f
  id_stage_i/controller_i/n173 (net)                                      1      0.84
  id_stage_i/controller_i/jump_done_q_reg/D (SAEDRVT14_FSDPRBQ_V2_4)                       0.00      0.00      0.03 f
  data arrival time                                                                                            0.03

  clock CLK_I (rise edge)                                                                            0.00      0.00
  clock network delay (ideal)                                                                        0.00      0.00
  id_stage_i/controller_i/jump_done_q_reg/CK (SAEDRVT14_FSDPRBQ_V2_4)                      0.00      0.00      0.00 r
  library hold time                                                                                 -0.00     -0.00
  data required time                                                                                          -0.00
  --------------------------------------------------------------------------------------------------------------------------
  data required time                                                                                          -0.00
  data arrival time                                                                                           -0.03
  --------------------------------------------------------------------------------------------------------------------------
  slack (MET)                                                                                                  0.03



  Startpoint: debug_unit_i/dbg_cause_q_reg_4_ (rising edge-triggered flip-flop clocked by CLK_I)
  Endpoint: debug_unit_i/dbg_cause_q_reg_4_ (rising edge-triggered flip-flop clocked by CLK_I)
  Mode: func
  Corner: fast
  Scenario: func_fast
  Path Group: CLK_I
  Path Type: min

  Point                                                                Fanout    Cap      Trans      Incr      Path  
  --------------------------------------------------------------------------------------------------------------------------
  clock CLK_I (rise edge)                                                                            0.00      0.00
  clock network delay (ideal)                                                                        0.00      0.00

  debug_unit_i/dbg_cause_q_reg_4_/CK (SAEDRVT14_FDPSBQ_4)                                  0.00      0.00      0.00 r
  debug_unit_i/dbg_cause_q_reg_4_/Q (SAEDRVT14_FDPSBQ_4)                                   0.00      0.02      0.02 r
  debug_unit_i/dbg_cause_q[4] (net)                                       2      5.02
  debug_unit_i/U106/A1 (SAEDRVT14_AO221_4)                                                 0.00      0.00      0.02 r
  debug_unit_i/U106/X (SAEDRVT14_AO221_4)                                                  0.00      0.01      0.03 r
  debug_unit_i/n317 (net)                                                 1      0.98
  debug_unit_i/dbg_cause_q_reg_4_/D (SAEDRVT14_FDPSBQ_4)                                   0.00      0.00      0.03 r
  data arrival time                                                                                            0.03

  clock CLK_I (rise edge)                                                                            0.00      0.00
  clock network delay (ideal)                                                                        0.00      0.00
  debug_unit_i/dbg_cause_q_reg_4_/CK (SAEDRVT14_FDPSBQ_4)                                  0.00      0.00      0.00 r
  library hold time                                                                                 -0.00     -0.00
  data required time                                                                                          -0.00
  --------------------------------------------------------------------------------------------------------------------------
  data required time                                                                                          -0.00
  data arrival time                                                                                           -0.03
  --------------------------------------------------------------------------------------------------------------------------
  slack (MET)                                                                                                  0.03



  Startpoint: id_stage_i/int_controller_i/exc_ctrl_cs_reg_0_ (rising edge-triggered flip-flop clocked by CLK_I)
  Endpoint: id_stage_i/int_controller_i/exc_ctrl_cs_reg_1_ (rising edge-triggered flip-flop clocked by CLK_I)
  Mode: func
  Corner: fast
  Scenario: func_fast
  Path Group: CLK_I
  Path Type: min

  Point                                                                       Fanout    Cap      Trans      Incr      Path  
  ---------------------------------------------------------------------------------------------------------------------------------
  clock CLK_I (rise edge)                                                                                   0.00      0.00
  clock network delay (ideal)                                                                               0.00      0.00

  id_stage_i/int_controller_i/exc_ctrl_cs_reg_0_/CK (SAEDRVT14_FSDPRBQ_V2_4)                      0.00      0.00      0.00 r
  id_stage_i/int_controller_i/exc_ctrl_cs_reg_0_/Q (SAEDRVT14_FSDPRBQ_V2_4)                       0.00      0.02      0.02 f
  id_stage_i/int_controller_i/exc_ctrl_cs[0] (net)                               4      3.60
  id_stage_i/int_controller_i/U14/A1 (SAEDRVT14_AN2_MM_3)                                         0.00      0.00      0.02 f
  id_stage_i/int_controller_i/U14/X (SAEDRVT14_AN2_MM_3)                                          0.00      0.01      0.03 f
  id_stage_i/int_controller_i/n27 (net)                                          1      0.77
  id_stage_i/int_controller_i/exc_ctrl_cs_reg_1_/D (SAEDRVT14_FSDPRBQ_V2_4)                       0.00      0.00      0.03 f
  data arrival time                                                                                                   0.03

  clock CLK_I (rise edge)                                                                                   0.00      0.00
  clock network delay (ideal)                                                                               0.00      0.00
  id_stage_i/int_controller_i/exc_ctrl_cs_reg_1_/CK (SAEDRVT14_FSDPRBQ_V2_4)                      0.00      0.00      0.00 r
  library hold time                                                                                        -0.00     -0.00
  data required time                                                                                                 -0.00
  ---------------------------------------------------------------------------------------------------------------------------------
  data required time                                                                                                 -0.00
  data arrival time                                                                                                  -0.03
  ---------------------------------------------------------------------------------------------------------------------------------
  slack (MET)                                                                                                         0.03



  Startpoint: cs_registers_i/PCMR_q_reg_0_ (rising edge-triggered flip-flop clocked by CLK_I)
  Endpoint: cs_registers_i/PCCR_inc_q_reg_0_ (rising edge-triggered flip-flop clocked by CLK_I)
  Mode: func
  Corner: fast
  Scenario: func_fast
  Path Group: CLK_I
  Path Type: min

  Point                                                                       Fanout    Cap      Trans      Incr      Path  
  ---------------------------------------------------------------------------------------------------------------------------------
  clock CLK_I (rise edge)                                                                                   0.00      0.00
  clock network delay (ideal)                                                                               0.00      0.00

  cs_registers_i/PCMR_q_reg_0_/CK (SAEDRVT14_FDPSBQ_4)                                            0.00      0.00      0.00 r
  cs_registers_i/PCMR_q_reg_0_/Q (SAEDRVT14_FDPSBQ_4)                                             0.00      0.02      0.02 f
  cs_registers_i/PCMR_q[0] (net)                                                 4      4.63
  cs_registers_i/U599/A1 (SAEDRVT14_AN2_MM_3)                                                     0.00      0.00      0.02 f
  cs_registers_i/U599/X (SAEDRVT14_AN2_MM_3)                                                      0.00      0.01      0.03 f
  cs_registers_i/n675 (net)                                                      1      1.78
  cs_registers_i/PCCR_inc_q_reg_0_/D (SAEDRVT14_FSDPRBQ_V2_4)                                     0.00      0.00      0.03 f
  data arrival time                                                                                                   0.03

  clock CLK_I (rise edge)                                                                                   0.00      0.00
  clock network delay (ideal)                                                                               0.00      0.00
  cs_registers_i/PCCR_inc_q_reg_0_/CK (SAEDRVT14_FSDPRBQ_V2_4)                                    0.00      0.00      0.00 r
  library hold time                                                                                        -0.00     -0.00
  data required time                                                                                                 -0.00
  ---------------------------------------------------------------------------------------------------------------------------------
  data required time                                                                                                 -0.00
  data arrival time                                                                                                  -0.03
  ---------------------------------------------------------------------------------------------------------------------------------
  slack (MET)                                                                                                         0.03



  Startpoint: if_stage_i/offset_fsm_cs_reg_0_ (rising edge-triggered flip-flop clocked by CLK_I)
  Endpoint: if_stage_i/offset_fsm_cs_reg_0_ (rising edge-triggered flip-flop clocked by CLK_I)
  Mode: func
  Corner: fast
  Scenario: func_fast
  Path Group: CLK_I
  Path Type: min

  Point                                                                       Fanout    Cap      Trans      Incr      Path  
  ---------------------------------------------------------------------------------------------------------------------------------
  clock CLK_I (rise edge)                                                                                   0.00      0.00
  clock network delay (ideal)                                                                               0.00      0.00

  if_stage_i/offset_fsm_cs_reg_0_/CK (SAEDRVT14_FDPSBQ_4)                                         0.00      0.00      0.00 r
  if_stage_i/offset_fsm_cs_reg_0_/Q (SAEDRVT14_FDPSBQ_4)                                          0.00      0.02      0.02 r
  if_stage_i/offset_fsm_cs_0_ (net)                                              3      4.58
  if_stage_i/U320/A (SAEDRVT14_INV_PS_3)                                                          0.00      0.00      0.02 r
  if_stage_i/U320/X (SAEDRVT14_INV_PS_3)                                                          0.00      0.00      0.02 f
  if_stage_i/n304 (net)                                                          1      0.50
  if_stage_i/U68/A1 (SAEDRVT14_NR3_3)                                                             0.00      0.00      0.02 f
  if_stage_i/U68/X (SAEDRVT14_NR3_3)                                                              0.00      0.01      0.03 r
  if_stage_i/offset_fsm_ns_0_ (net)                                              1      1.08
  if_stage_i/offset_fsm_cs_reg_0_/D (SAEDRVT14_FDPSBQ_4)                                          0.00      0.00      0.03 r
  data arrival time                                                                                                   0.03

  clock CLK_I (rise edge)                                                                                   0.00      0.00
  clock network delay (ideal)                                                                               0.00      0.00
  if_stage_i/offset_fsm_cs_reg_0_/CK (SAEDRVT14_FDPSBQ_4)                                         0.00      0.00      0.00 r
  library hold time                                                                                        -0.00     -0.00
  data required time                                                                                                 -0.00
  ---------------------------------------------------------------------------------------------------------------------------------
  data required time                                                                                                 -0.00
  data arrival time                                                                                                  -0.03
  ---------------------------------------------------------------------------------------------------------------------------------
  slack (MET)                                                                                                         0.03



  Startpoint: debug_unit_i/dbg_ssth_q_reg (rising edge-triggered flip-flop clocked by CLK_I)
  Endpoint: debug_unit_i/dbg_ssth_q_reg (rising edge-triggered flip-flop clocked by CLK_I)
  Mode: func
  Corner: fast
  Scenario: func_fast
  Path Group: CLK_I
  Path Type: min

  Point                                                                       Fanout    Cap      Trans      Incr      Path  
  ---------------------------------------------------------------------------------------------------------------------------------
  clock CLK_I (rise edge)                                                                                   0.00      0.00
  clock network delay (ideal)                                                                               0.00      0.00

  debug_unit_i/dbg_ssth_q_reg/CK (SAEDRVT14_FSDPRBQ_V2_4)                                         0.00      0.00      0.00 r
  debug_unit_i/dbg_ssth_q_reg/Q (SAEDRVT14_FSDPRBQ_V2_4)                                          0.00      0.02      0.02 f
  debug_unit_i/dbg_ssth_q (net)                                                  1      1.70
  debug_unit_i/U225/A (SAEDRVT14_INV_PS_3)                                                        0.00      0.00      0.02 f
  debug_unit_i/U225/X (SAEDRVT14_INV_PS_3)                                                        0.00      0.00      0.02 r
  debug_unit_i/n190 (net)                                                        2      2.39
  debug_unit_i/U73/A2 (SAEDRVT14_AOI21_3)                                                         0.00      0.00      0.02 r
  debug_unit_i/U73/X (SAEDRVT14_AOI21_3)                                                          0.00      0.01      0.03 f
  debug_unit_i/n308 (net)                                                        1      1.24
  debug_unit_i/dbg_ssth_q_reg/D (SAEDRVT14_FSDPRBQ_V2_4)                                          0.00      0.00      0.03 f
  data arrival time                                                                                                   0.03

  clock CLK_I (rise edge)                                                                                   0.00      0.00
  clock network delay (ideal)                                                                               0.00      0.00
  debug_unit_i/dbg_ssth_q_reg/CK (SAEDRVT14_FSDPRBQ_V2_4)                                         0.00      0.00      0.00 r
  library hold time                                                                                        -0.00     -0.00
  data required time                                                                                                 -0.00
  ---------------------------------------------------------------------------------------------------------------------------------
  data required time                                                                                                 -0.00
  data arrival time                                                                                                  -0.03
  ---------------------------------------------------------------------------------------------------------------------------------
  slack (MET)                                                                                                         0.03



  Startpoint: ex_stage_i/mult_i/mulh_CS_reg_1_ (rising edge-triggered flip-flop clocked by CLK_I)
  Endpoint: ex_stage_i/mult_i/mulh_CS_reg_1_ (rising edge-triggered flip-flop clocked by CLK_I)
  Mode: func
  Corner: fast
  Scenario: func_fast
  Path Group: CLK_I
  Path Type: min

  Point                                                                       Fanout    Cap      Trans      Incr      Path  
  ---------------------------------------------------------------------------------------------------------------------------------
  clock CLK_I (rise edge)                                                                                   0.00      0.00
  clock network delay (ideal)                                                                               0.00      0.00

  ex_stage_i/mult_i/mulh_CS_reg_1_/CK (SAEDRVT14_FSDPRBQ_V2_4)                                    0.00      0.00      0.00 r
  ex_stage_i/mult_i/mulh_CS_reg_1_/Q (SAEDRVT14_FSDPRBQ_V2_4)                                     0.00      0.02      0.02 f
  ex_stage_i/mult_i/mulh_CS[1] (net)                                             4      4.35
  ex_stage_i/mult_i/U341/A1 (SAEDRVT14_EN2_3)                                                     0.00      0.00      0.02 f
  ex_stage_i/mult_i/U341/X (SAEDRVT14_EN2_3)                                                      0.00      0.01      0.03 f
  ex_stage_i/mult_i/n185 (net)                                                   1      0.74
  ex_stage_i/mult_i/mulh_CS_reg_1_/D (SAEDRVT14_FSDPRBQ_V2_4)                                     0.00      0.00      0.03 f
  data arrival time                                                                                                   0.03

  clock CLK_I (rise edge)                                                                                   0.00      0.00
  clock network delay (ideal)                                                                               0.00      0.00
  ex_stage_i/mult_i/mulh_CS_reg_1_/CK (SAEDRVT14_FSDPRBQ_V2_4)                                    0.00      0.00      0.00 r
  library hold time                                                                                        -0.00     -0.00
  data required time                                                                                                 -0.00
  ---------------------------------------------------------------------------------------------------------------------------------
  data required time                                                                                                 -0.00
  data arrival time                                                                                                  -0.03
  ---------------------------------------------------------------------------------------------------------------------------------
  slack (MET)                                                                                                         0.03



  Startpoint: if_stage_i/prefetch_32_prefetch_buffer_i/fifo_i/addr_Q_reg_0__10_ (rising edge-triggered flip-flop clocked by CLK_I)
  Endpoint: if_stage_i/prefetch_32_prefetch_buffer_i/fifo_i/addr_Q_reg_0__10_ (rising edge-triggered flip-flop clocked by CLK_I)
  Mode: func
  Corner: fast
  Scenario: func_fast
  Path Group: CLK_I
  Path Type: min

  Point                                                                                          Fanout    Cap      Trans      Incr      Path  
  ----------------------------------------------------------------------------------------------------------------------------------------------------
  clock CLK_I (rise edge)                                                                                                      0.00      0.00
  clock network delay (ideal)                                                                                                  0.00      0.00

  if_stage_i/prefetch_32_prefetch_buffer_i/fifo_i/addr_Q_reg_0__10_/CK (SAEDRVT14_FSDPRBQ_V2_4)                      0.00      0.00      0.00 r
  if_stage_i/prefetch_32_prefetch_buffer_i/fifo_i/addr_Q_reg_0__10_/Q (SAEDRVT14_FSDPRBQ_V2_4)                       0.00      0.02      0.02 f
  if_stage_i/prefetch_32_prefetch_buffer_i/fifo_i/addr_Q_0__10_ (net)                               3      2.20
  if_stage_i/prefetch_32_prefetch_buffer_i/fifo_i/U588/B1 (SAEDRVT14_AO221_4)                                        0.00      0.00      0.02 f
  if_stage_i/prefetch_32_prefetch_buffer_i/fifo_i/U588/X (SAEDRVT14_AO221_4)                                         0.00      0.01      0.03 f
  if_stage_i/prefetch_32_prefetch_buffer_i/fifo_i/n676 (net)                                        1      0.56
  if_stage_i/prefetch_32_prefetch_buffer_i/fifo_i/addr_Q_reg_0__10_/D (SAEDRVT14_FSDPRBQ_V2_4)                       0.00      0.00      0.03 f
  data arrival time                                                                                                                      0.03

  clock CLK_I (rise edge)                                                                                                      0.00      0.00
  clock network delay (ideal)                                                                                                  0.00      0.00
  if_stage_i/prefetch_32_prefetch_buffer_i/fifo_i/addr_Q_reg_0__10_/CK (SAEDRVT14_FSDPRBQ_V2_4)                      0.00      0.00      0.00 r
  library hold time                                                                                                           -0.00     -0.00
  data required time                                                                                                                    -0.00
  ----------------------------------------------------------------------------------------------------------------------------------------------------
  data required time                                                                                                                    -0.00
  data arrival time                                                                                                                     -0.03
  ----------------------------------------------------------------------------------------------------------------------------------------------------
  slack (MET)                                                                                                                            0.03



  Startpoint: if_stage_i/prefetch_32_prefetch_buffer_i/fifo_i/addr_Q_reg_0__17_ (rising edge-triggered flip-flop clocked by CLK_I)
  Endpoint: if_stage_i/prefetch_32_prefetch_buffer_i/fifo_i/addr_Q_reg_0__17_ (rising edge-triggered flip-flop clocked by CLK_I)
  Mode: func
  Corner: fast
  Scenario: func_fast
  Path Group: CLK_I
  Path Type: min

  Point                                                                                          Fanout    Cap      Trans      Incr      Path  
  ----------------------------------------------------------------------------------------------------------------------------------------------------
  clock CLK_I (rise edge)                                                                                                      0.00      0.00
  clock network delay (ideal)                                                                                                  0.00      0.00

  if_stage_i/prefetch_32_prefetch_buffer_i/fifo_i/addr_Q_reg_0__17_/CK (SAEDRVT14_FSDPRBQ_V2_4)                      0.00      0.00      0.00 r
  if_stage_i/prefetch_32_prefetch_buffer_i/fifo_i/addr_Q_reg_0__17_/Q (SAEDRVT14_FSDPRBQ_V2_4)                       0.00      0.02      0.02 f
  if_stage_i/prefetch_32_prefetch_buffer_i/fifo_i/addr_Q_0__17_ (net)                               3      2.33
  if_stage_i/prefetch_32_prefetch_buffer_i/fifo_i/U567/B1 (SAEDRVT14_AO221_4)                                        0.00      0.00      0.02 f
  if_stage_i/prefetch_32_prefetch_buffer_i/fifo_i/U567/X (SAEDRVT14_AO221_4)                                         0.00      0.01      0.03 f
  if_stage_i/prefetch_32_prefetch_buffer_i/fifo_i/n669 (net)                                        1      0.66
  if_stage_i/prefetch_32_prefetch_buffer_i/fifo_i/addr_Q_reg_0__17_/D (SAEDRVT14_FSDPRBQ_V2_4)                       0.00      0.00      0.03 f
  data arrival time                                                                                                                      0.03

  clock CLK_I (rise edge)                                                                                                      0.00      0.00
  clock network delay (ideal)                                                                                                  0.00      0.00
  if_stage_i/prefetch_32_prefetch_buffer_i/fifo_i/addr_Q_reg_0__17_/CK (SAEDRVT14_FSDPRBQ_V2_4)                      0.00      0.00      0.00 r
  library hold time                                                                                                           -0.00     -0.00
  data required time                                                                                                                    -0.00
  ----------------------------------------------------------------------------------------------------------------------------------------------------
  data required time                                                                                                                    -0.00
  data arrival time                                                                                                                     -0.03
  ----------------------------------------------------------------------------------------------------------------------------------------------------
  slack (MET)                                                                                                                            0.03



  Startpoint: if_stage_i/prefetch_32_prefetch_buffer_i/fifo_i/addr_Q_reg_0__5_ (rising edge-triggered flip-flop clocked by CLK_I)
  Endpoint: if_stage_i/prefetch_32_prefetch_buffer_i/fifo_i/addr_Q_reg_0__5_ (rising edge-triggered flip-flop clocked by CLK_I)
  Mode: func
  Corner: fast
  Scenario: func_fast
  Path Group: CLK_I
  Path Type: min

  Point                                                                                          Fanout    Cap      Trans      Incr      Path  
  ----------------------------------------------------------------------------------------------------------------------------------------------------
  clock CLK_I (rise edge)                                                                                                      0.00      0.00
  clock network delay (ideal)                                                                                                  0.00      0.00

  if_stage_i/prefetch_32_prefetch_buffer_i/fifo_i/addr_Q_reg_0__5_/CK (SAEDRVT14_FSDPRBQ_V2_4)                       0.00      0.00      0.00 r
  if_stage_i/prefetch_32_prefetch_buffer_i/fifo_i/addr_Q_reg_0__5_/Q (SAEDRVT14_FSDPRBQ_V2_4)                        0.00      0.02      0.02 f
  if_stage_i/prefetch_32_prefetch_buffer_i/fifo_i/addr_Q_0__5_ (net)                                3      2.20
  if_stage_i/prefetch_32_prefetch_buffer_i/fifo_i/U509/B1 (SAEDRVT14_AO221_4)                                        0.00      0.00      0.02 f
  if_stage_i/prefetch_32_prefetch_buffer_i/fifo_i/U509/X (SAEDRVT14_AO221_4)                                         0.00      0.01      0.03 f
  if_stage_i/prefetch_32_prefetch_buffer_i/fifo_i/n681 (net)                                        1      0.91
  if_stage_i/prefetch_32_prefetch_buffer_i/fifo_i/addr_Q_reg_0__5_/D (SAEDRVT14_FSDPRBQ_V2_4)                        0.00      0.00      0.03 f
  data arrival time                                                                                                                      0.03

  clock CLK_I (rise edge)                                                                                                      0.00      0.00
  clock network delay (ideal)                                                                                                  0.00      0.00
  if_stage_i/prefetch_32_prefetch_buffer_i/fifo_i/addr_Q_reg_0__5_/CK (SAEDRVT14_FSDPRBQ_V2_4)                       0.00      0.00      0.00 r
  library hold time                                                                                                           -0.00     -0.00
  data required time                                                                                                                    -0.00
  ----------------------------------------------------------------------------------------------------------------------------------------------------
  data required time                                                                                                                    -0.00
  data arrival time                                                                                                                     -0.03
  ----------------------------------------------------------------------------------------------------------------------------------------------------
  slack (MET)                                                                                                                            0.03



  Startpoint: if_stage_i/prefetch_32_prefetch_buffer_i/fifo_i/addr_Q_reg_0__30_ (rising edge-triggered flip-flop clocked by CLK_I)
  Endpoint: if_stage_i/prefetch_32_prefetch_buffer_i/fifo_i/addr_Q_reg_0__30_ (rising edge-triggered flip-flop clocked by CLK_I)
  Mode: func
  Corner: fast
  Scenario: func_fast
  Path Group: CLK_I
  Path Type: min

  Point                                                                                          Fanout    Cap      Trans      Incr      Path  
  ----------------------------------------------------------------------------------------------------------------------------------------------------
  clock CLK_I (rise edge)                                                                                                      0.00      0.00
  clock network delay (ideal)                                                                                                  0.00      0.00

  if_stage_i/prefetch_32_prefetch_buffer_i/fifo_i/addr_Q_reg_0__30_/CK (SAEDRVT14_FSDPRBQ_V2_4)                      0.00      0.00      0.00 r
  if_stage_i/prefetch_32_prefetch_buffer_i/fifo_i/addr_Q_reg_0__30_/Q (SAEDRVT14_FSDPRBQ_V2_4)                       0.00      0.02      0.02 f
  if_stage_i/prefetch_32_prefetch_buffer_i/fifo_i/addr_Q_0__30_ (net)                               3      2.54
  if_stage_i/prefetch_32_prefetch_buffer_i/fifo_i/U521/B1 (SAEDRVT14_AO221_4)                                        0.00      0.00      0.02 f
  if_stage_i/prefetch_32_prefetch_buffer_i/fifo_i/U521/X (SAEDRVT14_AO221_4)                                         0.00      0.01      0.03 f
  if_stage_i/prefetch_32_prefetch_buffer_i/fifo_i/n656 (net)                                        1      0.60
  if_stage_i/prefetch_32_prefetch_buffer_i/fifo_i/addr_Q_reg_0__30_/D (SAEDRVT14_FSDPRBQ_V2_4)                       0.00      0.00      0.03 f
  data arrival time                                                                                                                      0.03

  clock CLK_I (rise edge)                                                                                                      0.00      0.00
  clock network delay (ideal)                                                                                                  0.00      0.00
  if_stage_i/prefetch_32_prefetch_buffer_i/fifo_i/addr_Q_reg_0__30_/CK (SAEDRVT14_FSDPRBQ_V2_4)                      0.00      0.00      0.00 r
  library hold time                                                                                                           -0.00     -0.00
  data required time                                                                                                                    -0.00
  ----------------------------------------------------------------------------------------------------------------------------------------------------
  data required time                                                                                                                    -0.00
  data arrival time                                                                                                                     -0.03
  ----------------------------------------------------------------------------------------------------------------------------------------------------
  slack (MET)                                                                                                                            0.03



  Startpoint: if_stage_i/prefetch_32_prefetch_buffer_i/fifo_i/addr_Q_reg_0__14_ (rising edge-triggered flip-flop clocked by CLK_I)
  Endpoint: if_stage_i/prefetch_32_prefetch_buffer_i/fifo_i/addr_Q_reg_0__14_ (rising edge-triggered flip-flop clocked by CLK_I)
  Mode: func
  Corner: fast
  Scenario: func_fast
  Path Group: CLK_I
  Path Type: min

  Point                                                                                          Fanout    Cap      Trans      Incr      Path  
  ----------------------------------------------------------------------------------------------------------------------------------------------------
  clock CLK_I (rise edge)                                                                                                      0.00      0.00
  clock network delay (ideal)                                                                                                  0.00      0.00

  if_stage_i/prefetch_32_prefetch_buffer_i/fifo_i/addr_Q_reg_0__14_/CK (SAEDRVT14_FSDPRBQ_V2_4)                      0.00      0.00      0.00 r
  if_stage_i/prefetch_32_prefetch_buffer_i/fifo_i/addr_Q_reg_0__14_/Q (SAEDRVT14_FSDPRBQ_V2_4)                       0.00      0.02      0.02 f
  if_stage_i/prefetch_32_prefetch_buffer_i/fifo_i/addr_Q_0__14_ (net)                               3      2.44
  if_stage_i/prefetch_32_prefetch_buffer_i/fifo_i/U576/B1 (SAEDRVT14_AO221_4)                                        0.00      0.00      0.02 f
  if_stage_i/prefetch_32_prefetch_buffer_i/fifo_i/U576/X (SAEDRVT14_AO221_4)                                         0.00      0.01      0.03 f
  if_stage_i/prefetch_32_prefetch_buffer_i/fifo_i/n672 (net)                                        1      0.72
  if_stage_i/prefetch_32_prefetch_buffer_i/fifo_i/addr_Q_reg_0__14_/D (SAEDRVT14_FSDPRBQ_V2_4)                       0.00      0.00      0.03 f
  data arrival time                                                                                                                      0.03

  clock CLK_I (rise edge)                                                                                                      0.00      0.00
  clock network delay (ideal)                                                                                                  0.00      0.00
  if_stage_i/prefetch_32_prefetch_buffer_i/fifo_i/addr_Q_reg_0__14_/CK (SAEDRVT14_FSDPRBQ_V2_4)                      0.00      0.00      0.00 r
  library hold time                                                                                                           -0.00     -0.00
  data required time                                                                                                                    -0.00
  ----------------------------------------------------------------------------------------------------------------------------------------------------
  data required time                                                                                                                    -0.00
  data arrival time                                                                                                                     -0.03
  ----------------------------------------------------------------------------------------------------------------------------------------------------
  slack (MET)                                                                                                                            0.03



  Startpoint: if_stage_i/prefetch_32_prefetch_buffer_i/fifo_i/addr_Q_reg_0__8_ (rising edge-triggered flip-flop clocked by CLK_I)
  Endpoint: if_stage_i/prefetch_32_prefetch_buffer_i/fifo_i/addr_Q_reg_0__8_ (rising edge-triggered flip-flop clocked by CLK_I)
  Mode: func
  Corner: fast
  Scenario: func_fast
  Path Group: CLK_I
  Path Type: min

  Point                                                                                          Fanout    Cap      Trans      Incr      Path  
  ----------------------------------------------------------------------------------------------------------------------------------------------------
  clock CLK_I (rise edge)                                                                                                      0.00      0.00
  clock network delay (ideal)                                                                                                  0.00      0.00

  if_stage_i/prefetch_32_prefetch_buffer_i/fifo_i/addr_Q_reg_0__8_/CK (SAEDRVT14_FSDPRBQ_V2_4)                       0.00      0.00      0.00 r
  if_stage_i/prefetch_32_prefetch_buffer_i/fifo_i/addr_Q_reg_0__8_/Q (SAEDRVT14_FSDPRBQ_V2_4)                        0.00      0.02      0.02 f
  if_stage_i/prefetch_32_prefetch_buffer_i/fifo_i/addr_Q_0__8_ (net)                                3      2.36
  if_stage_i/prefetch_32_prefetch_buffer_i/fifo_i/U500/B1 (SAEDRVT14_AO221_4)                                        0.00      0.00      0.02 f
  if_stage_i/prefetch_32_prefetch_buffer_i/fifo_i/U500/X (SAEDRVT14_AO221_4)                                         0.00      0.01      0.03 f
  if_stage_i/prefetch_32_prefetch_buffer_i/fifo_i/n678 (net)                                        1      0.81
  if_stage_i/prefetch_32_prefetch_buffer_i/fifo_i/addr_Q_reg_0__8_/D (SAEDRVT14_FSDPRBQ_V2_4)                        0.00      0.00      0.03 f
  data arrival time                                                                                                                      0.03

  clock CLK_I (rise edge)                                                                                                      0.00      0.00
  clock network delay (ideal)                                                                                                  0.00      0.00
  if_stage_i/prefetch_32_prefetch_buffer_i/fifo_i/addr_Q_reg_0__8_/CK (SAEDRVT14_FSDPRBQ_V2_4)                       0.00      0.00      0.00 r
  library hold time                                                                                                           -0.00     -0.00
  data required time                                                                                                                    -0.00
  ----------------------------------------------------------------------------------------------------------------------------------------------------
  data required time                                                                                                                    -0.00
  data arrival time                                                                                                                     -0.03
  ----------------------------------------------------------------------------------------------------------------------------------------------------
  slack (MET)                                                                                                                            0.03



  Startpoint: if_stage_i/prefetch_32_prefetch_buffer_i/fifo_i/addr_Q_reg_0__6_ (rising edge-triggered flip-flop clocked by CLK_I)
  Endpoint: if_stage_i/prefetch_32_prefetch_buffer_i/fifo_i/addr_Q_reg_0__6_ (rising edge-triggered flip-flop clocked by CLK_I)
  Mode: func
  Corner: fast
  Scenario: func_fast
  Path Group: CLK_I
  Path Type: min

  Point                                                                                          Fanout    Cap      Trans      Incr      Path  
  ----------------------------------------------------------------------------------------------------------------------------------------------------
  clock CLK_I (rise edge)                                                                                                      0.00      0.00
  clock network delay (ideal)                                                                                                  0.00      0.00

  if_stage_i/prefetch_32_prefetch_buffer_i/fifo_i/addr_Q_reg_0__6_/CK (SAEDRVT14_FSDPRBQ_V2_4)                       0.00      0.00      0.00 r
  if_stage_i/prefetch_32_prefetch_buffer_i/fifo_i/addr_Q_reg_0__6_/Q (SAEDRVT14_FSDPRBQ_V2_4)                        0.00      0.02      0.02 f
  if_stage_i/prefetch_32_prefetch_buffer_i/fifo_i/addr_Q_0__6_ (net)                                3      2.25
  if_stage_i/prefetch_32_prefetch_buffer_i/fifo_i/U506/B1 (SAEDRVT14_AO221_4)                                        0.00      0.00      0.02 f
  if_stage_i/prefetch_32_prefetch_buffer_i/fifo_i/U506/X (SAEDRVT14_AO221_4)                                         0.00      0.01      0.03 f
  if_stage_i/prefetch_32_prefetch_buffer_i/fifo_i/n680 (net)                                        1      0.92
  if_stage_i/prefetch_32_prefetch_buffer_i/fifo_i/addr_Q_reg_0__6_/D (SAEDRVT14_FSDPRBQ_V2_4)                        0.00      0.00      0.03 f
  data arrival time                                                                                                                      0.03

  clock CLK_I (rise edge)                                                                                                      0.00      0.00
  clock network delay (ideal)                                                                                                  0.00      0.00
  if_stage_i/prefetch_32_prefetch_buffer_i/fifo_i/addr_Q_reg_0__6_/CK (SAEDRVT14_FSDPRBQ_V2_4)                       0.00      0.00      0.00 r
  library hold time                                                                                                           -0.00     -0.00
  data required time                                                                                                                    -0.00
  ----------------------------------------------------------------------------------------------------------------------------------------------------
  data required time                                                                                                                    -0.00
  data arrival time                                                                                                                     -0.03
  ----------------------------------------------------------------------------------------------------------------------------------------------------
  slack (MET)                                                                                                                            0.03



  Startpoint: if_stage_i/prefetch_32_prefetch_buffer_i/fifo_i/addr_Q_reg_0__7_ (rising edge-triggered flip-flop clocked by CLK_I)
  Endpoint: if_stage_i/prefetch_32_prefetch_buffer_i/fifo_i/addr_Q_reg_0__7_ (rising edge-triggered flip-flop clocked by CLK_I)
  Mode: func
  Corner: fast
  Scenario: func_fast
  Path Group: CLK_I
  Path Type: min

  Point                                                                                          Fanout    Cap      Trans      Incr      Path  
  ----------------------------------------------------------------------------------------------------------------------------------------------------
  clock CLK_I (rise edge)                                                                                                      0.00      0.00
  clock network delay (ideal)                                                                                                  0.00      0.00

  if_stage_i/prefetch_32_prefetch_buffer_i/fifo_i/addr_Q_reg_0__7_/CK (SAEDRVT14_FSDPRBQ_V2_4)                       0.00      0.00      0.00 r
  if_stage_i/prefetch_32_prefetch_buffer_i/fifo_i/addr_Q_reg_0__7_/Q (SAEDRVT14_FSDPRBQ_V2_4)                        0.00      0.02      0.02 f
  if_stage_i/prefetch_32_prefetch_buffer_i/fifo_i/addr_Q_0__7_ (net)                                3      2.43
  if_stage_i/prefetch_32_prefetch_buffer_i/fifo_i/U503/B1 (SAEDRVT14_AO221_4)                                        0.00      0.00      0.02 f
  if_stage_i/prefetch_32_prefetch_buffer_i/fifo_i/U503/X (SAEDRVT14_AO221_4)                                         0.00      0.01      0.03 f
  if_stage_i/prefetch_32_prefetch_buffer_i/fifo_i/n679 (net)                                        1      0.77
  if_stage_i/prefetch_32_prefetch_buffer_i/fifo_i/addr_Q_reg_0__7_/D (SAEDRVT14_FSDPRBQ_V2_4)                        0.00      0.00      0.03 f
  data arrival time                                                                                                                      0.03

  clock CLK_I (rise edge)                                                                                                      0.00      0.00
  clock network delay (ideal)                                                                                                  0.00      0.00
  if_stage_i/prefetch_32_prefetch_buffer_i/fifo_i/addr_Q_reg_0__7_/CK (SAEDRVT14_FSDPRBQ_V2_4)                       0.00      0.00      0.00 r
  library hold time                                                                                                           -0.00     -0.00
  data required time                                                                                                                    -0.00
  ----------------------------------------------------------------------------------------------------------------------------------------------------
  data required time                                                                                                                    -0.00
  data arrival time                                                                                                                     -0.03
  ----------------------------------------------------------------------------------------------------------------------------------------------------
  slack (MET)                                                                                                                            0.03


1
