****************************************
Report : report_utilization
Design : riscv_core
Version: O-2018.06-SP1
Date   : Tue Mar  5 10:52:14 2024
****************************************
Utilization Ratio:			0.3931
Utilization options:
 - Area calculation based on:		site_row of block riscv_core_3_after_pns
 - Categories of objects excluded:	hard_macros macro_keepouts soft_macros io_cells hard_blockages 
Total Area:				46479.8736
Total Capacity Area:			46479.8736
Total Area of cells:			18270.0672
Area of excluded objects:
 - hard_macros         :		0.0000
 - macro_keepouts      :		0.0000
 - soft_macros         :		0.0000
 - io_cells            :		0.0000
 - hard_blockages      :		0.0000

Utilization of site-rows with:
 - Site 'unit':				0.3931

0.3931
