 
****************************************
Report : area
Design : riscv_core
Version: O-2018.06-SP1
Date   : Fri Mar  1 01:24:48 2024
****************************************

Library(s) Used:

    saed14rvt_ss0p6vm40c (File: /mnt/hgfs/SAED14nm_EDK_CORE_RVT_v_062020/stdcell_rvt/db_nldm/saed14rvt_ss0p6vm40c.db)

Number of ports:                        10458
Number of nets:                         35572
Number of cells:                        24560
Number of combinational cells:          22284
Number of sequential cells:              2203
Number of macros/black boxes:               0
Number of buf/inv:                       5085
Number of references:                      20

Combinational area:               8452.427903
Buf/Inv area:                     1025.551199
Noncombinational area:            2348.582482
Macro/Black Box area:                0.000000
Net Interconnect area:           18516.878942

Total cell area:                 10801.010386
Total area:                      29317.889328

Hierarchical area distribution
------------------------------

                                  Global cell area           Local cell area
                                  -------------------  ---------------------------- 
Hierarchical cell                 Absolute    Percent  Combi-     Noncombi-  Black-
                                  Total       Total    national   national   boxes   Design
--------------------------------  ----------  -------  ---------  ---------  ------  --------------------------------------------------------------------------------------------------------------------------------------------------------------------------------------------------
riscv_core                        10801.0104    100.0    30.9912     1.0656  0.0000  riscv_core
core_clock_gate_i                     1.0212      0.0     0.0000     1.0212  0.0000  cluster_clock_gating
cs_registers_i                      366.1224      3.4   251.6592    93.8616  0.0000  riscv_cs_registers_N_EXT_CNT0_APU0_FPU0_PULP_SECURE0
cs_registers_i/add_775               20.6016      0.2    20.6016     0.0000  0.0000  riscv_cs_registers_N_EXT_CNT0_APU0_FPU0_PULP_SECURE0_DW01_inc_0
debug_unit_i                        183.7716      1.7   110.0232    73.7484  0.0000  riscv_debug_unit
ex_stage_i                         4168.6271     38.6    34.2324     7.4592  0.0000  riscv_ex_stage_FPU0_SHARED_FP0_SHARED_DSP_MULT0_SHARED_INT_DIV0_APU_NARGS_CPU3_APU_WOP_CPU6_APU_NDSFLAGS_CPU15_APU_NUSFLAGS_CPU5
ex_stage_i/alu_i                   1418.1360     13.1   669.1080     0.0000  0.0000  riscv_alu_SHARED_INT_DIV0_FPU0
ex_stage_i/alu_i/add_168             35.8752      0.3    35.8752     0.0000  0.0000  riscv_alu_SHARED_INT_DIV0_FPU0_DW01_add_2
ex_stage_i/alu_i/add_182             32.1012      0.3    32.1012     0.0000  0.0000  riscv_alu_SHARED_INT_DIV0_FPU0_DW01_add_1
ex_stage_i/alu_i/alu_ff_i            16.6500      0.2    16.6500     0.0000  0.0000  alu_ff
ex_stage_i/alu_i/alu_popcnt_i        40.2708      0.4    40.2708     0.0000  0.0000  alu_popcnt
ex_stage_i/alu_i/int_div_div_i      411.3660      3.8   164.3244   114.0192  0.0000  riscv_alu_div
ex_stage_i/alu_i/int_div_div_i/add_107
                                     32.4120      0.3    32.4120     0.0000  0.0000  riscv_alu_div_DW01_add_0
ex_stage_i/alu_i/int_div_div_i/r76
                                     33.3000      0.3    33.3000     0.0000  0.0000  riscv_alu_div_DW01_cmp6_0
ex_stage_i/alu_i/int_div_div_i/sub_100
                                     29.0376      0.3    29.0376     0.0000  0.0000  riscv_alu_div_DW01_sub_1
ex_stage_i/alu_i/int_div_div_i/sub_107
                                     38.2728      0.4    38.2728     0.0000  0.0000  riscv_alu_div_DW01_sub_0
ex_stage_i/alu_i/sll_881             19.6248      0.2    19.6248     0.0000  0.0000  riscv_alu_SHARED_INT_DIV0_FPU0_DW01_ash_1
ex_stage_i/alu_i/sll_882             67.8876      0.6    67.8876     0.0000  0.0000  riscv_alu_SHARED_INT_DIV0_FPU0_DW01_ash_0
ex_stage_i/alu_i/srl_283            125.2524      1.2   125.2524     0.0000  0.0000  riscv_alu_SHARED_INT_DIV0_FPU0_DW_rash_0
ex_stage_i/mult_i                  2708.7995     25.1   110.3784     4.4844  0.0000  riscv_mult_SHARED_DSP_MULT0
ex_stage_i/mult_i/add_0_root_add_0_root_add_114_2
                                     34.7208      0.3    34.7208     0.0000  0.0000  riscv_mult_SHARED_DSP_MULT0_DW01_add_15
ex_stage_i/mult_i/add_0_root_add_0_root_add_230_2
                                     32.6784      0.3    32.6784     0.0000  0.0000  riscv_mult_SHARED_DSP_MULT0_DW01_add_12
ex_stage_i/mult_i/add_0_root_add_0_root_add_269_4
                                     32.4120      0.3    32.4120     0.0000  0.0000  riscv_mult_SHARED_DSP_MULT0_DW01_add_4
ex_stage_i/mult_i/add_0_root_add_0_root_add_283_2
                                     32.6784      0.3    32.6784     0.0000  0.0000  riscv_mult_SHARED_DSP_MULT0_DW01_add_0
ex_stage_i/mult_i/add_1_root_add_0_root_add_114_2
                                     33.6108      0.3    33.6108     0.0000  0.0000  riscv_mult_SHARED_DSP_MULT0_DW01_add_16
ex_stage_i/mult_i/add_1_root_add_0_root_add_230_2
                                     32.6784      0.3    32.6784     0.0000  0.0000  riscv_mult_SHARED_DSP_MULT0_DW01_add_14
ex_stage_i/mult_i/add_1_root_add_0_root_add_269_4
                                     32.4120      0.3    32.4120     0.0000  0.0000  riscv_mult_SHARED_DSP_MULT0_DW01_add_5
ex_stage_i/mult_i/add_1_root_add_0_root_add_283_2
                                     32.6784      0.3    32.6784     0.0000  0.0000  riscv_mult_SHARED_DSP_MULT0_DW01_add_1
ex_stage_i/mult_i/add_2_root_add_269_4
                                     20.4240      0.2    20.4240     0.0000  0.0000  riscv_mult_SHARED_DSP_MULT0_DW01_add_7
ex_stage_i/mult_i/add_3_root_add_269_4
                                     19.4028      0.2    19.4028     0.0000  0.0000  riscv_mult_SHARED_DSP_MULT0_DW01_add_6
ex_stage_i/mult_i/mult_113          371.6724      3.4   346.6752     0.0000  0.0000  riscv_mult_SHARED_DSP_MULT0_DW02_mult_7
ex_stage_i/mult_i/mult_113/FS_1      24.9972      0.2    24.9972     0.0000  0.0000  riscv_mult_SHARED_DSP_MULT0_DW01_add_17
ex_stage_i/mult_i/mult_230          644.5992      6.0   644.5992     0.0000  0.0000  riscv_mult_SHARED_DSP_MULT0_DW02_mult_6
ex_stage_i/mult_i/mult_264          108.1140      1.0    95.5488     0.0000  0.0000  riscv_mult_SHARED_DSP_MULT0_DW02_mult_2
ex_stage_i/mult_i/mult_264/FS_1      12.5652      0.1    12.5652     0.0000  0.0000  riscv_mult_SHARED_DSP_MULT0_DW01_add_8
ex_stage_i/mult_i/mult_265          108.1140      1.0    95.5488     0.0000  0.0000  riscv_mult_SHARED_DSP_MULT0_DW02_mult_3
ex_stage_i/mult_i/mult_265/FS_1      12.5652      0.1    12.5652     0.0000  0.0000  riscv_mult_SHARED_DSP_MULT0_DW01_add_9
ex_stage_i/mult_i/mult_266          108.1140      1.0    95.5488     0.0000  0.0000  riscv_mult_SHARED_DSP_MULT0_DW02_mult_4
ex_stage_i/mult_i/mult_266/FS_1      12.5652      0.1    12.5652     0.0000  0.0000  riscv_mult_SHARED_DSP_MULT0_DW01_add_10
ex_stage_i/mult_i/mult_267          108.1140      1.0    95.5488     0.0000  0.0000  riscv_mult_SHARED_DSP_MULT0_DW02_mult_5
ex_stage_i/mult_i/mult_267/FS_1      12.5652      0.1    12.5652     0.0000  0.0000  riscv_mult_SHARED_DSP_MULT0_DW01_add_11
ex_stage_i/mult_i/mult_280          369.0972      3.4   347.2080     0.0000  0.0000  riscv_mult_SHARED_DSP_MULT0_DW02_mult_0
ex_stage_i/mult_i/mult_280/FS_1      21.8892      0.2    21.8892     0.0000  0.0000  riscv_mult_SHARED_DSP_MULT0_DW01_add_2
ex_stage_i/mult_i/mult_281          369.0972      3.4   347.2080     0.0000  0.0000  riscv_mult_SHARED_DSP_MULT0_DW02_mult_1
ex_stage_i/mult_i/mult_281/FS_1      21.8892      0.2    21.8892     0.0000  0.0000  riscv_mult_SHARED_DSP_MULT0_DW01_add_3
ex_stage_i/mult_i/sll_101            23.0436      0.2    23.0436     0.0000  0.0000  riscv_mult_SHARED_DSP_MULT0_DW01_ash_0
ex_stage_i/mult_i/sra_117            80.2752      0.7    80.2752     0.0000  0.0000  riscv_mult_SHARED_DSP_MULT0_DW_rash_0
id_stage_i                         4815.9349     44.6   703.1628   403.9512  0.0000  riscv_id_stage_N_HWLP2_PULP_SECURE0_FPU0_APU0_SHARED_FP0_SHARED_DSP_MULT0_SHARED_INT_DIV0_SHARED_FP_DIVSQRT0_WAPUTYPE0_APU_NARGS_CPU3_APU_WOP_CPU6_APU_NDSFLAGS_CPU15_APU_NUSFLAGS_CPU5
id_stage_i/add_536                   26.2848      0.2    26.2848     0.0000  0.0000  riscv_id_stage_N_HWLP2_PULP_SECURE0_FPU0_APU0_SHARED_FP0_SHARED_DSP_MULT0_SHARED_INT_DIV0_SHARED_FP_DIVSQRT0_WAPUTYPE0_APU_NARGS_CPU3_APU_WOP_CPU6_APU_NDSFLAGS_CPU15_APU_NUSFLAGS_CPU5_DW01_add_3
id_stage_i/add_537                   24.4200      0.2    24.4200     0.0000  0.0000  riscv_id_stage_N_HWLP2_PULP_SECURE0_FPU0_APU0_SHARED_FP0_SHARED_DSP_MULT0_SHARED_INT_DIV0_SHARED_FP_DIVSQRT0_WAPUTYPE0_APU_NARGS_CPU3_APU_WOP_CPU6_APU_NDSFLAGS_CPU15_APU_NUSFLAGS_CPU5_DW01_add_2
id_stage_i/add_580                   31.3908      0.3    31.3908     0.0000  0.0000  riscv_id_stage_N_HWLP2_PULP_SECURE0_FPU0_APU0_SHARED_FP0_SHARED_DSP_MULT0_SHARED_INT_DIV0_SHARED_FP_DIVSQRT0_WAPUTYPE0_APU_NARGS_CPU3_APU_WOP_CPU6_APU_NDSFLAGS_CPU15_APU_NUSFLAGS_CPU5_DW01_add_1
id_stage_i/add_581                   31.3908      0.3    31.3908     0.0000  0.0000  riscv_id_stage_N_HWLP2_PULP_SECURE0_FPU0_APU0_SHARED_FP0_SHARED_DSP_MULT0_SHARED_INT_DIV0_SHARED_FP_DIVSQRT0_WAPUTYPE0_APU_NARGS_CPU3_APU_WOP_CPU6_APU_NDSFLAGS_CPU15_APU_NUSFLAGS_CPU5_DW01_add_0
id_stage_i/controller_i              75.1692      0.7    67.4880     7.6812  0.0000  riscv_controller_FPU0
id_stage_i/decoder_i                164.3244      1.5   164.3244     0.0000  0.0000  riscv_decoder_FPU0_PULP_SECURE0_SHARED_FP0_SHARED_DSP_MULT0_SHARED_INT_DIV0_SHARED_FP_DIVSQRT0_WAPUTYPE0_APU_WOP_CPU6
id_stage_i/hwloop_regs_i            389.4768      3.6   143.6784   204.5952  0.0000  riscv_hwloop_regs_N_REGS2
id_stage_i/hwloop_regs_i/sub_103     20.6016      0.2    20.6016     0.0000  0.0000  riscv_hwloop_regs_N_REGS2_DW01_dec_1
id_stage_i/hwloop_regs_i/sub_103_G2
                                     20.6016      0.2    20.6016     0.0000  0.0000  riscv_hwloop_regs_N_REGS2_DW01_dec_0
id_stage_i/int_controller_i          14.6520      0.1     6.1272     8.5248  0.0000  riscv_int_controller_PULP_SECURE0
id_stage_i/r162                      32.4120      0.3    32.4120     0.0000  0.0000  riscv_id_stage_N_HWLP2_PULP_SECURE0_FPU0_APU0_SHARED_FP0_SHARED_DSP_MULT0_SHARED_INT_DIV0_SHARED_FP_DIVSQRT0_WAPUTYPE0_APU_NARGS_CPU3_APU_WOP_CPU6_APU_NDSFLAGS_CPU15_APU_NUSFLAGS_CPU5_DW01_add_4
id_stage_i/registers_i             2878.8960     26.7  1821.8208  1057.0752  0.0000  riscv_register_file_ADDR_WIDTH6_FPU0
id_stage_i/sll_468                   19.9800      0.2    19.9800     0.0000  0.0000  riscv_id_stage_N_HWLP2_PULP_SECURE0_FPU0_APU0_SHARED_FP0_SHARED_DSP_MULT0_SHARED_INT_DIV0_SHARED_FP_DIVSQRT0_WAPUTYPE0_APU_NARGS_CPU3_APU_WOP_CPU6_APU_NDSFLAGS_CPU15_APU_NUSFLAGS_CPU5_DW01_ash_0
id_stage_i/sub_468                   20.4240      0.2    20.4240     0.0000  0.0000  riscv_id_stage_N_HWLP2_PULP_SECURE0_FPU0_APU0_SHARED_FP0_SHARED_DSP_MULT0_SHARED_INT_DIV0_SHARED_FP_DIVSQRT0_WAPUTYPE0_APU_NARGS_CPU3_APU_WOP_CPU6_APU_NDSFLAGS_CPU15_APU_NUSFLAGS_CPU5_DW01_dec_0
if_stage_i                          977.4660      9.0   120.1908    77.8332  0.0000  riscv_if_stage_N_HWLP2_RDATA_WIDTH32_FPU0
if_stage_i/compressed_decoder_i      65.5788      0.6    65.5788     0.0000  0.0000  riscv_compressed_decoder_FPU0
if_stage_i/hwloop_controller_i       67.8876      0.6    29.2596     0.0000  0.0000  riscv_hwloop_controller_N_REGS2
if_stage_i/hwloop_controller_i/eq_64
                                     19.3140      0.2    19.3140     0.0000  0.0000  riscv_hwloop_controller_N_REGS2_DW01_cmp6_1
if_stage_i/hwloop_controller_i/eq_64_G2
                                     19.3140      0.2    19.3140     0.0000  0.0000  riscv_hwloop_controller_N_REGS2_DW01_cmp6_0
if_stage_i/prefetch_32_prefetch_buffer_i
                                    645.9756      6.0    97.3248    39.4272  0.0000  riscv_prefetch_buffer
if_stage_i/prefetch_32_prefetch_buffer_i/add_115
                                     21.8448      0.2    21.8448     0.0000  0.0000  riscv_prefetch_buffer_DW01_add_0
if_stage_i/prefetch_32_prefetch_buffer_i/fifo_i
                                    487.3788      4.5   256.8984   211.2108  0.0000  riscv_fetch_fifo
if_stage_i/prefetch_32_prefetch_buffer_i/fifo_i/add_182
                                     19.2696      0.2    19.2696     0.0000  0.0000  riscv_fetch_fifo_DW01_inc_0
load_store_unit_i                   256.0104      2.4   169.9632    42.6240  0.0000  riscv_load_store_unit
load_store_unit_i/add_463_aco        32.6784      0.3    32.6784     0.0000  0.0000  riscv_load_store_unit_DW01_add_0
load_store_unit_i/mult_add_463_aco
                                     10.7448      0.1    10.7448     0.0000  0.0000  riscv_load_store_unit_DW02_mult_0
--------------------------------  ----------  -------  ---------  ---------  ------  --------------------------------------------------------------------------------------------------------------------------------------------------------------------------------------------------
Total                                                  8452.4279  2348.5825  0.0000

1
