 
****************************************
Report : constraint
        -all_violators
Design : riscv_core
Version: O-2018.06-SP1
Date   : Wed Mar  6 23:53:23 2024
****************************************


   min_delay/hold ('CLK_I' group)

                             Required        Actual
   Endpoint                 Path Delay     Path Delay        Slack
   -----------------------------------------------------------------
   id_stage_i/int_controller_i/exc_ctrl_cs_reg_1_/D     0.09     0.09 f     0.00 (VIOLATED: increase significant digits)
   id_stage_i/controller_i/boot_done_q_reg/D     0.09     0.09 f     0.00 (VIOLATED: increase significant digits)


   min_capacitance

                             Required        Actual
   Net                      Capacitance    Capacitance       Slack
   -----------------------------------------------------------------
   data_addr_o[2]               0.15           0.00          -0.15  (VIOLATED)
   data_addr_o[3]               0.15           0.00          -0.15  (VIOLATED)
   data_addr_o[4]               0.15           0.00          -0.15  (VIOLATED)
   data_addr_o[5]               0.15           0.00          -0.15  (VIOLATED)
   data_addr_o[6]               0.15           0.00          -0.15  (VIOLATED)
   data_addr_o[7]               0.15           0.00          -0.15  (VIOLATED)
   data_addr_o[8]               0.15           0.00          -0.15  (VIOLATED)
   data_addr_o[9]               0.15           0.00          -0.15  (VIOLATED)
   data_addr_o[10]              0.15           0.00          -0.15  (VIOLATED)
   data_addr_o[11]              0.15           0.00          -0.15  (VIOLATED)
   data_addr_o[12]              0.15           0.00          -0.15  (VIOLATED)
   data_addr_o[13]              0.15           0.00          -0.15  (VIOLATED)
   data_addr_o[14]              0.15           0.00          -0.15  (VIOLATED)
   data_addr_o[15]              0.15           0.00          -0.15  (VIOLATED)
   data_addr_o[16]              0.15           0.00          -0.15  (VIOLATED)
   data_addr_o[17]              0.15           0.00          -0.15  (VIOLATED)
   data_addr_o[18]              0.15           0.00          -0.15  (VIOLATED)
   data_addr_o[19]              0.15           0.00          -0.15  (VIOLATED)
   data_addr_o[20]              0.15           0.00          -0.15  (VIOLATED)
   data_addr_o[21]              0.15           0.00          -0.15  (VIOLATED)
   data_addr_o[22]              0.15           0.00          -0.15  (VIOLATED)
   data_addr_o[23]              0.15           0.00          -0.15  (VIOLATED)
   data_addr_o[24]              0.15           0.00          -0.15  (VIOLATED)
   data_addr_o[25]              0.15           0.00          -0.15  (VIOLATED)
   data_addr_o[26]              0.15           0.00          -0.15  (VIOLATED)
   data_addr_o[27]              0.15           0.00          -0.15  (VIOLATED)
   data_addr_o[28]              0.15           0.00          -0.15  (VIOLATED)
   data_addr_o[29]              0.15           0.00          -0.15  (VIOLATED)
   data_addr_o[30]              0.15           0.00          -0.15  (VIOLATED)
   data_addr_o[31]              0.15           0.00          -0.15  (VIOLATED)
   data_be_o[0]                 0.15           0.00          -0.15  (VIOLATED)
   data_be_o[1]                 0.15           0.00          -0.15  (VIOLATED)
   data_be_o[2]                 0.15           0.00          -0.15  (VIOLATED)
   data_be_o[3]                 0.15           0.00          -0.15  (VIOLATED)
   data_wdata_o[0]              0.15           0.00          -0.15  (VIOLATED)
   data_wdata_o[1]              0.15           0.00          -0.15  (VIOLATED)
   data_wdata_o[2]              0.15           0.00          -0.15  (VIOLATED)
   data_wdata_o[3]              0.15           0.00          -0.15  (VIOLATED)
   data_wdata_o[4]              0.15           0.00          -0.15  (VIOLATED)
   data_wdata_o[5]              0.15           0.00          -0.15  (VIOLATED)
   data_wdata_o[6]              0.15           0.00          -0.15  (VIOLATED)
   data_wdata_o[7]              0.15           0.00          -0.15  (VIOLATED)
   data_wdata_o[8]              0.15           0.00          -0.15  (VIOLATED)
   data_wdata_o[9]              0.15           0.00          -0.15  (VIOLATED)
   data_wdata_o[10]             0.15           0.00          -0.15  (VIOLATED)
   data_wdata_o[11]             0.15           0.00          -0.15  (VIOLATED)
   data_wdata_o[12]             0.15           0.00          -0.15  (VIOLATED)
   data_wdata_o[13]             0.15           0.00          -0.15  (VIOLATED)
   data_wdata_o[14]             0.15           0.00          -0.15  (VIOLATED)
   data_wdata_o[15]             0.15           0.00          -0.15  (VIOLATED)
   data_wdata_o[16]             0.15           0.00          -0.15  (VIOLATED)
   data_wdata_o[17]             0.15           0.00          -0.15  (VIOLATED)
   data_wdata_o[18]             0.15           0.00          -0.15  (VIOLATED)
   data_wdata_o[19]             0.15           0.00          -0.15  (VIOLATED)
   data_wdata_o[20]             0.15           0.00          -0.15  (VIOLATED)
   data_wdata_o[21]             0.15           0.00          -0.15  (VIOLATED)
   data_wdata_o[22]             0.15           0.00          -0.15  (VIOLATED)
   data_wdata_o[23]             0.15           0.00          -0.15  (VIOLATED)
   data_wdata_o[24]             0.15           0.00          -0.15  (VIOLATED)
   data_wdata_o[25]             0.15           0.00          -0.15  (VIOLATED)
   data_wdata_o[26]             0.15           0.00          -0.15  (VIOLATED)
   data_wdata_o[27]             0.15           0.00          -0.15  (VIOLATED)
   data_wdata_o[28]             0.15           0.00          -0.15  (VIOLATED)
   data_wdata_o[29]             0.15           0.00          -0.15  (VIOLATED)
   data_wdata_o[30]             0.15           0.00          -0.15  (VIOLATED)
   data_wdata_o[31]             0.15           0.00          -0.15  (VIOLATED)
   debug_rdata_o[0]             0.15           0.00          -0.15  (VIOLATED)
   debug_rdata_o[1]             0.15           0.00          -0.15  (VIOLATED)
   debug_rdata_o[2]             0.15           0.00          -0.15  (VIOLATED)
   debug_rdata_o[3]             0.15           0.00          -0.15  (VIOLATED)
   debug_rdata_o[4]             0.15           0.00          -0.15  (VIOLATED)
   debug_rdata_o[5]             0.15           0.00          -0.15  (VIOLATED)
   debug_rdata_o[6]             0.15           0.00          -0.15  (VIOLATED)
   debug_rdata_o[7]             0.15           0.00          -0.15  (VIOLATED)
   debug_rdata_o[8]             0.15           0.00          -0.15  (VIOLATED)
   debug_rdata_o[9]             0.15           0.00          -0.15  (VIOLATED)
   debug_rdata_o[10]            0.15           0.00          -0.15  (VIOLATED)
   debug_rdata_o[11]            0.15           0.00          -0.15  (VIOLATED)
   debug_rdata_o[12]            0.15           0.00          -0.15  (VIOLATED)
   debug_rdata_o[13]            0.15           0.00          -0.15  (VIOLATED)
   debug_rdata_o[14]            0.15           0.00          -0.15  (VIOLATED)
   debug_rdata_o[15]            0.15           0.00          -0.15  (VIOLATED)
   debug_rdata_o[16]            0.15           0.00          -0.15  (VIOLATED)
   debug_rdata_o[17]            0.15           0.00          -0.15  (VIOLATED)
   debug_rdata_o[18]            0.15           0.00          -0.15  (VIOLATED)
   debug_rdata_o[19]            0.15           0.00          -0.15  (VIOLATED)
   debug_rdata_o[20]            0.15           0.00          -0.15  (VIOLATED)
   debug_rdata_o[21]            0.15           0.00          -0.15  (VIOLATED)
   debug_rdata_o[22]            0.15           0.00          -0.15  (VIOLATED)
   debug_rdata_o[23]            0.15           0.00          -0.15  (VIOLATED)
   debug_rdata_o[24]            0.15           0.00          -0.15  (VIOLATED)
   debug_rdata_o[25]            0.15           0.00          -0.15  (VIOLATED)
   debug_rdata_o[26]            0.15           0.00          -0.15  (VIOLATED)
   debug_rdata_o[27]            0.15           0.00          -0.15  (VIOLATED)
   debug_rdata_o[28]            0.15           0.00          -0.15  (VIOLATED)
   debug_rdata_o[29]            0.15           0.00          -0.15  (VIOLATED)
   debug_rdata_o[30]            0.15           0.00          -0.15  (VIOLATED)
   debug_rdata_o[31]            0.15           0.00          -0.15  (VIOLATED)
   instr_addr_o[0]              0.15           0.00          -0.15  (VIOLATED)
   instr_addr_o[1]              0.15           0.00          -0.15  (VIOLATED)
   instr_req_o                  0.15           0.00          -0.15  (VIOLATED)

   -----------------------------------------------------------------
   Total                      101               -14.69  

1
