/home/synopsys/syn/O-2018.06-SP1/auxx/gui/dv/dv_setup.tcl
/home/synopsys/syn/O-2018.06-SP1/auxx/gui/syn/snpsSynProcs.tcl
/home/synopsys/syn/O-2018.06-SP1/auxx/gui/syn/layout/pkgIndex.tcl
/home/synopsys/syn/O-2018.06-SP1/auxx/gui/common/tq/pkgIndex.tcl
/home/synopsys/syn/O-2018.06-SP1/auxx/gui/common/docBrowser/pkgIndex.tcl
/home/synopsys/syn/O-2018.06-SP1/auxx/gui/common/qtcl/pkgIndex.tcl
/home/synopsys/syn/O-2018.06-SP1/auxx/gui/common/profiler/pkgIndex.tcl
/home/synopsys/syn/O-2018.06-SP1/auxx/gui/common/highlight/pkgIndex.tcl
/home/synopsys/syn/O-2018.06-SP1/auxx/gui/common/tiledview/pkgIndex.tcl
/home/synopsys/syn/O-2018.06-SP1/auxx/gui/common/mrupalette/pkgIndex.tcl
/home/synopsys/syn/O-2018.06-SP1/auxx/gui/common/histogram/pkgIndex.tcl
/home/synopsys/syn/O-2018.06-SP1/auxx/gui/common/palettegroup/pkgIndex.tcl
/home/synopsys/syn/O-2018.06-SP1/auxx/gui/common/layout/pkgIndex.tcl
/home/synopsys/syn/O-2018.06-SP1/auxx/gui/common/select/pkgIndex.tcl
/home/synopsys/syn/O-2018.06-SP1/auxx/gui/common/pathinspector/pkgIndex.tcl
/home/synopsys/syn/O-2018.06-SP1/auxx/gui/common/regressionToolkit/pkgIndex.tcl
/home/synopsys/syn/O-2018.06-SP1/auxx/gui/common/fanoutviewer/pkgIndex.tcl
/home/synopsys/syn/O-2018.06-SP1/auxx/gui/common/table/pkgIndex.tcl
/home/synopsys/syn/O-2018.06-SP1/auxx/gui/common/opdlg/pkgIndex.tcl
/home/synopsys/syn/O-2018.06-SP1/auxx/gui/common/timing/pkgIndex.tcl
/home/synopsys/syn/O-2018.06-SP1/auxx/gui/common/acg/pkgIndex.tcl
/home/synopsys/syn/O-2018.06-SP1/auxx/gui/common/strokes/pkgIndex.tcl
/home/synopsys/syn/O-2018.06-SP1/auxx/gui/common/libviewer/pkgIndex.tcl
/home/synopsys/syn/O-2018.06-SP1/auxx/gui/common/menus/pkgIndex.tcl
/home/synopsys/syn/O-2018.06-SP1/auxx/gui/common/view/pkgIndex.tcl
/home/synopsys/syn/O-2018.06-SP1/auxx/gui/common/commandform/pkgIndex.tcl
/home/synopsys/syn/O-2018.06-SP1/auxx/gui/common/WindowFrameWork/pkgIndex.tcl
/home/synopsys/syn/O-2018.06-SP1/auxx/gui/common/schematic/pkgIndex.tcl
/home/synopsys/syn/O-2018.06-SP1/auxx/gui/common/misc/pkgIndex.tcl
/home/synopsys/syn/O-2018.06-SP1/auxx/gui/common/tcl-dp/pkgIndex.tcl
/home/synopsys/syn/O-2018.06-SP1/auxx/gui/common/dialogs/pkgIndex.tcl
/home/synopsys/syn/O-2018.06-SP1/auxx/gui/common/setup/pkgIndex.tcl
/home/synopsys/syn/O-2018.06-SP1/auxx/gui/common/hierarchy/pkgIndex.tcl
/home/synopsys/syn/O-2018.06-SP1/auxx/gui/dv/pkgIndex.tcl
/home/synopsys/syn/O-2018.06-SP1/auxx/syn/lib/pkgIndex.tcl
/home/synopsys/syn/O-2018.06-SP1/auxx/tcllib/lib/iwidgets4.1/pkgIndex.tcl
/home/synopsys/syn/O-2018.06-SP1/auxx/tcllib/snps_tcl/snpsTclPro/pkgIndex.tcl
/home/synopsys/syn/O-2018.06-SP1/auxx/tcllib/snps_tcl/snpsTest/pkgIndex.tcl
/home/synopsys/syn/O-2018.06-SP1/auxx/tcllib/snps_tcl/snpsUtils/pkgIndex.tcl
/home/synopsys/syn/O-2018.06-SP1/auxx/tcllib/snps_tcl/pkgIndex.tcl
/home/synopsys/syn/O-2018.06-SP1/auxx/tcllib/lib/tcl8.6/reg/pkgIndex.tcl
/home/synopsys/syn/O-2018.06-SP1/auxx/tcllib/lib/tcl8.6/dde/pkgIndex.tcl
/home/synopsys/syn/O-2018.06-SP1/auxx/tcllib/lib/tcl8.6/platform/pkgIndex.tcl
/home/synopsys/syn/O-2018.06-SP1/auxx/tcllib/lib/tcl8.6/tcltest/pkgIndex.tcl
/home/synopsys/syn/O-2018.06-SP1/auxx/tcllib/lib/tcl8.6/http/pkgIndex.tcl
/home/synopsys/syn/O-2018.06-SP1/auxx/tcllib/lib/tcl8.6/msgcat/pkgIndex.tcl
/home/synopsys/syn/O-2018.06-SP1/auxx/tcllib/lib/tcl8.6/http1.0/pkgIndex.tcl
/home/synopsys/syn/O-2018.06-SP1/auxx/tcllib/lib/tcl8.6/opt/pkgIndex.tcl
/home/synopsys/syn/O-2018.06-SP1/auxx/gui/common/setup/snpsCommonSetup.tcl
/home/synopsys/syn/O-2018.06-SP1/auxx/gui/common/setup/snpsCustomize.tcl
/home/synopsys/syn/O-2018.06-SP1/auxx/gui/common/setup/snpsProcheck.tcl
/home/synopsys/syn/O-2018.06-SP1/auxx/gui/common/qtcl/.synopsys_qtcl.tcl
/home/synopsys/syn/O-2018.06-SP1/auxx/gui/common/highlight/highlight.tcl
/home/synopsys/syn/O-2018.06-SP1/auxx/gui/common/misc/base.tcl
/home/synopsys/syn/O-2018.06-SP1/auxx/gui/common/misc/timing.tcl
/home/synopsys/syn/O-2018.06-SP1/auxx/gui/common/misc/setting.tcl
/home/synopsys/syn/O-2018.06-SP1/auxx/gui/common/misc/preset.tcl
/home/synopsys/syn/O-2018.06-SP1/auxx/gui/common/WindowFrameWork/windowFrameWork.tcl
/home/synopsys/syn/O-2018.06-SP1/auxx/gui/common/WindowFrameWork/skipBusyCursorCmdList.tcl
/home/synopsys/syn/O-2018.06-SP1/auxx/gui/common/docBrowser/docBrowser.tcl
/home/synopsys/syn/O-2018.06-SP1/auxx/tcllib/snps_tcl/snpsUtils/snpsUtils.tcl
/home/synopsys/syn/O-2018.06-SP1/auxx/gui/common/dialogs/ObjectChooser.tcl
/home/synopsys/syn/O-2018.06-SP1/auxx/gui/common/misc/DialogObjectChooser.tcl
/home/synopsys/syn/O-2018.06-SP1/auxx/gui/common/dialogs/HistBinInformation.tcl
/home/synopsys/syn/O-2018.06-SP1/auxx/gui/common/dialogs/HistBin1Information.tcl
/home/synopsys/syn/O-2018.06-SP1/auxx/gui/common/dialogs/BinsOnlyInformation.tcl
/home/synopsys/syn/O-2018.06-SP1/auxx/gui/common/dialogs/FileChooser.tcl
/home/synopsys/syn/O-2018.06-SP1/auxx/gui/common/dialogs/PathPinSimpleInfo.tcl
/home/synopsys/syn/O-2018.06-SP1/auxx/gui/common/dialogs/PathsBasicInfo.tcl
/home/synopsys/syn/O-2018.06-SP1/auxx/gui/common/dialogs/PathsBasicSimpleInfo.tcl
/home/synopsys/syn/O-2018.06-SP1/auxx/gui/common/dialogs/SlctOperationInfo.tcl
/home/synopsys/syn/O-2018.06-SP1/auxx/gui/common/dialogs/ObjectListInfo.tcl
/home/synopsys/syn/O-2018.06-SP1/auxx/gui/common/dialogs/FanInOutInfo.tcl
/home/synopsys/syn/O-2018.06-SP1/auxx/gui/common/dialogs/NumberOfLevelsChooser.tcl
/home/synopsys/syn/O-2018.06-SP1/auxx/gui/common/dialogs/WindowReuseInfo.tcl
/home/synopsys/syn/O-2018.06-SP1/auxx/gui/common/dialogs/ReportOutputOptionInfo.tcl
/home/synopsys/syn/O-2018.06-SP1/auxx/gui/common/setup/snpsCollections.tcl
/home/synopsys/syn/O-2018.06-SP1/auxx/gui/common/dialogs/CompileLinkDesign.tcl
/home/synopsys/syn/O-2018.06-SP1/auxx/gui/common/histogram/DialogEndpointSlack.tcl
/home/synopsys/syn/O-2018.06-SP1/auxx/gui/common/histogram/DialogPathsSlack.tcl
/home/synopsys/syn/O-2018.06-SP1/auxx/gui/common/histogram/DialogNetCapacitance.tcl
/home/synopsys/syn/O-2018.06-SP1/auxx/gui/common/schematic/DialogPathSchematicFanInOut.tcl
/home/synopsys/syn/O-2018.06-SP1/auxx/gui/common/schematic/DialogPathSchematicAddPaths.tcl
/mnt/hgfs/Gp_CV32e40p/1-Synthesis/scripts/syn_script.tcl
/mnt/hgfs/Gp_CV32e40p/1-Synthesis/scripts/elaborate_riscy.tcl
/mnt/hgfs/Gp_CV32e40p/defines/apu_core_package.sv
/mnt/hgfs/Gp_CV32e40p/defines/riscv_defines.sv
/mnt/hgfs/Gp_CV32e40p/rtl/apu_macros.sv
/mnt/hgfs/Gp_CV32e40p/rtl/riscv_config.sv
/mnt/hgfs/Gp_CV32e40p/rtl/apu_macros.sv
/mnt/hgfs/Gp_CV32e40p/rtl/apu_macros.sv
/mnt/hgfs/Gp_CV32e40p/rtl/apu_macros.sv
/mnt/hgfs/Gp_CV32e40p/rtl/riscv_config.sv
/mnt/hgfs/Gp_CV32e40p/rtl/apu_macros.sv
/mnt/hgfs/Gp_CV32e40p/rtl/apu_macros.sv
/mnt/hgfs/Gp_CV32e40p/rtl/cluster_clock_gating.sv
/mnt/hgfs/Gp_CV32e40p/rtl/riscv_fetch_fifo.sv
/mnt/hgfs/Gp_CV32e40p/rtl/riscv_prefetch_buffer.sv
/mnt/hgfs/Gp_CV32e40p/rtl/riscv_L0_buffer.sv
/mnt/hgfs/Gp_CV32e40p/rtl/riscv_prefetch_L0_buffer.sv
/mnt/hgfs/Gp_CV32e40p/rtl/riscv_hwloop_controller.sv
/mnt/hgfs/Gp_CV32e40p/rtl/riscv_compressed_decoder.sv
/mnt/hgfs/Gp_CV32e40p/rtl/riscv_if_stage.sv
/mnt/hgfs/Gp_CV32e40p/rtl/riscv_register_file.sv
/mnt/hgfs/Gp_CV32e40p/rtl/riscv_decoder.sv
/mnt/hgfs/Gp_CV32e40p/rtl/apu_macros.sv
/mnt/hgfs/Gp_CV32e40p/rtl/riscv_controller.sv
/mnt/hgfs/Gp_CV32e40p/rtl/riscv_int_controller.sv
/mnt/hgfs/Gp_CV32e40p/rtl/riscv_hwloop_regs.sv
/mnt/hgfs/Gp_CV32e40p/rtl/riscv_id_stage.sv
/mnt/hgfs/Gp_CV32e40p/rtl/riscv_alu_div.sv
/mnt/hgfs/Gp_CV32e40p/rtl/riscv_alu.sv
/mnt/hgfs/Gp_CV32e40p/rtl/riscv_mult.sv
/mnt/hgfs/Gp_CV32e40p/rtl/riscv_apu_disp.sv
/mnt/hgfs/Gp_CV32e40p/rtl/apu_macros.sv
/mnt/hgfs/Gp_CV32e40p/rtl/riscv_ex_stage.sv
/mnt/hgfs/Gp_CV32e40p/rtl/apu_macros.sv
/mnt/hgfs/Gp_CV32e40p/rtl/riscv_load_store_unit.sv
/mnt/hgfs/Gp_CV32e40p/rtl/riscv_cs_registers.sv
/mnt/hgfs/Gp_CV32e40p/rtl/riscv_debug_unit.sv
/mnt/hgfs/Gp_CV32e40p/rtl/riscv_core.sv
/mnt/hgfs/Gp_CV32e40p/rtl/riscv_config.sv
/mnt/hgfs/Gp_CV32e40p/rtl/riscv_alu_basic.sv
/mnt/hgfs/SAED14nm_EDK_CORE_RVT_v_062020/stdcell_rvt/db_nldm/saed14rvt_ss0p6vm40c.db
/mnt/hgfs/SAED14nm_EDK_CORE_RVT_v_062020/stdcell_rvt/db_nldm/saed14rvt_ff0p88v25c.db
/home/synopsys/syn/O-2018.06-SP1/libraries/syn/gtech.db
/home/synopsys/syn/O-2018.06-SP1/libraries/syn/standard.sldb
/mnt/hgfs/Gp_CV32e40p/1-Synthesis/cons/explor_cons.tcl
/home/ICer/synopsys_cache_O-2018.06-SP1/DW01/DW01_ash/mx2/32/5/generic_5019/element.ddc
/home/ICer/synopsys_cache_O-2018.06-SP1/DW01/DW01_dec/rpl/32/generic_5019/element.ddc
/home/ICer/synopsys_cache_O-2018.06-SP1/DW01/DW01_cmp6/rpl/6/generic_5019/element.ddc
/home/ICer/synopsys_cache_O-2018.06-SP1/DW01/DW01_add/rpl/32/generic_5019_8167_8167/element.ddc
/home/ICer/synopsys_cache_O-2018.06-SP1/DW01/DW01_add/cla/32/generic_5019_8167_8167/element.ddc
/home/ICer/synopsys_cache_O-2018.06-SP1/DW01/DW01_add/rpl/32/generic_5019/element.ddc
/home/ICer/synopsys_cache_O-2018.06-SP1/DW01/DW01_sub/rpl/2/generic_5019_8167_8167/element.ddc
/home/ICer/synopsys_cache_O-2018.06-SP1/DW01/DW01_sub/cla/2/generic_5019_8167_8167/element.ddc
/home/ICer/synopsys_cache_O-2018.06-SP1/DW01/DW01_sub/rpl/2/generic_5019/element.ddc
/home/ICer/synopsys_cache_O-2018.06-SP1/DW02/DW02_mult/csa/32/1/generic_5019/element.ddc
/home/ICer/synopsys_cache_O-2018.06-SP1/DW01/DW01_inc/rpl/32/generic_5019/element.ddc
/home/ICer/synopsys_cache_O-2018.06-SP1/DW01/DW01_cmp6/rpl/32/generic_5019/element.ddc
/home/ICer/synopsys_cache_O-2018.06-SP1/DW01/DW01_cmp2/rpl/2/generic_5019/element.ddc
/home/ICer/synopsys_cache_O-2018.06-SP1/DW01/DW01_add/rpl/37/generic_5019_8167_8167/element.ddc
/home/ICer/synopsys_cache_O-2018.06-SP1/DW01/DW01_add/cla/37/generic_5019_8167_8167/element.ddc
/home/ICer/synopsys_cache_O-2018.06-SP1/DW01/DW01_add/rpl/37/generic_5019/element.ddc
/home/ICer/synopsys_cache_O-2018.06-SP1/DW01/DW_rash/mx2/17/4/generic_5019_8167_8167/element.ddc
/home/ICer/synopsys_cache_O-2018.06-SP1/DW01/DW_rash/mx2/17/4/generic_5019/element.ddc
/home/ICer/synopsys_cache_O-2018.06-SP1/DW01/DW_rash/mx2/9/3/generic_5019_8167_8167/element.ddc
/home/ICer/synopsys_cache_O-2018.06-SP1/DW01/DW_rash/mx2/9/3/generic_5019/element.ddc
/home/ICer/synopsys_cache_O-2018.06-SP1/DW01/DW_rash/mx2/63/5/generic_5019_8167_8167/element.ddc
/home/ICer/synopsys_cache_O-2018.06-SP1/DW01/DW_rash/mx2/63/5/generic_5019/element.ddc
/home/ICer/synopsys_cache_O-2018.06-SP1/DW01/DW01_cmp6/rpl/8/generic_5019/element.ddc
/home/ICer/synopsys_cache_O-2018.06-SP1/DW01/DW01_cmp2/rpl/9/generic_5019/element.ddc
/home/ICer/synopsys_cache_O-2018.06-SP1/DW01/DW01_sub/rpl/5/generic_5019_8167_8167/element.ddc
/home/ICer/synopsys_cache_O-2018.06-SP1/DW01/DW01_sub/cla/5/generic_5019_8167_8167/element.ddc
/home/ICer/synopsys_cache_O-2018.06-SP1/DW01/DW01_sub/rpl/5/generic_5019/element.ddc
/home/ICer/synopsys_cache_O-2018.06-SP1/DW01/DW01_dec/rpl/6/generic_5019/element.ddc
/home/ICer/synopsys_cache_O-2018.06-SP1/DW01/DW01_add/rpl/6/generic_5019_8167_8167/element.ddc
/home/ICer/synopsys_cache_O-2018.06-SP1/DW01/DW01_add/cla/6/generic_5019_8167_8167/element.ddc
/home/ICer/synopsys_cache_O-2018.06-SP1/DW01/DW01_add/rpl/6/generic_5019/element.ddc
/home/ICer/synopsys_cache_O-2018.06-SP1/DW02/DW02_mult/csa/17/17/generic_5019/element.ddc
/home/ICer/synopsys_cache_O-2018.06-SP1/DW01/DW01_add/rpl/34/generic_5019_8167_8167/element.ddc
/home/ICer/synopsys_cache_O-2018.06-SP1/DW01/DW01_add/cla/34/generic_5019_8167_8167/element.ddc
/home/ICer/synopsys_cache_O-2018.06-SP1/DW01/DW01_add/rpl/34/generic_5019/element.ddc
/home/ICer/synopsys_cache_O-2018.06-SP1/DW01/DW_rash/mx2/34/5/generic_5019_8167_8167/element.ddc
/home/ICer/synopsys_cache_O-2018.06-SP1/DW01/DW_rash/mx2/34/5/generic_5019/element.ddc
/home/ICer/synopsys_cache_O-2018.06-SP1/DW02/DW02_mult/csa/32/32/generic_5019/element.ddc
/home/ICer/synopsys_cache_O-2018.06-SP1/DW02/DW02_mult/csa/9/9/generic_5019/element.ddc
/home/ICer/synopsys_cache_O-2018.06-SP1/DW01/DW01_add/rpl/19/generic_5019_8167_8167/element.ddc
/home/ICer/synopsys_cache_O-2018.06-SP1/DW01/DW01_add/cla/19/generic_5019_8167_8167/element.ddc
/home/ICer/synopsys_cache_O-2018.06-SP1/DW01/DW01_add/rpl/19/generic_5019/element.ddc
/home/ICer/synopsys_cache_O-2018.06-SP1/DW01/DW01_add/rpl/20/generic_5019_8167_8167/element.ddc
/home/ICer/synopsys_cache_O-2018.06-SP1/DW01/DW01_add/cla/20/generic_5019_8167_8167/element.ddc
/home/ICer/synopsys_cache_O-2018.06-SP1/DW01/DW01_add/rpl/20/generic_5019/element.ddc
/home/ICer/synopsys_cache_O-2018.06-SP1/DW01/DW01_add/rpl/21/generic_5019_8167_8167/element.ddc
/home/ICer/synopsys_cache_O-2018.06-SP1/DW01/DW01_add/cla/21/generic_5019_8167_8167/element.ddc
/home/ICer/synopsys_cache_O-2018.06-SP1/DW01/DW01_add/rpl/21/generic_5019/element.ddc
/home/ICer/synopsys_cache_O-2018.06-SP1/DW01/DW01_inc/rpl/30/generic_5019/element.ddc
/home/ICer/synopsys_cache_O-2018.06-SP1/DW01/DW01_add/rpl/2/generic_5019_8167_8167/element.ddc
/home/ICer/synopsys_cache_O-2018.06-SP1/DW01/DW01_add/cla/2/generic_5019_8167_8167/element.ddc
/home/ICer/synopsys_cache_O-2018.06-SP1/DW01/DW01_add/rpl/2/generic_5019/element.ddc
/home/ICer/synopsys_cache_O-2018.06-SP1/DW01/DW01_add/rpl/3/generic_5019_8167_8167/element.ddc
/home/ICer/synopsys_cache_O-2018.06-SP1/DW01/DW01_add/cla/3/generic_5019_8167_8167/element.ddc
/home/ICer/synopsys_cache_O-2018.06-SP1/DW01/DW01_add/rpl/3/generic_5019/element.ddc
/home/ICer/synopsys_cache_O-2018.06-SP1/DW01/DW01_add/rpl/4/generic_5019_8167_8167/element.ddc
/home/ICer/synopsys_cache_O-2018.06-SP1/DW01/DW01_add/cla/4/generic_5019_8167_8167/element.ddc
/home/ICer/synopsys_cache_O-2018.06-SP1/DW01/DW01_add/rpl/4/generic_5019/element.ddc
/home/ICer/synopsys_cache_O-2018.06-SP1/DW01/DW01_add/rpl/5/generic_5019_8167_8167/element.ddc
/home/ICer/synopsys_cache_O-2018.06-SP1/DW01/DW01_add/cla/5/generic_5019_8167_8167/element.ddc
/home/ICer/synopsys_cache_O-2018.06-SP1/DW01/DW01_add/rpl/5/generic_5019/element.ddc
/home/ICer/synopsys_cache_O-2018.06-SP1/DW01/DW01_sub/rpl/32/generic_5019_8167_8167/element.ddc
/home/ICer/synopsys_cache_O-2018.06-SP1/DW01/DW01_sub/cla/32/generic_5019_8167_8167/element.ddc
/home/ICer/synopsys_cache_O-2018.06-SP1/DW01/DW01_sub/rpl/32/generic_5019/element.ddc
/home/ICer/synopsys_cache_O-2018.06-SP1/DW01/DW01_cmp2/rpl/32/generic_5019/element.ddc
/home/ICer/synopsys_cache_O-2018.06-SP1/DW01/DW01_sub/rpl/2/saed14rvt_ss0p6vm40c_1620/element.ddc
/home/ICer/synopsys_cache_O-2018.06-SP1/DW01/DW01_cmp2/rpl/2/saed14rvt_ss0p6vm40c_1620/element.ddc
/home/ICer/synopsys_cache_O-2018.06-SP1/DW01/DW01_inc/rpl/32/saed14rvt_ss0p6vm40c_1620/element.ddc
/home/ICer/synopsys_cache_O-2018.06-SP1/DW01/DW_rash/mx2/34/5/saed14rvt_ss0p6vm40c_1620/element.ddc
/home/ICer/synopsys_cache_O-2018.06-SP1/DW01/DW01_ash/mx2/32/5/saed14rvt_ss0p6vm40c_1620/element.ddc
/home/ICer/synopsys_cache_O-2018.06-SP1/DW01/DW01_sub/rpl/5/saed14rvt_ss0p6vm40c_1620/element.ddc
/home/ICer/synopsys_cache_O-2018.06-SP1/DW01/DW01_cmp2/rpl/9/saed14rvt_ss0p6vm40c_1620/element.ddc
/home/ICer/synopsys_cache_O-2018.06-SP1/DW01/DW01_cmp6/rpl/8/saed14rvt_ss0p6vm40c_1620/element.ddc
/home/ICer/synopsys_cache_O-2018.06-SP1/DW01/DW_rash/mx2/63/5/saed14rvt_ss0p6vm40c_1620/element.ddc
/home/ICer/synopsys_cache_O-2018.06-SP1/DW01/DW_rash/mx2/9/3/saed14rvt_ss0p6vm40c_1620/element.ddc
/home/ICer/synopsys_cache_O-2018.06-SP1/DW01/DW_rash/mx2/17/4/saed14rvt_ss0p6vm40c_1620/element.ddc
/home/ICer/synopsys_cache_O-2018.06-SP1/DW01/DW01_add/rpl/6/saed14rvt_ss0p6vm40c_1620/element.ddc
/home/ICer/synopsys_cache_O-2018.06-SP1/DW01/DW01_dec/rpl/6/saed14rvt_ss0p6vm40c_1620/element.ddc
/home/ICer/synopsys_cache_O-2018.06-SP1/DW01/DW01_add/rpl/32/saed14rvt_ss0p6vm40c_1620/element.ddc
/home/ICer/synopsys_cache_O-2018.06-SP1/DW01/DW01_add/rpl/37/saed14rvt_ss0p6vm40c_1620/element.ddc
/home/ICer/synopsys_cache_O-2018.06-SP1/DW01/DW01_sub/rpl/32/saed14rvt_ss0p6vm40c_1620/element.ddc
/home/ICer/synopsys_cache_O-2018.06-SP1/DW01/DW01_cmp6/rpl/32/saed14rvt_ss0p6vm40c_1620/element.ddc
/home/ICer/synopsys_cache_O-2018.06-SP1/DW01/DW01_cmp6/rpl/6/saed14rvt_ss0p6vm40c_1620/element.ddc
/home/ICer/synopsys_cache_O-2018.06-SP1/DW01/DW01_dec/rpl/32/saed14rvt_ss0p6vm40c_1620/element.ddc
/home/ICer/synopsys_cache_O-2018.06-SP1/DW01/DW01_inc/rpl/30/saed14rvt_ss0p6vm40c_1620/element.ddc
/home/ICer/synopsys_cache_O-2018.06-SP1/DW01/DW01_add/rpl/32/saed14rvt_ss0p6vm40c_1620_8167_3/element.ddc
/home/ICer/synopsys_cache_O-2018.06-SP1/DW01/DW01_add/cla/32/saed14rvt_ss0p6vm40c_1620_8167_3/element.ddc
/home/ICer/synopsys_cache_O-2018.06-SP1/DW02/DW02_mult/csa/32/1/saed14rvt_ss0p6vm40c_1620_8167_3/element.ddc
/home/ICer/synopsys_cache_O-2018.06-SP1/DW01/DW01_add/rpl/3/saed14rvt_ss0p6vm40c_1620_8167_3/element.ddc
/home/ICer/synopsys_cache_O-2018.06-SP1/DW01/DW01_add/cla/3/saed14rvt_ss0p6vm40c_1620_8167_3/element.ddc
/home/ICer/synopsys_cache_O-2018.06-SP1/DW01/DW01_add/rpl/2/saed14rvt_ss0p6vm40c_1620_8167_3/element.ddc
/home/ICer/synopsys_cache_O-2018.06-SP1/DW01/DW01_add/cla/2/saed14rvt_ss0p6vm40c_1620_8167_3/element.ddc
/home/ICer/synopsys_cache_O-2018.06-SP1/DW01/DW01_add/rpl/4/saed14rvt_ss0p6vm40c_1620_8167_3/element.ddc
/home/ICer/synopsys_cache_O-2018.06-SP1/DW01/DW01_add/cla/4/saed14rvt_ss0p6vm40c_1620_8167_3/element.ddc
/home/ICer/synopsys_cache_O-2018.06-SP1/DW01/DW01_add/rpl/5/saed14rvt_ss0p6vm40c_1620_8167_3/element.ddc
/home/ICer/synopsys_cache_O-2018.06-SP1/DW01/DW01_add/cla/5/saed14rvt_ss0p6vm40c_1620_8167_3/element.ddc
/home/ICer/synopsys_cache_O-2018.06-SP1/DW01/DW01_add/rpl/6/saed14rvt_ss0p6vm40c_1620_8167_3/element.ddc
/home/ICer/synopsys_cache_O-2018.06-SP1/DW01/DW01_add/cla/6/saed14rvt_ss0p6vm40c_1620_8167_3/element.ddc
/home/ICer/synopsys_cache_O-2018.06-SP1/DW02/DW02_mult/csa/17/17/saed14rvt_ss0p6vm40c_1620_8167_3/element.ddc
/home/ICer/synopsys_cache_O-2018.06-SP1/DW01/DW01_add/rpl/20/saed14rvt_ss0p6vm40c_1620_8167_3/element.ddc
/home/ICer/synopsys_cache_O-2018.06-SP1/DW01/DW01_add/cla/20/saed14rvt_ss0p6vm40c_1620_8167_3/element.ddc
/home/ICer/synopsys_cache_O-2018.06-SP1/DW01/DW01_add/rpl/19/saed14rvt_ss0p6vm40c_1620_8167_3/element.ddc
/home/ICer/synopsys_cache_O-2018.06-SP1/DW01/DW01_add/cla/19/saed14rvt_ss0p6vm40c_1620_8167_3/element.ddc
/home/ICer/synopsys_cache_O-2018.06-SP1/DW02/DW02_mult/csa/9/9/saed14rvt_ss0p6vm40c_1620_8167_3/element.ddc
/home/ICer/synopsys_cache_O-2018.06-SP1/DW02/DW02_mult/csa/32/32/saed14rvt_ss0p6vm40c_1620_8167_3/element.ddc
/home/ICer/synopsys_cache_O-2018.06-SP1/DW01/DW01_add/rpl/34/saed14rvt_ss0p6vm40c_1620_8167_3/element.ddc
/home/ICer/synopsys_cache_O-2018.06-SP1/DW01/DW01_add/cla/34/saed14rvt_ss0p6vm40c_1620_8167_3/element.ddc
/home/ICer/synopsys_cache_O-2018.06-SP1/DW02/DW02_mult/csa/32/1/saed14rvt_ss0p6vm40c_1620/element.ddc
/home/ICer/synopsys_cache_O-2018.06-SP1/DW01/DW01_add/rpl/3/saed14rvt_ss0p6vm40c_1620/element.ddc
/home/ICer/synopsys_cache_O-2018.06-SP1/DW01/DW01_add/rpl/4/saed14rvt_ss0p6vm40c_1620/element.ddc
/home/ICer/synopsys_cache_O-2018.06-SP1/DW01/DW01_add/rpl/5/saed14rvt_ss0p6vm40c_1620/element.ddc
/home/ICer/synopsys_cache_O-2018.06-SP1/DW01/DW01_add/rpl/2/saed14rvt_ss0p6vm40c_1620/element.ddc
/home/ICer/synopsys_cache_O-2018.06-SP1/DW02/DW02_mult/csa/17/17/saed14rvt_ss0p6vm40c_1620/element.ddc
/home/ICer/synopsys_cache_O-2018.06-SP1/DW01/DW01_add/cla/32/saed14rvt_ss0p6vm40c_1620/element.ddc
/home/ICer/synopsys_cache_O-2018.06-SP1/DW01/DW01_add/rpl/19/saed14rvt_ss0p6vm40c_1620/element.ddc
/home/ICer/synopsys_cache_O-2018.06-SP1/DW01/DW01_add/rpl/20/saed14rvt_ss0p6vm40c_1620/element.ddc
/home/ICer/synopsys_cache_O-2018.06-SP1/DW02/DW02_mult/csa/9/9/saed14rvt_ss0p6vm40c_1620/element.ddc
/home/ICer/synopsys_cache_O-2018.06-SP1/DW01/DW01_add/cla/16/saed14rvt_ss0p6vm40c_1620/element.ddc
/home/ICer/synopsys_cache_O-2018.06-SP1/DW02/DW02_mult/csa/32/32/saed14rvt_ss0p6vm40c_1620/element.ddc
/home/ICer/synopsys_cache_O-2018.06-SP1/DW01/DW01_add/cla/62/saed14rvt_ss0p6vm40c_1620/element.ddc
/home/ICer/synopsys_cache_O-2018.06-SP1/DW01/DW01_add/rpl/34/saed14rvt_ss0p6vm40c_1620/element.ddc
/mnt/hgfs/SAED14nm_EDK_CORE_RVT_v_062020/stdcell_rvt/db_nldm/saed14rvt_ff0p88v25c.db
/mnt/hgfs/SAED14nm_EDK_CORE_RVT_v_062020/stdcell_rvt/db_nldm/saed14rvt_ss0p6vm40c.db
/mnt/hgfs/SAED14nm_EDK_CORE_RVT_v_062020/stdcell_rvt/db_nldm/saed14rvt_ss0p6vm40c.db
