#@ # 
#@ # Running icc2_lm_shell Version O-2018.06-SP1 for linux64 -- Jul 17, 2018
#@ # Date:   Sat Mar  2 20:26:22 2024
#@ # Run by: ICer@IC_EDA
#@ 

start_gui
gui_set_pref_value -category {SelectByNamePalette} -key {ObjectType} -value {Logical Cells}
open_lib /mnt/hgfs/Gp_CV32e40p/ASIC-Implementauion-of-CV32E40S-RISC-V-core-/CLIB_created/CLIBs/saed14rvt_c.ndm
change_selection [get_lib_cells -include_subcells {saed14rvt_ss0p6vm40c/SAEDRVT14_OAI22_0P5/frame}]
current_block saed14rvt_ss0p6vm40c:SAEDRVT14_OAI22_0P5.frame
win_set_filter -visible -class cell -filter {hard_macro_margin hard_margin route_blockage_margin soft_margin}
win_set_filter -visible -class placement_blockage -filter {wiring} -layer {0-73}
win_set_filter -expand_cell_types {soft_macro  }
win_set_select_class -visible {cell port bound routing_blockage shaping_blockage pg_region pin_blockage block_shielding topology_node topology_edge core_area die_area edit_group shape via terminal fill_cell placement_blockage }
win_set_filter -class cell -filter {cell_array hard_macro_margin hard_margin route_blockage_margin soft_margin}
win_set_filter -class placement_blockage -filter {wiring} -layer {0-73}
win_set_select_class {cell port bound routing_blockage shaping_blockage pg_region pin_blockage topology_node topology_edge edit_group shape via placement_blockage }
gui_zoom -window [gui_get_current_window -types Layout -view] -factor 0.5 -at_point {0.589 0.289}
gui_zoom -window [gui_get_current_window -types Layout -view] -factor 0.5 -at_point {0.590 0.289}
gui_zoom -window [gui_get_current_window -types Layout -view] -factor 2 -at_point {0.606 0.286}
gui_zoom -window [gui_get_current_window -types Layout -view] -factor 2 -at_point {0.599 0.286}
change_selection [get_lib_cells -include_subcells {saed14rvt_ss0p6vm40c/SAEDRVT14_INV_4/frame}]
current_block saed14rvt_ss0p6vm40c:SAEDRVT14_INV_4.frame
set_working_design_stack saed14rvt_ss0p6vm40c:SAEDRVT14_OAI22_0P5.frame
set_working_design_stack saed14rvt_ss0p6vm40c:SAEDRVT14_INV_4.frame
set_working_design_stack saed14rvt_ss0p6vm40c:SAEDRVT14_OAI22_0P5.frame
change_selection [get_lib_cells -include_subcells {saed14rvt_ss0p6vm40c/SAEDRVT14_INV_PS_1/frame}]
current_block saed14rvt_ss0p6vm40c:SAEDRVT14_INV_PS_1.frame
gui_zoom -window [gui_get_current_window -types Layout -view] -factor 0.5 -at_point {0.221 0.099}
gui_zoom -window [gui_get_current_window -types Layout -view] -factor 2 -at_point {0.296 0.134}
gui_zoom -window [gui_get_current_window -types Layout -view] -factor 0.5 -at_point {0.427 0.198}
set_working_design_stack saed14rvt_ss0p6vm40c:SAEDRVT14_OAI22_0P5.frame
set_working_design_stack saed14rvt_ss0p6vm40c:SAEDRVT14_INV_PS_1.frame
gui_zoom -window [gui_get_current_window -types Layout -view] -factor 2 -at_point {0.307 -0.145}
gui_zoom -window [gui_get_current_window -types Layout -view] -factor 0.5 -at_point {0.281 -0.067}
gui_zoom -window [gui_get_current_window -types Layout -view] -factor 2 -at_point {0.075 0.542}
gui_zoom -window [gui_get_current_window -types Layout -view] -factor 0.5 -at_point {0.075 0.542}
gui_zoom -window [gui_get_current_window -types Layout -view] -factor 2 -at_point {-0.018 -0.092}
gui_zoom -window [gui_get_current_window -types Layout -view] -factor 0.5 -at_point {0.180 0.275}
gui_zoom -window [gui_get_current_window -types Layout -view] -factor 2 -at_point {0.292 0.482}
set_working_design_stack saed14rvt_ss0p6vm40c:SAEDRVT14_OAI22_0P5.frame
set_working_design_stack saed14rvt_ss0p6vm40c:SAEDRVT14_INV_PS_1.frame
source /mnt/hgfs/Gp_CV32e40p/ASIC-Implementauion-of-CV32E40S-RISC-V-core-/2-Floorplan/scripts/proc_block.tcl
source /mnt/hgfs/Gp_CV32e40p/ASIC-Implementauion-of-CV32E40S-RISC-V-core-/2-Floorplan/scripts/common_setup.tcl
set dir "/mnt/hgfs/Gp_CV32e40p/ASIC-Implementauion-of-CV32E40S-RISC-V-core-/report"
####################################################################################
###################################   FLOORPLAN   ##################################
############################
